CRITICAL - 2020-10-08 00:29:31 --> Undefined property: stdClass::$data
#0 C:\xampp\htdocs\kibar-cms\app\Views\club\index.php(197): CodeIgniter\Debug\Exceptions->errorHandler(8, 'Undefined prope...', 'C:\\xampp\\htdocs...', 197, Array)
#1 C:\xampp\htdocs\kibar-cms\system\View\View.php(246): include('C:\\xampp\\htdocs...')
#2 C:\xampp\htdocs\kibar-cms\system\Common.php(1087): CodeIgniter\View\View->render('club/index', Array, true)
#3 C:\xampp\htdocs\kibar-cms\app\Controllers\Admin\Club\Club.php(16): view('club/index', Array)
#4 C:\xampp\htdocs\kibar-cms\system\CodeIgniter.php(914): App\Controllers\Admin\Club\Club->index()
#5 C:\xampp\htdocs\kibar-cms\system\CodeIgniter.php(400): CodeIgniter\CodeIgniter->runController(Object(App\Controllers\Admin\Club\Club))
#6 C:\xampp\htdocs\kibar-cms\system\CodeIgniter.php(308): CodeIgniter\CodeIgniter->handleRequest(NULL, Object(Config\Cache), false)
#7 C:\xampp\htdocs\kibar-cms\index.php(45): CodeIgniter\CodeIgniter->run()
#8 {main}
CRITICAL - 2020-10-08 00:29:36 --> Undefined property: stdClass::$report
#0 C:\xampp\htdocs\kibar-cms\app\Views\transaction\paid.php(43): CodeIgniter\Debug\Exceptions->errorHandler(8, 'Undefined prope...', 'C:\\xampp\\htdocs...', 43, Array)
#1 C:\xampp\htdocs\kibar-cms\system\View\View.php(246): include('C:\\xampp\\htdocs...')
#2 C:\xampp\htdocs\kibar-cms\system\Common.php(1087): CodeIgniter\View\View->render('transaction/pai...', Array, true)
#3 C:\xampp\htdocs\kibar-cms\app\Controllers\Admin\Transaction\Transaction.php(29): view('transaction/pai...', Array)
#4 C:\xampp\htdocs\kibar-cms\system\CodeIgniter.php(914): App\Controllers\Admin\Transaction\Transaction->paid()
#5 C:\xampp\htdocs\kibar-cms\system\CodeIgniter.php(400): CodeIgniter\CodeIgniter->runController(Object(App\Controllers\Admin\Transaction\Transaction))
#6 C:\xampp\htdocs\kibar-cms\system\CodeIgniter.php(308): CodeIgniter\CodeIgniter->handleRequest(NULL, Object(Config\Cache), false)
#7 C:\xampp\htdocs\kibar-cms\index.php(45): CodeIgniter\CodeIgniter->run()
#8 {main}
CRITICAL - 2020-10-08 00:29:38 --> Undefined property: stdClass::$report
#0 C:\xampp\htdocs\kibar-cms\app\Views\transaction\index.php(43): CodeIgniter\Debug\Exceptions->errorHandler(8, 'Undefined prope...', 'C:\\xampp\\htdocs...', 43, Array)
#1 C:\xampp\htdocs\kibar-cms\system\View\View.php(246): include('C:\\xampp\\htdocs...')
#2 C:\xampp\htdocs\kibar-cms\system\Common.php(1087): CodeIgniter\View\View->render('transaction/ind...', Array, true)
#3 C:\xampp\htdocs\kibar-cms\app\Controllers\Admin\Transaction\Transaction.php(19): view('transaction/ind...', Array)
#4 C:\xampp\htdocs\kibar-cms\system\CodeIgniter.php(914): App\Controllers\Admin\Transaction\Transaction->index()
#5 C:\xampp\htdocs\kibar-cms\system\CodeIgniter.php(400): CodeIgniter\CodeIgniter->runController(Object(App\Controllers\Admin\Transaction\Transaction))
#6 C:\xampp\htdocs\kibar-cms\system\CodeIgniter.php(308): CodeIgniter\CodeIgniter->handleRequest(NULL, Object(Config\Cache), false)
#7 C:\xampp\htdocs\kibar-cms\index.php(45): CodeIgniter\CodeIgniter->run()
#8 {main}
CRITICAL - 2020-10-08 00:29:39 --> Undefined property: stdClass::$data
#0 C:\xampp\htdocs\kibar-cms\app\Views\club\index.php(197): CodeIgniter\Debug\Exceptions->errorHandler(8, 'Undefined prope...', 'C:\\xampp\\htdocs...', 197, Array)
#1 C:\xampp\htdocs\kibar-cms\system\View\View.php(246): include('C:\\xampp\\htdocs...')
#2 C:\xampp\htdocs\kibar-cms\system\Common.php(1087): CodeIgniter\View\View->render('club/index', Array, true)
#3 C:\xampp\htdocs\kibar-cms\app\Controllers\Admin\Club\Club.php(16): view('club/index', Array)
#4 C:\xampp\htdocs\kibar-cms\system\CodeIgniter.php(914): App\Controllers\Admin\Club\Club->index()
#5 C:\xampp\htdocs\kibar-cms\system\CodeIgniter.php(400): CodeIgniter\CodeIgniter->runController(Object(App\Controllers\Admin\Club\Club))
#6 C:\xampp\htdocs\kibar-cms\system\CodeIgniter.php(308): CodeIgniter\CodeIgniter->handleRequest(NULL, Object(Config\Cache), false)
#7 C:\xampp\htdocs\kibar-cms\index.php(45): CodeIgniter\CodeIgniter->run()
#8 {main}
CRITICAL - 2020-10-08 00:40:44 --> Undefined property: stdClass::$data
#0 C:\xampp\htdocs\kibar-cms\app\Views\club\index.php(197): CodeIgniter\Debug\Exceptions->errorHandler(8, 'Undefined prope...', 'C:\\xampp\\htdocs...', 197, Array)
#1 C:\xampp\htdocs\kibar-cms\system\View\View.php(246): include('C:\\xampp\\htdocs...')
#2 C:\xampp\htdocs\kibar-cms\system\Common.php(1087): CodeIgniter\View\View->render('club/index', Array, true)
#3 C:\xampp\htdocs\kibar-cms\app\Controllers\Admin\Club\Club.php(16): view('club/index', Array)
#4 C:\xampp\htdocs\kibar-cms\system\CodeIgniter.php(914): App\Controllers\Admin\Club\Club->index()
#5 C:\xampp\htdocs\kibar-cms\system\CodeIgniter.php(400): CodeIgniter\CodeIgniter->runController(Object(App\Controllers\Admin\Club\Club))
#6 C:\xampp\htdocs\kibar-cms\system\CodeIgniter.php(308): CodeIgniter\CodeIgniter->handleRequest(NULL, Object(Config\Cache), false)
#7 C:\xampp\htdocs\kibar-cms\index.php(45): CodeIgniter\CodeIgniter->run()
#8 {main}
CRITICAL - 2020-10-08 09:59:56 --> Invalid file: club/index.php
#0 C:\xampp\htdocs\kibar-cms\system\View\View.php(228): CodeIgniter\Exceptions\FrameworkException::forInvalidFile('club/index.php')
#1 C:\xampp\htdocs\kibar-cms\system\Common.php(1087): CodeIgniter\View\View->render('club/index', Array, true)
#2 C:\xampp\htdocs\kibar-cms\app\Controllers\Admin\Daerah\Daerah.php(16): view('club/index', Array)
#3 C:\xampp\htdocs\kibar-cms\system\CodeIgniter.php(914): App\Controllers\Admin\Daerah\Daerah->index()
#4 C:\xampp\htdocs\kibar-cms\system\CodeIgniter.php(400): CodeIgniter\CodeIgniter->runController(Object(App\Controllers\Admin\Daerah\Daerah))
#5 C:\xampp\htdocs\kibar-cms\system\CodeIgniter.php(308): CodeIgniter\CodeIgniter->handleRequest(NULL, Object(Config\Cache), false)
#6 C:\xampp\htdocs\kibar-cms\index.php(45): CodeIgniter\CodeIgniter->run()
#7 {main}
CRITICAL - 2020-10-08 10:00:54 --> Invalid file: club/index.php
#0 C:\xampp\htdocs\kibar-cms\system\View\View.php(228): CodeIgniter\Exceptions\FrameworkException::forInvalidFile('club/index.php')
#1 C:\xampp\htdocs\kibar-cms\system\Common.php(1087): CodeIgniter\View\View->render('club/index', Array, true)
#2 C:\xampp\htdocs\kibar-cms\app\Controllers\Admin\Daerah\Daerah.php(16): view('club/index', Array)
#3 C:\xampp\htdocs\kibar-cms\system\CodeIgniter.php(914): App\Controllers\Admin\Daerah\Daerah->index()
#4 C:\xampp\htdocs\kibar-cms\system\CodeIgniter.php(400): CodeIgniter\CodeIgniter->runController(Object(App\Controllers\Admin\Daerah\Daerah))
#5 C:\xampp\htdocs\kibar-cms\system\CodeIgniter.php(308): CodeIgniter\CodeIgniter->handleRequest(NULL, Object(Config\Cache), false)
#6 C:\xampp\htdocs\kibar-cms\index.php(45): CodeIgniter\CodeIgniter->run()
#7 {main}
CRITICAL - 2020-10-08 10:04:02 --> Undefined variable: clubs
#0 C:\xampp\htdocs\kibar-cms\app\Views\club\provinsi.php(197): CodeIgniter\Debug\Exceptions->errorHandler(8, 'Undefined varia...', 'C:\\xampp\\htdocs...', 197, Array)
#1 C:\xampp\htdocs\kibar-cms\system\View\View.php(246): include('C:\\xampp\\htdocs...')
#2 C:\xampp\htdocs\kibar-cms\system\Common.php(1087): CodeIgniter\View\View->render('club/provinsi', Array, true)
#3 C:\xampp\htdocs\kibar-cms\app\Controllers\Admin\Club\Club.php(24): view('club/provinsi', Array)
#4 C:\xampp\htdocs\kibar-cms\system\CodeIgniter.php(914): App\Controllers\Admin\Club\Club->provinsi()
#5 C:\xampp\htdocs\kibar-cms\system\CodeIgniter.php(400): CodeIgniter\CodeIgniter->runController(Object(App\Controllers\Admin\Club\Club))
#6 C:\xampp\htdocs\kibar-cms\system\CodeIgniter.php(308): CodeIgniter\CodeIgniter->handleRequest(NULL, Object(Config\Cache), false)
#7 C:\xampp\htdocs\kibar-cms\index.php(45): CodeIgniter\CodeIgniter->run()
#8 {main}
CRITICAL - 2020-10-08 10:04:26 --> Undefined property: stdClass::$data
#0 C:\xampp\htdocs\kibar-cms\app\Views\club\provinsi.php(197): CodeIgniter\Debug\Exceptions->errorHandler(8, 'Undefined prope...', 'C:\\xampp\\htdocs...', 197, Array)
#1 C:\xampp\htdocs\kibar-cms\system\View\View.php(246): include('C:\\xampp\\htdocs...')
#2 C:\xampp\htdocs\kibar-cms\system\Common.php(1087): CodeIgniter\View\View->render('club/provinsi', Array, true)
#3 C:\xampp\htdocs\kibar-cms\app\Controllers\Admin\Club\Club.php(24): view('club/provinsi', Array)
#4 C:\xampp\htdocs\kibar-cms\system\CodeIgniter.php(914): App\Controllers\Admin\Club\Club->provinsi()
#5 C:\xampp\htdocs\kibar-cms\system\CodeIgniter.php(400): CodeIgniter\CodeIgniter->runController(Object(App\Controllers\Admin\Club\Club))
#6 C:\xampp\htdocs\kibar-cms\system\CodeIgniter.php(308): CodeIgniter\CodeIgniter->handleRequest(NULL, Object(Config\Cache), false)
#7 C:\xampp\htdocs\kibar-cms\index.php(45): CodeIgniter\CodeIgniter->run()
#8 {main}
CRITICAL - 2020-10-08 10:05:17 --> Trying to get property 'name' of non-object
#0 C:\xampp\htdocs\kibar-cms\app\Views\club\provinsi.php(199): CodeIgniter\Debug\Exceptions->errorHandler(8, 'Trying to get p...', 'C:\\xampp\\htdocs...', 199, Array)
#1 C:\xampp\htdocs\kibar-cms\system\View\View.php(246): include('C:\\xampp\\htdocs...')
#2 C:\xampp\htdocs\kibar-cms\system\Common.php(1087): CodeIgniter\View\View->render('club/provinsi', Array, true)
#3 C:\xampp\htdocs\kibar-cms\app\Controllers\Admin\Club\Club.php(24): view('club/provinsi', Array)
#4 C:\xampp\htdocs\kibar-cms\system\CodeIgniter.php(914): App\Controllers\Admin\Club\Club->provinsi()
#5 C:\xampp\htdocs\kibar-cms\system\CodeIgniter.php(400): CodeIgniter\CodeIgniter->runController(Object(App\Controllers\Admin\Club\Club))
#6 C:\xampp\htdocs\kibar-cms\system\CodeIgniter.php(308): CodeIgniter\CodeIgniter->handleRequest(NULL, Object(Config\Cache), false)
#7 C:\xampp\htdocs\kibar-cms\index.php(45): CodeIgniter\CodeIgniter->run()
#8 {main}
CRITICAL - 2020-10-08 10:05:43 --> Undefined property: stdClass::$branch
#0 C:\xampp\htdocs\kibar-cms\app\Views\club\provinsi.php(197): CodeIgniter\Debug\Exceptions->errorHandler(8, 'Undefined prope...', 'C:\\xampp\\htdocs...', 197, Array)
#1 C:\xampp\htdocs\kibar-cms\system\View\View.php(246): include('C:\\xampp\\htdocs...')
#2 C:\xampp\htdocs\kibar-cms\system\Common.php(1087): CodeIgniter\View\View->render('club/provinsi', Array, true)
#3 C:\xampp\htdocs\kibar-cms\app\Controllers\Admin\Club\Club.php(24): view('club/provinsi', Array)
#4 C:\xampp\htdocs\kibar-cms\system\CodeIgniter.php(914): App\Controllers\Admin\Club\Club->provinsi()
#5 C:\xampp\htdocs\kibar-cms\system\CodeIgniter.php(400): CodeIgniter\CodeIgniter->runController(Object(App\Controllers\Admin\Club\Club))
#6 C:\xampp\htdocs\kibar-cms\system\CodeIgniter.php(308): CodeIgniter\CodeIgniter->handleRequest(NULL, Object(Config\Cache), false)
#7 C:\xampp\htdocs\kibar-cms\index.php(45): CodeIgniter\CodeIgniter->run()
#8 {main}
CRITICAL - 2020-10-08 10:34:52 --> syntax error, unexpected '$fields2' (T_VARIABLE), expecting function (T_FUNCTION) or const (T_CONST)
#0 C:\xampp\htdocs\kibar-cms\system\Autoloader\Autoloader.php(296): CodeIgniter\Autoloader\Autoloader->requireFile('C:\\xampp\\htdocs...')
#1 C:\xampp\htdocs\kibar-cms\system\Autoloader\Autoloader.php(258): CodeIgniter\Autoloader\Autoloader->loadInNamespace('App\\Controllers...')
#2 [internal function]: CodeIgniter\Autoloader\Autoloader->loadClass('App\\Controllers...')
#3 [internal function]: spl_autoload_call('App\\Controllers...')
#4 C:\xampp\htdocs\kibar-cms\system\CodeIgniter.php(865): class_exists('\\App\\Controller...', true)
#5 C:\xampp\htdocs\kibar-cms\system\CodeIgniter.php(390): CodeIgniter\CodeIgniter->startController()
#6 C:\xampp\htdocs\kibar-cms\system\CodeIgniter.php(308): CodeIgniter\CodeIgniter->handleRequest(NULL, Object(Config\Cache), false)
#7 C:\xampp\htdocs\kibar-cms\index.php(45): CodeIgniter\CodeIgniter->run()
#8 {main}
CRITICAL - 2020-10-08 11:04:51 --> syntax error, unexpected '?>'
#0 C:\xampp\htdocs\kibar-cms\system\Common.php(1087): CodeIgniter\View\View->render('club/index', Array, true)
#1 C:\xampp\htdocs\kibar-cms\app\Controllers\Admin\Club\Club.php(16): view('club/index', Array)
#2 C:\xampp\htdocs\kibar-cms\system\CodeIgniter.php(914): App\Controllers\Admin\Club\Club->index()
#3 C:\xampp\htdocs\kibar-cms\system\CodeIgniter.php(400): CodeIgniter\CodeIgniter->runController(Object(App\Controllers\Admin\Club\Club))
#4 C:\xampp\htdocs\kibar-cms\system\CodeIgniter.php(308): CodeIgniter\CodeIgniter->handleRequest(NULL, Object(Config\Cache), false)
#5 C:\xampp\htdocs\kibar-cms\index.php(45): CodeIgniter\CodeIgniter->run()
#6 {main}
CRITICAL - 2020-10-08 11:23:57 --> Call to undefined function parent()
#0 C:\xampp\htdocs\kibar-cms\system\View\View.php(246): include()
#1 C:\xampp\htdocs\kibar-cms\system\Common.php(1087): CodeIgniter\View\View->render('club/index', Array, true)
#2 C:\xampp\htdocs\kibar-cms\app\Controllers\Admin\Club\Club.php(16): view('club/index', Array)
#3 C:\xampp\htdocs\kibar-cms\system\CodeIgniter.php(914): App\Controllers\Admin\Club\Club->index()
#4 C:\xampp\htdocs\kibar-cms\system\CodeIgniter.php(400): CodeIgniter\CodeIgniter->runController(Object(App\Controllers\Admin\Club\Club))
#5 C:\xampp\htdocs\kibar-cms\system\CodeIgniter.php(308): CodeIgniter\CodeIgniter->handleRequest(NULL, Object(Config\Cache), false)
#6 C:\xampp\htdocs\kibar-cms\index.php(45): CodeIgniter\CodeIgniter->run()
#7 {main}
CRITICAL - 2020-10-08 12:00:44 --> Trying to get property 'root' of non-object
#0 C:\xampp\htdocs\kibar-cms\app\Controllers\Admin\Club\Club.php(111): CodeIgniter\Debug\Exceptions->errorHandler(8, 'Trying to get p...', 'C:\\xampp\\htdocs...', 111, Array)
#1 C:\xampp\htdocs\kibar-cms\system\CodeIgniter.php(914): App\Controllers\Admin\Club\Club->get_datatables('c4acd053-0ede-4...')
#2 C:\xampp\htdocs\kibar-cms\system\CodeIgniter.php(400): CodeIgniter\CodeIgniter->runController(Object(App\Controllers\Admin\Club\Club))
#3 C:\xampp\htdocs\kibar-cms\system\CodeIgniter.php(308): CodeIgniter\CodeIgniter->handleRequest(NULL, Object(Config\Cache), false)
#4 C:\xampp\htdocs\kibar-cms\index.php(45): CodeIgniter\CodeIgniter->run()
#5 {main}
CRITICAL - 2020-10-08 12:01:02 --> Trying to get property 'root' of non-object
#0 C:\xampp\htdocs\kibar-cms\app\Controllers\Admin\Club\Club.php(111): CodeIgniter\Debug\Exceptions->errorHandler(8, 'Trying to get p...', 'C:\\xampp\\htdocs...', 111, Array)
#1 C:\xampp\htdocs\kibar-cms\system\CodeIgniter.php(914): App\Controllers\Admin\Club\Club->get_datatables('c4acd053-0ede-4...')
#2 C:\xampp\htdocs\kibar-cms\system\CodeIgniter.php(400): CodeIgniter\CodeIgniter->runController(Object(App\Controllers\Admin\Club\Club))
#3 C:\xampp\htdocs\kibar-cms\system\CodeIgniter.php(308): CodeIgniter\CodeIgniter->handleRequest(NULL, Object(Config\Cache), false)
#4 C:\xampp\htdocs\kibar-cms\index.php(45): CodeIgniter\CodeIgniter->run()
#5 {main}
CRITICAL - 2020-10-08 12:05:54 --> Trying to get property 'root' of non-object
#0 C:\xampp\htdocs\kibar-cms\app\Controllers\Admin\Club\Club.php(111): CodeIgniter\Debug\Exceptions->errorHandler(8, 'Trying to get p...', 'C:\\xampp\\htdocs...', 111, Array)
#1 C:\xampp\htdocs\kibar-cms\system\CodeIgniter.php(914): App\Controllers\Admin\Club\Club->get_datatables('c4acd053-0ede-4...')
#2 C:\xampp\htdocs\kibar-cms\system\CodeIgniter.php(400): CodeIgniter\CodeIgniter->runController(Object(App\Controllers\Admin\Club\Club))
#3 C:\xampp\htdocs\kibar-cms\system\CodeIgniter.php(308): CodeIgniter\CodeIgniter->handleRequest(NULL, Object(Config\Cache), false)
#4 C:\xampp\htdocs\kibar-cms\index.php(45): CodeIgniter\CodeIgniter->run()
#5 {main}
CRITICAL - 2020-10-08 12:18:21 --> Trying to get property 'root' of non-object
#0 C:\xampp\htdocs\kibar-cms\app\Controllers\Admin\Club\Club.php(111): CodeIgniter\Debug\Exceptions->errorHandler(8, 'Trying to get p...', 'C:\\xampp\\htdocs...', 111, Array)
#1 C:\xampp\htdocs\kibar-cms\system\CodeIgniter.php(914): App\Controllers\Admin\Club\Club->get_datatables('8bc74d4c-c0a8-4...')
#2 C:\xampp\htdocs\kibar-cms\system\CodeIgniter.php(400): CodeIgniter\CodeIgniter->runController(Object(App\Controllers\Admin\Club\Club))
#3 C:\xampp\htdocs\kibar-cms\system\CodeIgniter.php(308): CodeIgniter\CodeIgniter->handleRequest(NULL, Object(Config\Cache), false)
#4 C:\xampp\htdocs\kibar-cms\index.php(45): CodeIgniter\CodeIgniter->run()
#5 {main}
CRITICAL - 2020-10-08 12:18:24 --> Trying to get property 'root' of non-object
#0 C:\xampp\htdocs\kibar-cms\app\Controllers\Admin\Club\Club.php(111): CodeIgniter\Debug\Exceptions->errorHandler(8, 'Trying to get p...', 'C:\\xampp\\htdocs...', 111, Array)
#1 C:\xampp\htdocs\kibar-cms\system\CodeIgniter.php(914): App\Controllers\Admin\Club\Club->get_datatables('c4acd053-0ede-4...')
#2 C:\xampp\htdocs\kibar-cms\system\CodeIgniter.php(400): CodeIgniter\CodeIgniter->runController(Object(App\Controllers\Admin\Club\Club))
#3 C:\xampp\htdocs\kibar-cms\system\CodeIgniter.php(308): CodeIgniter\CodeIgniter->handleRequest(NULL, Object(Config\Cache), false)
#4 C:\xampp\htdocs\kibar-cms\index.php(45): CodeIgniter\CodeIgniter->run()
#5 {main}
CRITICAL - 2020-10-08 12:19:06 --> Trying to get property 'root' of non-object
#0 C:\xampp\htdocs\kibar-cms\app\Controllers\Admin\Club\Club.php(111): CodeIgniter\Debug\Exceptions->errorHandler(8, 'Trying to get p...', 'C:\\xampp\\htdocs...', 111, Array)
#1 C:\xampp\htdocs\kibar-cms\system\CodeIgniter.php(914): App\Controllers\Admin\Club\Club->get_datatables('8bc74d4c-c0a8-4...')
#2 C:\xampp\htdocs\kibar-cms\system\CodeIgniter.php(400): CodeIgniter\CodeIgniter->runController(Object(App\Controllers\Admin\Club\Club))
#3 C:\xampp\htdocs\kibar-cms\system\CodeIgniter.php(308): CodeIgniter\CodeIgniter->handleRequest(NULL, Object(Config\Cache), false)
#4 C:\xampp\htdocs\kibar-cms\index.php(45): CodeIgniter\CodeIgniter->run()
#5 {main}
CRITICAL - 2020-10-08 12:20:50 --> Trying to get property 'root' of non-object
#0 C:\xampp\htdocs\kibar-cms\app\Controllers\Admin\Club\Club.php(111): CodeIgniter\Debug\Exceptions->errorHandler(8, 'Trying to get p...', 'C:\\xampp\\htdocs...', 111, Array)
#1 C:\xampp\htdocs\kibar-cms\system\CodeIgniter.php(914): App\Controllers\Admin\Club\Club->get_datatables('c4acd053-0ede-4...')
#2 C:\xampp\htdocs\kibar-cms\system\CodeIgniter.php(400): CodeIgniter\CodeIgniter->runController(Object(App\Controllers\Admin\Club\Club))
#3 C:\xampp\htdocs\kibar-cms\system\CodeIgniter.php(308): CodeIgniter\CodeIgniter->handleRequest(NULL, Object(Config\Cache), false)
#4 C:\xampp\htdocs\kibar-cms\index.php(45): CodeIgniter\CodeIgniter->run()
#5 {main}
CRITICAL - 2020-10-08 12:22:28 --> Trying to get property 'root' of non-object
#0 C:\xampp\htdocs\kibar-cms\app\Controllers\Admin\Club\Club.php(111): CodeIgniter\Debug\Exceptions->errorHandler(8, 'Trying to get p...', 'C:\\xampp\\htdocs...', 111, Array)
#1 C:\xampp\htdocs\kibar-cms\system\CodeIgniter.php(914): App\Controllers\Admin\Club\Club->get_datatables('c4acd053-0ede-4...')
#2 C:\xampp\htdocs\kibar-cms\system\CodeIgniter.php(400): CodeIgniter\CodeIgniter->runController(Object(App\Controllers\Admin\Club\Club))
#3 C:\xampp\htdocs\kibar-cms\system\CodeIgniter.php(308): CodeIgniter\CodeIgniter->handleRequest(NULL, Object(Config\Cache), false)
#4 C:\xampp\htdocs\kibar-cms\index.php(45): CodeIgniter\CodeIgniter->run()
#5 {main}
CRITICAL - 2020-10-08 12:24:28 --> Trying to get property 'root' of non-object
#0 C:\xampp\htdocs\kibar-cms\app\Controllers\Admin\Club\Club.php(111): CodeIgniter\Debug\Exceptions->errorHandler(8, 'Trying to get p...', 'C:\\xampp\\htdocs...', 111, Array)
#1 C:\xampp\htdocs\kibar-cms\system\CodeIgniter.php(914): App\Controllers\Admin\Club\Club->get_datatables('c4acd053-0ede-4...')
#2 C:\xampp\htdocs\kibar-cms\system\CodeIgniter.php(400): CodeIgniter\CodeIgniter->runController(Object(App\Controllers\Admin\Club\Club))
#3 C:\xampp\htdocs\kibar-cms\system\CodeIgniter.php(308): CodeIgniter\CodeIgniter->handleRequest(NULL, Object(Config\Cache), false)
#4 C:\xampp\htdocs\kibar-cms\index.php(45): CodeIgniter\CodeIgniter->run()
#5 {main}
CRITICAL - 2020-10-08 12:26:16 --> Trying to get property 'root' of non-object
#0 C:\xampp\htdocs\kibar-cms\app\Controllers\Admin\Club\Club.php(111): CodeIgniter\Debug\Exceptions->errorHandler(8, 'Trying to get p...', 'C:\\xampp\\htdocs...', 111, Array)
#1 C:\xampp\htdocs\kibar-cms\system\CodeIgniter.php(914): App\Controllers\Admin\Club\Club->get_datatables('c4acd053-0ede-4...')
#2 C:\xampp\htdocs\kibar-cms\system\CodeIgniter.php(400): CodeIgniter\CodeIgniter->runController(Object(App\Controllers\Admin\Club\Club))
#3 C:\xampp\htdocs\kibar-cms\system\CodeIgniter.php(308): CodeIgniter\CodeIgniter->handleRequest(NULL, Object(Config\Cache), false)
#4 C:\xampp\htdocs\kibar-cms\index.php(45): CodeIgniter\CodeIgniter->run()
#5 {main}
CRITICAL - 2020-10-08 12:27:30 --> Trying to get property 'root' of non-object
#0 C:\xampp\htdocs\kibar-cms\app\Controllers\Admin\Club\Club.php(111): CodeIgniter\Debug\Exceptions->errorHandler(8, 'Trying to get p...', 'C:\\xampp\\htdocs...', 111, Array)
#1 C:\xampp\htdocs\kibar-cms\system\CodeIgniter.php(914): App\Controllers\Admin\Club\Club->get_datatables('c4acd053-0ede-4...')
#2 C:\xampp\htdocs\kibar-cms\system\CodeIgniter.php(400): CodeIgniter\CodeIgniter->runController(Object(App\Controllers\Admin\Club\Club))
#3 C:\xampp\htdocs\kibar-cms\system\CodeIgniter.php(308): CodeIgniter\CodeIgniter->handleRequest(NULL, Object(Config\Cache), false)
#4 C:\xampp\htdocs\kibar-cms\index.php(45): CodeIgniter\CodeIgniter->run()
#5 {main}
CRITICAL - 2020-10-08 12:29:46 --> Trying to get property 'root' of non-object
#0 C:\xampp\htdocs\kibar-cms\app\Controllers\Admin\Club\Club.php(111): CodeIgniter\Debug\Exceptions->errorHandler(8, 'Trying to get p...', 'C:\\xampp\\htdocs...', 111, Array)
#1 C:\xampp\htdocs\kibar-cms\system\CodeIgniter.php(914): App\Controllers\Admin\Club\Club->get_datatables('c4acd053-0ede-4...')
#2 C:\xampp\htdocs\kibar-cms\system\CodeIgniter.php(400): CodeIgniter\CodeIgniter->runController(Object(App\Controllers\Admin\Club\Club))
#3 C:\xampp\htdocs\kibar-cms\system\CodeIgniter.php(308): CodeIgniter\CodeIgniter->handleRequest(NULL, Object(Config\Cache), false)
#4 C:\xampp\htdocs\kibar-cms\index.php(45): CodeIgniter\CodeIgniter->run()
#5 {main}
CRITICAL - 2020-10-08 12:31:44 --> Trying to get property 'root' of non-object
#0 C:\xampp\htdocs\kibar-cms\app\Controllers\Admin\Club\Club.php(111): CodeIgniter\Debug\Exceptions->errorHandler(8, 'Trying to get p...', 'C:\\xampp\\htdocs...', 111, Array)
#1 C:\xampp\htdocs\kibar-cms\system\CodeIgniter.php(914): App\Controllers\Admin\Club\Club->get_datatables('c4acd053-0ede-4...')
#2 C:\xampp\htdocs\kibar-cms\system\CodeIgniter.php(400): CodeIgniter\CodeIgniter->runController(Object(App\Controllers\Admin\Club\Club))
#3 C:\xampp\htdocs\kibar-cms\system\CodeIgniter.php(308): CodeIgniter\CodeIgniter->handleRequest(NULL, Object(Config\Cache), false)
#4 C:\xampp\htdocs\kibar-cms\index.php(45): CodeIgniter\CodeIgniter->run()
#5 {main}
CRITICAL - 2020-10-08 12:33:54 --> Undefined property: stdClass::$guid
#0 C:\xampp\htdocs\kibar-cms\app\Controllers\Admin\Club\Club.php(121): CodeIgniter\Debug\Exceptions->errorHandler(8, 'Undefined prope...', 'C:\\xampp\\htdocs...', 121, Array)
#1 C:\xampp\htdocs\kibar-cms\system\CodeIgniter.php(914): App\Controllers\Admin\Club\Club->get_datatables('c4acd053-0ede-4...')
#2 C:\xampp\htdocs\kibar-cms\system\CodeIgniter.php(400): CodeIgniter\CodeIgniter->runController(Object(App\Controllers\Admin\Club\Club))
#3 C:\xampp\htdocs\kibar-cms\system\CodeIgniter.php(308): CodeIgniter\CodeIgniter->handleRequest(NULL, Object(Config\Cache), false)
#4 C:\xampp\htdocs\kibar-cms\index.php(45): CodeIgniter\CodeIgniter->run()
#5 {main}
CRITICAL - 2020-10-08 12:35:20 --> Undefined property: stdClass::$guid
#0 C:\xampp\htdocs\kibar-cms\app\Controllers\Admin\Club\Club.php(121): CodeIgniter\Debug\Exceptions->errorHandler(8, 'Undefined prope...', 'C:\\xampp\\htdocs...', 121, Array)
#1 C:\xampp\htdocs\kibar-cms\system\CodeIgniter.php(914): App\Controllers\Admin\Club\Club->get_datatables('c4acd053-0ede-4...')
#2 C:\xampp\htdocs\kibar-cms\system\CodeIgniter.php(400): CodeIgniter\CodeIgniter->runController(Object(App\Controllers\Admin\Club\Club))
#3 C:\xampp\htdocs\kibar-cms\system\CodeIgniter.php(308): CodeIgniter\CodeIgniter->handleRequest(NULL, Object(Config\Cache), false)
#4 C:\xampp\htdocs\kibar-cms\index.php(45): CodeIgniter\CodeIgniter->run()
#5 {main}
CRITICAL - 2020-10-08 12:35:25 --> Undefined property: stdClass::$guid
#0 C:\xampp\htdocs\kibar-cms\app\Controllers\Admin\Club\Club.php(121): CodeIgniter\Debug\Exceptions->errorHandler(8, 'Undefined prope...', 'C:\\xampp\\htdocs...', 121, Array)
#1 C:\xampp\htdocs\kibar-cms\system\CodeIgniter.php(914): App\Controllers\Admin\Club\Club->get_datatables('c4acd053-0ede-4...')
#2 C:\xampp\htdocs\kibar-cms\system\CodeIgniter.php(400): CodeIgniter\CodeIgniter->runController(Object(App\Controllers\Admin\Club\Club))
#3 C:\xampp\htdocs\kibar-cms\system\CodeIgniter.php(308): CodeIgniter\CodeIgniter->handleRequest(NULL, Object(Config\Cache), false)
#4 C:\xampp\htdocs\kibar-cms\index.php(45): CodeIgniter\CodeIgniter->run()
#5 {main}
CRITICAL - 2020-10-08 12:37:12 --> Undefined property: stdClass::$guid
#0 C:\xampp\htdocs\kibar-cms\app\Controllers\Admin\Club\Club.php(121): CodeIgniter\Debug\Exceptions->errorHandler(8, 'Undefined prope...', 'C:\\xampp\\htdocs...', 121, Array)
#1 C:\xampp\htdocs\kibar-cms\system\CodeIgniter.php(914): App\Controllers\Admin\Club\Club->get_datatables('c4acd053-0ede-4...')
#2 C:\xampp\htdocs\kibar-cms\system\CodeIgniter.php(400): CodeIgniter\CodeIgniter->runController(Object(App\Controllers\Admin\Club\Club))
#3 C:\xampp\htdocs\kibar-cms\system\CodeIgniter.php(308): CodeIgniter\CodeIgniter->handleRequest(NULL, Object(Config\Cache), false)
#4 C:\xampp\htdocs\kibar-cms\index.php(45): CodeIgniter\CodeIgniter->run()
#5 {main}
CRITICAL - 2020-10-08 12:46:56 --> Undefined property: stdClass::$guid
#0 C:\xampp\htdocs\kibar-cms\app\Controllers\Admin\Club\Club.php(123): CodeIgniter\Debug\Exceptions->errorHandler(8, 'Undefined prope...', 'C:\\xampp\\htdocs...', 123, Array)
#1 C:\xampp\htdocs\kibar-cms\system\CodeIgniter.php(914): App\Controllers\Admin\Club\Club->get_datatables('c4acd053-0ede-4...')
#2 C:\xampp\htdocs\kibar-cms\system\CodeIgniter.php(400): CodeIgniter\CodeIgniter->runController(Object(App\Controllers\Admin\Club\Club))
#3 C:\xampp\htdocs\kibar-cms\system\CodeIgniter.php(308): CodeIgniter\CodeIgniter->handleRequest(NULL, Object(Config\Cache), false)
#4 C:\xampp\htdocs\kibar-cms\index.php(45): CodeIgniter\CodeIgniter->run()
#5 {main}
