CRITICAL - 2021-09-02 21:45:44 --> Trying to get property 'status' of non-object
#0 /Users/mike/Task/kibar-cms/app/Controllers/Admin/Auth/Login.php(31): CodeIgniter\Debug\Exceptions->errorHandler(8, 'Trying to get p...', '/Users/mike/Tas...', 31, Array)
#1 /Users/mike/Task/kibar-cms/system/CodeIgniter.php(914): App\Controllers\Admin\Auth\Login->store()
#2 /Users/mike/Task/kibar-cms/system/CodeIgniter.php(400): CodeIgniter\CodeIgniter->runController(Object(App\Controllers\Admin\Auth\Login))
#3 /Users/mike/Task/kibar-cms/system/CodeIgniter.php(308): CodeIgniter\CodeIgniter->handleRequest(NULL, Object(Config\Cache), false)
#4 /Users/mike/Task/kibar-cms/public/index.php(45): CodeIgniter\CodeIgniter->run()
#5 /Users/mike/Task/kibar-cms/system/Commands/Server/rewrite.php(34): require_once('/Users/mike/Tas...')
#6 {main}
CRITICAL - 2021-09-02 22:19:12 --> Trying to get property 'status' of non-object
#0 /Users/mike/Task/kibar-cms/app/Controllers/Admin/Auth/Login.php(32): CodeIgniter\Debug\Exceptions->errorHandler(8, 'Trying to get p...', '/Users/mike/Tas...', 32, Array)
#1 /Users/mike/Task/kibar-cms/system/CodeIgniter.php(914): App\Controllers\Admin\Auth\Login->store()
#2 /Users/mike/Task/kibar-cms/system/CodeIgniter.php(400): CodeIgniter\CodeIgniter->runController(Object(App\Controllers\Admin\Auth\Login))
#3 /Users/mike/Task/kibar-cms/system/CodeIgniter.php(308): CodeIgniter\CodeIgniter->handleRequest(NULL, Object(Config\Cache), false)
#4 /Users/mike/Task/kibar-cms/public/index.php(45): CodeIgniter\CodeIgniter->run()
#5 /Users/mike/Task/kibar-cms/system/Commands/Server/rewrite.php(34): require_once('/Users/mike/Tas...')
#6 {main}
CRITICAL - 2021-09-02 22:29:10 --> Trying to get property 'status' of non-object
#0 /Users/mike/Task/kibar-cms/app/Controllers/Admin/Auth/Login.php(31): CodeIgniter\Debug\Exceptions->errorHandler(8, 'Trying to get p...', '/Users/mike/Tas...', 31, Array)
#1 /Users/mike/Task/kibar-cms/system/CodeIgniter.php(914): App\Controllers\Admin\Auth\Login->store()
#2 /Users/mike/Task/kibar-cms/system/CodeIgniter.php(400): CodeIgniter\CodeIgniter->runController(Object(App\Controllers\Admin\Auth\Login))
#3 /Users/mike/Task/kibar-cms/system/CodeIgniter.php(308): CodeIgniter\CodeIgniter->handleRequest(NULL, Object(Config\Cache), false)
#4 /Users/mike/Task/kibar-cms/public/index.php(45): CodeIgniter\CodeIgniter->run()
#5 /Users/mike/Task/kibar-cms/system/Commands/Server/rewrite.php(34): require_once('/Users/mike/Tas...')
#6 {main}
CRITICAL - 2021-09-02 22:29:40 --> Trying to get property 'status' of non-object
#0 /Users/mike/Task/kibar-cms/app/Controllers/Admin/Auth/Login.php(31): CodeIgniter\Debug\Exceptions->errorHandler(8, 'Trying to get p...', '/Users/mike/Tas...', 31, Array)
#1 /Users/mike/Task/kibar-cms/system/CodeIgniter.php(914): App\Controllers\Admin\Auth\Login->store()
#2 /Users/mike/Task/kibar-cms/system/CodeIgniter.php(400): CodeIgniter\CodeIgniter->runController(Object(App\Controllers\Admin\Auth\Login))
#3 /Users/mike/Task/kibar-cms/system/CodeIgniter.php(308): CodeIgniter\CodeIgniter->handleRequest(NULL, Object(Config\Cache), false)
#4 /Users/mike/Task/kibar-cms/public/index.php(45): CodeIgniter\CodeIgniter->run()
#5 /Users/mike/Task/kibar-cms/system/Commands/Server/rewrite.php(34): require_once('/Users/mike/Tas...')
#6 {main}
CRITICAL - 2021-09-02 22:30:56 --> cURL error 7: Failed to connect to longmsg.id port 8117: Connection refused (see https://curl.haxx.se/libcurl/c/libcurl-errors.html) for http://longmsg.id:8117/project-service/project
#0 /Users/mike/Task/kibar-cms/vendor/guzzlehttp/guzzle/src/Handler/CurlFactory.php(158): GuzzleHttp\Handler\CurlFactory::createRejection(Object(GuzzleHttp\Handler\EasyHandle), Array)
#1 /Users/mike/Task/kibar-cms/vendor/guzzlehttp/guzzle/src/Handler/CurlFactory.php(110): GuzzleHttp\Handler\CurlFactory::finishError(Object(GuzzleHttp\Handler\CurlHandler), Object(GuzzleHttp\Handler\EasyHandle), Object(GuzzleHttp\Handler\CurlFactory))
#2 /Users/mike/Task/kibar-cms/vendor/guzzlehttp/guzzle/src/Handler/CurlHandler.php(47): GuzzleHttp\Handler\CurlFactory::finish(Object(GuzzleHttp\Handler\CurlHandler), Object(GuzzleHttp\Handler\EasyHandle), Object(GuzzleHttp\Handler\CurlFactory))
#3 /Users/mike/Task/kibar-cms/vendor/guzzlehttp/guzzle/src/Handler/Proxy.php(28): GuzzleHttp\Handler\CurlHandler->__invoke(Object(GuzzleHttp\Psr7\Request), Array)
#4 /Users/mike/Task/kibar-cms/vendor/guzzlehttp/guzzle/src/Handler/Proxy.php(48): GuzzleHttp\Handler\Proxy::GuzzleHttp\Handler\{closure}(Object(GuzzleHttp\Psr7\Request), Array)
#5 /Users/mike/Task/kibar-cms/vendor/guzzlehttp/guzzle/src/PrepareBodyMiddleware.php(35): GuzzleHttp\Handler\Proxy::GuzzleHttp\Handler\{closure}(Object(GuzzleHttp\Psr7\Request), Array)
#6 /Users/mike/Task/kibar-cms/vendor/guzzlehttp/guzzle/src/Middleware.php(37): GuzzleHttp\PrepareBodyMiddleware->__invoke(Object(GuzzleHttp\Psr7\Request), Array)
#7 /Users/mike/Task/kibar-cms/vendor/guzzlehttp/guzzle/src/RedirectMiddleware.php(55): GuzzleHttp\Middleware::GuzzleHttp\{closure}(Object(GuzzleHttp\Psr7\Request), Array)
#8 /Users/mike/Task/kibar-cms/vendor/guzzlehttp/guzzle/src/Middleware.php(63): GuzzleHttp\RedirectMiddleware->__invoke(Object(GuzzleHttp\Psr7\Request), Array)
#9 /Users/mike/Task/kibar-cms/vendor/guzzlehttp/guzzle/src/HandlerStack.php(75): GuzzleHttp\Middleware::GuzzleHttp\{closure}(Object(GuzzleHttp\Psr7\Request), Array)
#10 /Users/mike/Task/kibar-cms/vendor/guzzlehttp/guzzle/src/Client.php(331): GuzzleHttp\HandlerStack->__invoke(Object(GuzzleHttp\Psr7\Request), Array)
#11 /Users/mike/Task/kibar-cms/vendor/guzzlehttp/guzzle/src/Client.php(168): GuzzleHttp\Client->transfer(Object(GuzzleHttp\Psr7\Request), Array)
#12 /Users/mike/Task/kibar-cms/vendor/guzzlehttp/guzzle/src/Client.php(187): GuzzleHttp\Client->requestAsync('GET', Object(GuzzleHttp\Psr7\Uri), Array)
#13 /Users/mike/Task/kibar-cms/vendor/guzzlehttp/guzzle/src/ClientTrait.php(44): GuzzleHttp\Client->request('GET', 'longmsg.id:8117...', Array)
#14 /Users/mike/Task/kibar-cms/app/Controllers/Admin/Report/Report.php(28): GuzzleHttp\Client->get('longmsg.id:8117...', Array)
#15 /Users/mike/Task/kibar-cms/system/CodeIgniter.php(914): App\Controllers\Admin\Report\Report->index()
#16 /Users/mike/Task/kibar-cms/system/CodeIgniter.php(400): CodeIgniter\CodeIgniter->runController(Object(App\Controllers\Admin\Report\Report))
#17 /Users/mike/Task/kibar-cms/system/CodeIgniter.php(308): CodeIgniter\CodeIgniter->handleRequest(NULL, Object(Config\Cache), false)
#18 /Users/mike/Task/kibar-cms/public/index.php(45): CodeIgniter\CodeIgniter->run()
#19 /Users/mike/Task/kibar-cms/system/Commands/Server/rewrite.php(34): require_once('/Users/mike/Tas...')
#20 {main}
CRITICAL - 2021-09-02 22:32:51 --> Trying to get property 'root' of non-object
#0 /Users/mike/Task/kibar-cms/app/Helpers/product_helper.php(10): CodeIgniter\Debug\Exceptions->errorHandler(8, 'Trying to get p...', '/Users/mike/Tas...', 10, Array)
#1 /Users/mike/Task/kibar-cms/app/Views/club/index.php(125): allProvinsi()
#2 /Users/mike/Task/kibar-cms/system/View/View.php(246): include('/Users/mike/Tas...')
#3 /Users/mike/Task/kibar-cms/system/Common.php(1087): CodeIgniter\View\View->render('club/index', Array, true)
#4 /Users/mike/Task/kibar-cms/app/Controllers/Admin/Club/Club.php(16): view('club/index', Array)
#5 /Users/mike/Task/kibar-cms/system/CodeIgniter.php(914): App\Controllers\Admin\Club\Club->index()
#6 /Users/mike/Task/kibar-cms/system/CodeIgniter.php(400): CodeIgniter\CodeIgniter->runController(Object(App\Controllers\Admin\Club\Club))
#7 /Users/mike/Task/kibar-cms/system/CodeIgniter.php(308): CodeIgniter\CodeIgniter->handleRequest(NULL, Object(Config\Cache), false)
#8 /Users/mike/Task/kibar-cms/public/index.php(45): CodeIgniter\CodeIgniter->run()
#9 /Users/mike/Task/kibar-cms/system/Commands/Server/rewrite.php(34): require_once('/Users/mike/Tas...')
#10 {main}
CRITICAL - 2021-09-02 22:35:25 --> Trying to get property 'report' of non-object
#0 /Users/mike/Task/kibar-cms/app/Views/transaction/index.php(43): CodeIgniter\Debug\Exceptions->errorHandler(8, 'Trying to get p...', '/Users/mike/Tas...', 43, Array)
#1 /Users/mike/Task/kibar-cms/system/View/View.php(246): include('/Users/mike/Tas...')
#2 /Users/mike/Task/kibar-cms/system/Common.php(1087): CodeIgniter\View\View->render('transaction/ind...', Array, true)
#3 /Users/mike/Task/kibar-cms/app/Controllers/Admin/Transaction/Transaction.php(19): view('transaction/ind...', Array)
#4 /Users/mike/Task/kibar-cms/system/CodeIgniter.php(914): App\Controllers\Admin\Transaction\Transaction->index()
#5 /Users/mike/Task/kibar-cms/system/CodeIgniter.php(400): CodeIgniter\CodeIgniter->runController(Object(App\Controllers\Admin\Transaction\Transaction))
#6 /Users/mike/Task/kibar-cms/system/CodeIgniter.php(308): CodeIgniter\CodeIgniter->handleRequest(NULL, Object(Config\Cache), false)
#7 /Users/mike/Task/kibar-cms/public/index.php(45): CodeIgniter\CodeIgniter->run()
#8 /Users/mike/Task/kibar-cms/system/Commands/Server/rewrite.php(34): require_once('/Users/mike/Tas...')
#9 {main}
CRITICAL - 2021-09-02 22:37:31 --> Trying to get property 'root' of non-object
#0 /Users/mike/Task/kibar-cms/app/Helpers/product_helper.php(10): CodeIgniter\Debug\Exceptions->errorHandler(8, 'Trying to get p...', '/Users/mike/Tas...', 10, Array)
#1 /Users/mike/Task/kibar-cms/app/Views/club/index.php(125): allProvinsi()
#2 /Users/mike/Task/kibar-cms/system/View/View.php(246): include('/Users/mike/Tas...')
#3 /Users/mike/Task/kibar-cms/system/Common.php(1087): CodeIgniter\View\View->render('club/index', Array, true)
#4 /Users/mike/Task/kibar-cms/app/Controllers/Admin/Club/Club.php(16): view('club/index', Array)
#5 /Users/mike/Task/kibar-cms/system/CodeIgniter.php(914): App\Controllers\Admin\Club\Club->index()
#6 /Users/mike/Task/kibar-cms/system/CodeIgniter.php(400): CodeIgniter\CodeIgniter->runController(Object(App\Controllers\Admin\Club\Club))
#7 /Users/mike/Task/kibar-cms/system/CodeIgniter.php(308): CodeIgniter\CodeIgniter->handleRequest(NULL, Object(Config\Cache), false)
#8 /Users/mike/Task/kibar-cms/public/index.php(45): CodeIgniter\CodeIgniter->run()
#9 /Users/mike/Task/kibar-cms/system/Commands/Server/rewrite.php(34): require_once('/Users/mike/Tas...')
#10 {main}
CRITICAL - 2021-09-02 22:52:31 --> Undefined property: stdClass::$data
#0 /Users/mike/Task/kibar-cms/app/Views/user/index.php(165): CodeIgniter\Debug\Exceptions->errorHandler(8, 'Undefined prope...', '/Users/mike/Tas...', 165, Array)
#1 /Users/mike/Task/kibar-cms/system/View/View.php(246): include('/Users/mike/Tas...')
#2 /Users/mike/Task/kibar-cms/system/Common.php(1087): CodeIgniter\View\View->render('user/index', Array, true)
#3 /Users/mike/Task/kibar-cms/app/Controllers/Admin/User/User.php(15): view('user/index', Array)
#4 /Users/mike/Task/kibar-cms/system/CodeIgniter.php(914): App\Controllers\Admin\User\User->index()
#5 /Users/mike/Task/kibar-cms/system/CodeIgniter.php(400): CodeIgniter\CodeIgniter->runController(Object(App\Controllers\Admin\User\User))
#6 /Users/mike/Task/kibar-cms/system/CodeIgniter.php(308): CodeIgniter\CodeIgniter->handleRequest(NULL, Object(Config\Cache), false)
#7 /Users/mike/Task/kibar-cms/public/index.php(45): CodeIgniter\CodeIgniter->run()
#8 /Users/mike/Task/kibar-cms/system/Commands/Server/rewrite.php(34): require_once('/Users/mike/Tas...')
#9 {main}
CRITICAL - 2021-09-02 22:52:34 --> Undefined property: stdClass::$data
#0 /Users/mike/Task/kibar-cms/app/Views/user/index.php(165): CodeIgniter\Debug\Exceptions->errorHandler(8, 'Undefined prope...', '/Users/mike/Tas...', 165, Array)
#1 /Users/mike/Task/kibar-cms/system/View/View.php(246): include('/Users/mike/Tas...')
#2 /Users/mike/Task/kibar-cms/system/Common.php(1087): CodeIgniter\View\View->render('user/index', Array, true)
#3 /Users/mike/Task/kibar-cms/app/Controllers/Admin/User/User.php(15): view('user/index', Array)
#4 /Users/mike/Task/kibar-cms/system/CodeIgniter.php(914): App\Controllers\Admin\User\User->index()
#5 /Users/mike/Task/kibar-cms/system/CodeIgniter.php(400): CodeIgniter\CodeIgniter->runController(Object(App\Controllers\Admin\User\User))
#6 /Users/mike/Task/kibar-cms/system/CodeIgniter.php(308): CodeIgniter\CodeIgniter->handleRequest(NULL, Object(Config\Cache), false)
#7 /Users/mike/Task/kibar-cms/public/index.php(45): CodeIgniter\CodeIgniter->run()
#8 /Users/mike/Task/kibar-cms/system/Commands/Server/rewrite.php(34): require_once('/Users/mike/Tas...')
#9 {main}
CRITICAL - 2021-09-02 22:52:39 --> Undefined property: stdClass::$data
#0 /Users/mike/Task/kibar-cms/app/Views/user/index.php(165): CodeIgniter\Debug\Exceptions->errorHandler(8, 'Undefined prope...', '/Users/mike/Tas...', 165, Array)
#1 /Users/mike/Task/kibar-cms/system/View/View.php(246): include('/Users/mike/Tas...')
#2 /Users/mike/Task/kibar-cms/system/Common.php(1087): CodeIgniter\View\View->render('user/index', Array, true)
#3 /Users/mike/Task/kibar-cms/app/Controllers/Admin/User/User.php(15): view('user/index', Array)
#4 /Users/mike/Task/kibar-cms/system/CodeIgniter.php(914): App\Controllers\Admin\User\User->index()
#5 /Users/mike/Task/kibar-cms/system/CodeIgniter.php(400): CodeIgniter\CodeIgniter->runController(Object(App\Controllers\Admin\User\User))
#6 /Users/mike/Task/kibar-cms/system/CodeIgniter.php(308): CodeIgniter\CodeIgniter->handleRequest(NULL, Object(Config\Cache), false)
#7 /Users/mike/Task/kibar-cms/public/index.php(45): CodeIgniter\CodeIgniter->run()
#8 /Users/mike/Task/kibar-cms/system/Commands/Server/rewrite.php(34): require_once('/Users/mike/Tas...')
#9 {main}
CRITICAL - 2021-09-02 23:15:59 --> Undefined property: stdClass::$data
#0 /Users/mike/Task/kibar-cms/app/Views/user/index.php(165): CodeIgniter\Debug\Exceptions->errorHandler(8, 'Undefined prope...', '/Users/mike/Tas...', 165, Array)
#1 /Users/mike/Task/kibar-cms/system/View/View.php(246): include('/Users/mike/Tas...')
#2 /Users/mike/Task/kibar-cms/system/Common.php(1087): CodeIgniter\View\View->render('user/index', Array, true)
#3 /Users/mike/Task/kibar-cms/app/Controllers/Admin/User/User.php(15): view('user/index', Array)
#4 /Users/mike/Task/kibar-cms/system/CodeIgniter.php(914): App\Controllers\Admin\User\User->index()
#5 /Users/mike/Task/kibar-cms/system/CodeIgniter.php(400): CodeIgniter\CodeIgniter->runController(Object(App\Controllers\Admin\User\User))
#6 /Users/mike/Task/kibar-cms/system/CodeIgniter.php(308): CodeIgniter\CodeIgniter->handleRequest(NULL, Object(Config\Cache), false)
#7 /Users/mike/Task/kibar-cms/public/index.php(45): CodeIgniter\CodeIgniter->run()
#8 /Users/mike/Task/kibar-cms/system/Commands/Server/rewrite.php(34): require_once('/Users/mike/Tas...')
#9 {main}
