CRITICAL - 2021-03-28 08:49:32 --> Undefined property: stdClass::$root
#0 /Users/mike/Task/kibar-cms/app/Helpers/product_helper.php(10): CodeIgniter\Debug\Exceptions->errorHandler(8, 'Undefined prope...', '/Users/mike/Tas...', 10, Array)
#1 /Users/mike/Task/kibar-cms/app/Views/club/index.php(125): allProvinsi()
#2 /Users/mike/Task/kibar-cms/system/View/View.php(246): include('/Users/mike/Tas...')
#3 /Users/mike/Task/kibar-cms/system/Common.php(1087): CodeIgniter\View\View->render('club/index', Array, true)
#4 /Users/mike/Task/kibar-cms/app/Controllers/Admin/Club/Club.php(16): view('club/index', Array)
#5 /Users/mike/Task/kibar-cms/system/CodeIgniter.php(914): App\Controllers\Admin\Club\Club->index()
#6 /Users/mike/Task/kibar-cms/system/CodeIgniter.php(400): CodeIgniter\CodeIgniter->runController(Object(App\Controllers\Admin\Club\Club))
#7 /Users/mike/Task/kibar-cms/system/CodeIgniter.php(308): CodeIgniter\CodeIgniter->handleRequest(NULL, Object(Config\Cache), false)
#8 /Users/mike/Task/kibar-cms/public/index.php(45): CodeIgniter\CodeIgniter->run()
#9 /Users/mike/Task/kibar-cms/system/Commands/Server/rewrite.php(34): require_once('/Users/mike/Tas...')
#10 {main}
CRITICAL - 2021-03-28 08:49:41 --> Undefined property: stdClass::$root
#0 /Users/mike/Task/kibar-cms/app/Controllers/Admin/Club/Club.php(23): CodeIgniter\Debug\Exceptions->errorHandler(8, 'Undefined prope...', '/Users/mike/Tas...', 23, Array)
#1 /Users/mike/Task/kibar-cms/system/CodeIgniter.php(914): App\Controllers\Admin\Club\Club->provinsi()
#2 /Users/mike/Task/kibar-cms/system/CodeIgniter.php(400): CodeIgniter\CodeIgniter->runController(Object(App\Controllers\Admin\Club\Club))
#3 /Users/mike/Task/kibar-cms/system/CodeIgniter.php(308): CodeIgniter\CodeIgniter->handleRequest(NULL, Object(Config\Cache), false)
#4 /Users/mike/Task/kibar-cms/public/index.php(45): CodeIgniter\CodeIgniter->run()
#5 /Users/mike/Task/kibar-cms/system/Commands/Server/rewrite.php(34): require_once('/Users/mike/Tas...')
#6 {main}
CRITICAL - 2021-03-28 08:49:48 --> Undefined property: stdClass::$report
#0 /Users/mike/Task/kibar-cms/app/Views/transaction/index.php(43): CodeIgniter\Debug\Exceptions->errorHandler(8, 'Undefined prope...', '/Users/mike/Tas...', 43, Array)
#1 /Users/mike/Task/kibar-cms/system/View/View.php(246): include('/Users/mike/Tas...')
#2 /Users/mike/Task/kibar-cms/system/Common.php(1087): CodeIgniter\View\View->render('transaction/ind...', Array, true)
#3 /Users/mike/Task/kibar-cms/app/Controllers/Admin/Transaction/Transaction.php(19): view('transaction/ind...', Array)
#4 /Users/mike/Task/kibar-cms/system/CodeIgniter.php(914): App\Controllers\Admin\Transaction\Transaction->index()
#5 /Users/mike/Task/kibar-cms/system/CodeIgniter.php(400): CodeIgniter\CodeIgniter->runController(Object(App\Controllers\Admin\Transaction\Transaction))
#6 /Users/mike/Task/kibar-cms/system/CodeIgniter.php(308): CodeIgniter\CodeIgniter->handleRequest(NULL, Object(Config\Cache), false)
#7 /Users/mike/Task/kibar-cms/public/index.php(45): CodeIgniter\CodeIgniter->run()
#8 /Users/mike/Task/kibar-cms/system/Commands/Server/rewrite.php(34): require_once('/Users/mike/Tas...')
#9 {main}
CRITICAL - 2021-03-28 08:50:19 --> Undefined property: stdClass::$root
#0 /Users/mike/Task/kibar-cms/app/Helpers/product_helper.php(10): CodeIgniter\Debug\Exceptions->errorHandler(8, 'Undefined prope...', '/Users/mike/Tas...', 10, Array)
#1 /Users/mike/Task/kibar-cms/app/Views/club/index.php(125): allProvinsi()
#2 /Users/mike/Task/kibar-cms/system/View/View.php(246): include('/Users/mike/Tas...')
#3 /Users/mike/Task/kibar-cms/system/Common.php(1087): CodeIgniter\View\View->render('club/index', Array, true)
#4 /Users/mike/Task/kibar-cms/app/Controllers/Admin/Club/Club.php(16): view('club/index', Array)
#5 /Users/mike/Task/kibar-cms/system/CodeIgniter.php(914): App\Controllers\Admin\Club\Club->index()
#6 /Users/mike/Task/kibar-cms/system/CodeIgniter.php(400): CodeIgniter\CodeIgniter->runController(Object(App\Controllers\Admin\Club\Club))
#7 /Users/mike/Task/kibar-cms/system/CodeIgniter.php(308): CodeIgniter\CodeIgniter->handleRequest(NULL, Object(Config\Cache), false)
#8 /Users/mike/Task/kibar-cms/public/index.php(45): CodeIgniter\CodeIgniter->run()
#9 /Users/mike/Task/kibar-cms/system/Commands/Server/rewrite.php(34): require_once('/Users/mike/Tas...')
#10 {main}
CRITICAL - 2021-03-28 08:51:52 --> Undefined property: stdClass::$root
#0 /Users/mike/Task/kibar-cms/app/Helpers/product_helper.php(10): CodeIgniter\Debug\Exceptions->errorHandler(8, 'Undefined prope...', '/Users/mike/Tas...', 10, Array)
#1 /Users/mike/Task/kibar-cms/app/Views/club/index.php(125): allProvinsi()
#2 /Users/mike/Task/kibar-cms/system/View/View.php(246): include('/Users/mike/Tas...')
#3 /Users/mike/Task/kibar-cms/system/Common.php(1087): CodeIgniter\View\View->render('club/index', Array, true)
#4 /Users/mike/Task/kibar-cms/app/Controllers/Admin/Club/Club.php(16): view('club/index', Array)
#5 /Users/mike/Task/kibar-cms/system/CodeIgniter.php(914): App\Controllers\Admin\Club\Club->index()
#6 /Users/mike/Task/kibar-cms/system/CodeIgniter.php(400): CodeIgniter\CodeIgniter->runController(Object(App\Controllers\Admin\Club\Club))
#7 /Users/mike/Task/kibar-cms/system/CodeIgniter.php(308): CodeIgniter\CodeIgniter->handleRequest(NULL, Object(Config\Cache), false)
#8 /Users/mike/Task/kibar-cms/public/index.php(45): CodeIgniter\CodeIgniter->run()
#9 /Users/mike/Task/kibar-cms/system/Commands/Server/rewrite.php(34): require_once('/Users/mike/Tas...')
#10 {main}
CRITICAL - 2021-03-28 08:53:41 --> Undefined property: stdClass::$root
#0 /Users/mike/Task/kibar-cms/app/Helpers/product_helper.php(10): CodeIgniter\Debug\Exceptions->errorHandler(8, 'Undefined prope...', '/Users/mike/Tas...', 10, Array)
#1 /Users/mike/Task/kibar-cms/app/Views/club/index.php(125): allProvinsi()
#2 /Users/mike/Task/kibar-cms/system/View/View.php(246): include('/Users/mike/Tas...')
#3 /Users/mike/Task/kibar-cms/system/Common.php(1087): CodeIgniter\View\View->render('club/index', Array, true)
#4 /Users/mike/Task/kibar-cms/app/Controllers/Admin/Club/Club.php(16): view('club/index', Array)
#5 /Users/mike/Task/kibar-cms/system/CodeIgniter.php(914): App\Controllers\Admin\Club\Club->index()
#6 /Users/mike/Task/kibar-cms/system/CodeIgniter.php(400): CodeIgniter\CodeIgniter->runController(Object(App\Controllers\Admin\Club\Club))
#7 /Users/mike/Task/kibar-cms/system/CodeIgniter.php(308): CodeIgniter\CodeIgniter->handleRequest(NULL, Object(Config\Cache), false)
#8 /Users/mike/Task/kibar-cms/public/index.php(45): CodeIgniter\CodeIgniter->run()
#9 /Users/mike/Task/kibar-cms/system/Commands/Server/rewrite.php(34): require_once('/Users/mike/Tas...')
#10 {main}
CRITICAL - 2021-03-28 08:54:27 --> Undefined property: stdClass::$root
#0 /Users/mike/Task/kibar-cms/app/Helpers/product_helper.php(10): CodeIgniter\Debug\Exceptions->errorHandler(8, 'Undefined prope...', '/Users/mike/Tas...', 10, Array)
#1 /Users/mike/Task/kibar-cms/app/Views/club/index.php(125): allProvinsi()
#2 /Users/mike/Task/kibar-cms/system/View/View.php(246): include('/Users/mike/Tas...')
#3 /Users/mike/Task/kibar-cms/system/Common.php(1087): CodeIgniter\View\View->render('club/index', Array, true)
#4 /Users/mike/Task/kibar-cms/app/Controllers/Admin/Club/Club.php(16): view('club/index', Array)
#5 /Users/mike/Task/kibar-cms/system/CodeIgniter.php(914): App\Controllers\Admin\Club\Club->index()
#6 /Users/mike/Task/kibar-cms/system/CodeIgniter.php(400): CodeIgniter\CodeIgniter->runController(Object(App\Controllers\Admin\Club\Club))
#7 /Users/mike/Task/kibar-cms/system/CodeIgniter.php(308): CodeIgniter\CodeIgniter->handleRequest(NULL, Object(Config\Cache), false)
#8 /Users/mike/Task/kibar-cms/public/index.php(45): CodeIgniter\CodeIgniter->run()
#9 /Users/mike/Task/kibar-cms/system/Commands/Server/rewrite.php(34): require_once('/Users/mike/Tas...')
#10 {main}
CRITICAL - 2021-03-28 08:56:55 --> Undefined property: stdClass::$root
#0 /Users/mike/Task/kibar-cms/app/Helpers/product_helper.php(10): CodeIgniter\Debug\Exceptions->errorHandler(8, 'Undefined prope...', '/Users/mike/Tas...', 10, Array)
#1 /Users/mike/Task/kibar-cms/app/Views/club/index.php(125): allProvinsi()
#2 /Users/mike/Task/kibar-cms/system/View/View.php(246): include('/Users/mike/Tas...')
#3 /Users/mike/Task/kibar-cms/system/Common.php(1087): CodeIgniter\View\View->render('club/index', Array, true)
#4 /Users/mike/Task/kibar-cms/app/Controllers/Admin/Club/Club.php(16): view('club/index', Array)
#5 /Users/mike/Task/kibar-cms/system/CodeIgniter.php(914): App\Controllers\Admin\Club\Club->index()
#6 /Users/mike/Task/kibar-cms/system/CodeIgniter.php(400): CodeIgniter\CodeIgniter->runController(Object(App\Controllers\Admin\Club\Club))
#7 /Users/mike/Task/kibar-cms/system/CodeIgniter.php(308): CodeIgniter\CodeIgniter->handleRequest(NULL, Object(Config\Cache), false)
#8 /Users/mike/Task/kibar-cms/public/index.php(45): CodeIgniter\CodeIgniter->run()
#9 /Users/mike/Task/kibar-cms/system/Commands/Server/rewrite.php(34): require_once('/Users/mike/Tas...')
#10 {main}
CRITICAL - 2021-03-28 09:57:27 --> Trying to get property 'data' of non-object
#0 /Users/mike/Task/kibar-cms/app/Views/report/index.php(45): CodeIgniter\Debug\Exceptions->errorHandler(8, 'Trying to get p...', '/Users/mike/Tas...', 45, Array)
#1 /Users/mike/Task/kibar-cms/system/View/View.php(246): include('/Users/mike/Tas...')
#2 /Users/mike/Task/kibar-cms/system/Common.php(1087): CodeIgniter\View\View->render('report/index', Array, true)
#3 /Users/mike/Task/kibar-cms/app/Controllers/Admin/Report/Report.php(16): view('report/index', Array)
#4 /Users/mike/Task/kibar-cms/system/CodeIgniter.php(914): App\Controllers\Admin\Report\Report->index()
#5 /Users/mike/Task/kibar-cms/system/CodeIgniter.php(400): CodeIgniter\CodeIgniter->runController(Object(App\Controllers\Admin\Report\Report))
#6 /Users/mike/Task/kibar-cms/system/CodeIgniter.php(308): CodeIgniter\CodeIgniter->handleRequest(NULL, Object(Config\Cache), false)
#7 /Users/mike/Task/kibar-cms/public/index.php(45): CodeIgniter\CodeIgniter->run()
#8 /Users/mike/Task/kibar-cms/system/Commands/Server/rewrite.php(34): require_once('/Users/mike/Tas...')
#9 {main}
CRITICAL - 2021-03-28 10:23:04 --> Undefined property: stdClass::$data
#0 /Users/mike/Task/kibar-cms/app/Controllers/Admin/Report/Report.php(33): CodeIgniter\Debug\Exceptions->errorHandler(8, 'Undefined prope...', '/Users/mike/Tas...', 33, Array)
#1 /Users/mike/Task/kibar-cms/system/CodeIgniter.php(914): App\Controllers\Admin\Report\Report->index()
#2 /Users/mike/Task/kibar-cms/system/CodeIgniter.php(400): CodeIgniter\CodeIgniter->runController(Object(App\Controllers\Admin\Report\Report))
#3 /Users/mike/Task/kibar-cms/system/CodeIgniter.php(308): CodeIgniter\CodeIgniter->handleRequest(NULL, Object(Config\Cache), false)
#4 /Users/mike/Task/kibar-cms/public/index.php(45): CodeIgniter\CodeIgniter->run()
#5 /Users/mike/Task/kibar-cms/system/Commands/Server/rewrite.php(34): require_once('/Users/mike/Tas...')
#6 {main}
CRITICAL - 2021-03-28 10:23:27 --> Undefined variable: data
#0 /Users/mike/Task/kibar-cms/app/Controllers/Admin/Report/Report.php(34): CodeIgniter\Debug\Exceptions->errorHandler(8, 'Undefined varia...', '/Users/mike/Tas...', 34, Array)
#1 /Users/mike/Task/kibar-cms/system/CodeIgniter.php(914): App\Controllers\Admin\Report\Report->index()
#2 /Users/mike/Task/kibar-cms/system/CodeIgniter.php(400): CodeIgniter\CodeIgniter->runController(Object(App\Controllers\Admin\Report\Report))
#3 /Users/mike/Task/kibar-cms/system/CodeIgniter.php(308): CodeIgniter\CodeIgniter->handleRequest(NULL, Object(Config\Cache), false)
#4 /Users/mike/Task/kibar-cms/public/index.php(45): CodeIgniter\CodeIgniter->run()
#5 /Users/mike/Task/kibar-cms/system/Commands/Server/rewrite.php(34): require_once('/Users/mike/Tas...')
#6 {main}
CRITICAL - 2021-03-28 10:24:35 --> Trying to get property 'data' of non-object
#0 /Users/mike/Task/kibar-cms/app/Views/report/index.php(45): CodeIgniter\Debug\Exceptions->errorHandler(8, 'Trying to get p...', '/Users/mike/Tas...', 45, Array)
#1 /Users/mike/Task/kibar-cms/system/View/View.php(246): include('/Users/mike/Tas...')
#2 /Users/mike/Task/kibar-cms/system/Common.php(1087): CodeIgniter\View\View->render('report/index', Array, true)
#3 /Users/mike/Task/kibar-cms/app/Controllers/Admin/Report/Report.php(34): view('report/index', Array)
#4 /Users/mike/Task/kibar-cms/system/CodeIgniter.php(914): App\Controllers\Admin\Report\Report->index()
#5 /Users/mike/Task/kibar-cms/system/CodeIgniter.php(400): CodeIgniter\CodeIgniter->runController(Object(App\Controllers\Admin\Report\Report))
#6 /Users/mike/Task/kibar-cms/system/CodeIgniter.php(308): CodeIgniter\CodeIgniter->handleRequest(NULL, Object(Config\Cache), false)
#7 /Users/mike/Task/kibar-cms/public/index.php(45): CodeIgniter\CodeIgniter->run()
#8 /Users/mike/Task/kibar-cms/system/Commands/Server/rewrite.php(34): require_once('/Users/mike/Tas...')
#9 {main}
CRITICAL - 2021-03-28 10:24:48 --> Trying to get property 'body' of non-object
#0 /Users/mike/Task/kibar-cms/app/Views/report/index.php(45): CodeIgniter\Debug\Exceptions->errorHandler(8, 'Trying to get p...', '/Users/mike/Tas...', 45, Array)
#1 /Users/mike/Task/kibar-cms/system/View/View.php(246): include('/Users/mike/Tas...')
#2 /Users/mike/Task/kibar-cms/system/Common.php(1087): CodeIgniter\View\View->render('report/index', Array, true)
#3 /Users/mike/Task/kibar-cms/app/Controllers/Admin/Report/Report.php(34): view('report/index', Array)
#4 /Users/mike/Task/kibar-cms/system/CodeIgniter.php(914): App\Controllers\Admin\Report\Report->index()
#5 /Users/mike/Task/kibar-cms/system/CodeIgniter.php(400): CodeIgniter\CodeIgniter->runController(Object(App\Controllers\Admin\Report\Report))
#6 /Users/mike/Task/kibar-cms/system/CodeIgniter.php(308): CodeIgniter\CodeIgniter->handleRequest(NULL, Object(Config\Cache), false)
#7 /Users/mike/Task/kibar-cms/public/index.php(45): CodeIgniter\CodeIgniter->run()
#8 /Users/mike/Task/kibar-cms/system/Commands/Server/rewrite.php(34): require_once('/Users/mike/Tas...')
#9 {main}
CRITICAL - 2021-03-28 10:32:15 --> Trying to get property 'percentage' of non-object
#0 /Users/mike/Task/kibar-cms/app/Views/templates/admin/foot.php(33): CodeIgniter\Debug\Exceptions->errorHandler(8, 'Trying to get p...', '/Users/mike/Tas...', 33, Array)
#1 /Users/mike/Task/kibar-cms/system/View/View.php(246): include('/Users/mike/Tas...')
#2 /Users/mike/Task/kibar-cms/system/View/View.php(525): CodeIgniter\View\View->render('templates/admin...', NULL, true)
#3 /Users/mike/Task/kibar-cms/app/Views/report/index.php(66): CodeIgniter\View\View->include('templates/admin...')
#4 /Users/mike/Task/kibar-cms/system/View/View.php(246): include('/Users/mike/Tas...')
#5 /Users/mike/Task/kibar-cms/system/Common.php(1087): CodeIgniter\View\View->render('report/index', Array, true)
#6 /Users/mike/Task/kibar-cms/app/Controllers/Admin/Report/Report.php(34): view('report/index', Array)
#7 /Users/mike/Task/kibar-cms/system/CodeIgniter.php(914): App\Controllers\Admin\Report\Report->index()
#8 /Users/mike/Task/kibar-cms/system/CodeIgniter.php(400): CodeIgniter\CodeIgniter->runController(Object(App\Controllers\Admin\Report\Report))
#9 /Users/mike/Task/kibar-cms/system/CodeIgniter.php(308): CodeIgniter\CodeIgniter->handleRequest(NULL, Object(Config\Cache), false)
#10 /Users/mike/Task/kibar-cms/public/index.php(45): CodeIgniter\CodeIgniter->run()
#11 /Users/mike/Task/kibar-cms/system/Commands/Server/rewrite.php(34): require_once('/Users/mike/Tas...')
#12 {main}
CRITICAL - 2021-03-28 10:32:30 --> Trying to get property 'body' of non-object
#0 /Users/mike/Task/kibar-cms/app/Views/templates/admin/foot.php(33): CodeIgniter\Debug\Exceptions->errorHandler(8, 'Trying to get p...', '/Users/mike/Tas...', 33, Array)
#1 /Users/mike/Task/kibar-cms/system/View/View.php(246): include('/Users/mike/Tas...')
#2 /Users/mike/Task/kibar-cms/system/View/View.php(525): CodeIgniter\View\View->render('templates/admin...', NULL, true)
#3 /Users/mike/Task/kibar-cms/app/Views/report/index.php(66): CodeIgniter\View\View->include('templates/admin...')
#4 /Users/mike/Task/kibar-cms/system/View/View.php(246): include('/Users/mike/Tas...')
#5 /Users/mike/Task/kibar-cms/system/Common.php(1087): CodeIgniter\View\View->render('report/index', Array, true)
#6 /Users/mike/Task/kibar-cms/app/Controllers/Admin/Report/Report.php(34): view('report/index', Array)
#7 /Users/mike/Task/kibar-cms/system/CodeIgniter.php(914): App\Controllers\Admin\Report\Report->index()
#8 /Users/mike/Task/kibar-cms/system/CodeIgniter.php(400): CodeIgniter\CodeIgniter->runController(Object(App\Controllers\Admin\Report\Report))
#9 /Users/mike/Task/kibar-cms/system/CodeIgniter.php(308): CodeIgniter\CodeIgniter->handleRequest(NULL, Object(Config\Cache), false)
#10 /Users/mike/Task/kibar-cms/public/index.php(45): CodeIgniter\CodeIgniter->run()
#11 /Users/mike/Task/kibar-cms/system/Commands/Server/rewrite.php(34): require_once('/Users/mike/Tas...')
#12 {main}
CRITICAL - 2021-03-28 10:32:43 --> Array to string conversion
#0 /Users/mike/Task/kibar-cms/app/Views/templates/admin/foot.php(33): CodeIgniter\Debug\Exceptions->errorHandler(8, 'Array to string...', '/Users/mike/Tas...', 33, Array)
#1 /Users/mike/Task/kibar-cms/system/View/View.php(246): include('/Users/mike/Tas...')
#2 /Users/mike/Task/kibar-cms/system/View/View.php(525): CodeIgniter\View\View->render('templates/admin...', NULL, true)
#3 /Users/mike/Task/kibar-cms/app/Views/report/index.php(66): CodeIgniter\View\View->include('templates/admin...')
#4 /Users/mike/Task/kibar-cms/system/View/View.php(246): include('/Users/mike/Tas...')
#5 /Users/mike/Task/kibar-cms/system/Common.php(1087): CodeIgniter\View\View->render('report/index', Array, true)
#6 /Users/mike/Task/kibar-cms/app/Controllers/Admin/Report/Report.php(34): view('report/index', Array)
#7 /Users/mike/Task/kibar-cms/system/CodeIgniter.php(914): App\Controllers\Admin\Report\Report->index()
#8 /Users/mike/Task/kibar-cms/system/CodeIgniter.php(400): CodeIgniter\CodeIgniter->runController(Object(App\Controllers\Admin\Report\Report))
#9 /Users/mike/Task/kibar-cms/system/CodeIgniter.php(308): CodeIgniter\CodeIgniter->handleRequest(NULL, Object(Config\Cache), false)
#10 /Users/mike/Task/kibar-cms/public/index.php(45): CodeIgniter\CodeIgniter->run()
#11 /Users/mike/Task/kibar-cms/system/Commands/Server/rewrite.php(34): require_once('/Users/mike/Tas...')
#12 {main}
CRITICAL - 2021-03-28 10:35:21 --> Trying to get property 'percentage' of non-object
#0 /Users/mike/Task/kibar-cms/app/Controllers/Admin/Report/Report.php(34): CodeIgniter\Debug\Exceptions->errorHandler(8, 'Trying to get p...', '/Users/mike/Tas...', 34, Array)
#1 /Users/mike/Task/kibar-cms/system/CodeIgniter.php(914): App\Controllers\Admin\Report\Report->index()
#2 /Users/mike/Task/kibar-cms/system/CodeIgniter.php(400): CodeIgniter\CodeIgniter->runController(Object(App\Controllers\Admin\Report\Report))
#3 /Users/mike/Task/kibar-cms/system/CodeIgniter.php(308): CodeIgniter\CodeIgniter->handleRequest(NULL, Object(Config\Cache), false)
#4 /Users/mike/Task/kibar-cms/public/index.php(45): CodeIgniter\CodeIgniter->run()
#5 /Users/mike/Task/kibar-cms/system/Commands/Server/rewrite.php(34): require_once('/Users/mike/Tas...')
#6 {main}
CRITICAL - 2021-03-28 10:38:10 --> Array to string conversion
#0 /Users/mike/Task/kibar-cms/app/Views/templates/admin/foot.php(33): CodeIgniter\Debug\Exceptions->errorHandler(8, 'Array to string...', '/Users/mike/Tas...', 33, Array)
#1 /Users/mike/Task/kibar-cms/system/View/View.php(246): include('/Users/mike/Tas...')
#2 /Users/mike/Task/kibar-cms/system/View/View.php(525): CodeIgniter\View\View->render('templates/admin...', NULL, true)
#3 /Users/mike/Task/kibar-cms/app/Views/report/index.php(66): CodeIgniter\View\View->include('templates/admin...')
#4 /Users/mike/Task/kibar-cms/system/View/View.php(246): include('/Users/mike/Tas...')
#5 /Users/mike/Task/kibar-cms/system/Common.php(1087): CodeIgniter\View\View->render('report/index', Array, true)
#6 /Users/mike/Task/kibar-cms/app/Controllers/Admin/Report/Report.php(35): view('report/index', Array)
#7 /Users/mike/Task/kibar-cms/system/CodeIgniter.php(914): App\Controllers\Admin\Report\Report->index()
#8 /Users/mike/Task/kibar-cms/system/CodeIgniter.php(400): CodeIgniter\CodeIgniter->runController(Object(App\Controllers\Admin\Report\Report))
#9 /Users/mike/Task/kibar-cms/system/CodeIgniter.php(308): CodeIgniter\CodeIgniter->handleRequest(NULL, Object(Config\Cache), false)
#10 /Users/mike/Task/kibar-cms/public/index.php(45): CodeIgniter\CodeIgniter->run()
#11 /Users/mike/Task/kibar-cms/system/Commands/Server/rewrite.php(34): require_once('/Users/mike/Tas...')
#12 {main}
CRITICAL - 2021-03-28 10:39:33 --> Trying to get property 'percentage' of non-object
#0 /Users/mike/Task/kibar-cms/app/Views/templates/admin/foot.php(33): CodeIgniter\Debug\Exceptions->errorHandler(8, 'Trying to get p...', '/Users/mike/Tas...', 33, Array)
#1 /Users/mike/Task/kibar-cms/system/View/View.php(246): include('/Users/mike/Tas...')
#2 /Users/mike/Task/kibar-cms/system/View/View.php(525): CodeIgniter\View\View->render('templates/admin...', NULL, true)
#3 /Users/mike/Task/kibar-cms/app/Views/report/index.php(66): CodeIgniter\View\View->include('templates/admin...')
#4 /Users/mike/Task/kibar-cms/system/View/View.php(246): include('/Users/mike/Tas...')
#5 /Users/mike/Task/kibar-cms/system/Common.php(1087): CodeIgniter\View\View->render('report/index', Array, true)
#6 /Users/mike/Task/kibar-cms/app/Controllers/Admin/Report/Report.php(35): view('report/index', Array)
#7 /Users/mike/Task/kibar-cms/system/CodeIgniter.php(914): App\Controllers\Admin\Report\Report->index()
#8 /Users/mike/Task/kibar-cms/system/CodeIgniter.php(400): CodeIgniter\CodeIgniter->runController(Object(App\Controllers\Admin\Report\Report))
#9 /Users/mike/Task/kibar-cms/system/CodeIgniter.php(308): CodeIgniter\CodeIgniter->handleRequest(NULL, Object(Config\Cache), false)
#10 /Users/mike/Task/kibar-cms/public/index.php(45): CodeIgniter\CodeIgniter->run()
#11 /Users/mike/Task/kibar-cms/system/Commands/Server/rewrite.php(34): require_once('/Users/mike/Tas...')
#12 {main}
CRITICAL - 2021-03-28 10:41:02 --> Object of class stdClass could not be converted to string
#0 /Users/mike/Task/kibar-cms/app/Views/templates/admin/foot.php(33): CodeIgniter\Debug\Exceptions->errorHandler(4096, 'Object of class...', '/Users/mike/Tas...', 33, Array)
#1 /Users/mike/Task/kibar-cms/system/View/View.php(246): include('/Users/mike/Tas...')
#2 /Users/mike/Task/kibar-cms/system/View/View.php(525): CodeIgniter\View\View->render('templates/admin...', NULL, true)
#3 /Users/mike/Task/kibar-cms/app/Views/report/index.php(66): CodeIgniter\View\View->include('templates/admin...')
#4 /Users/mike/Task/kibar-cms/system/View/View.php(246): include('/Users/mike/Tas...')
#5 /Users/mike/Task/kibar-cms/system/Common.php(1087): CodeIgniter\View\View->render('report/index', Array, true)
#6 /Users/mike/Task/kibar-cms/app/Controllers/Admin/Report/Report.php(36): view('report/index', Array)
#7 /Users/mike/Task/kibar-cms/system/CodeIgniter.php(914): App\Controllers\Admin\Report\Report->index()
#8 /Users/mike/Task/kibar-cms/system/CodeIgniter.php(400): CodeIgniter\CodeIgniter->runController(Object(App\Controllers\Admin\Report\Report))
#9 /Users/mike/Task/kibar-cms/system/CodeIgniter.php(308): CodeIgniter\CodeIgniter->handleRequest(NULL, Object(Config\Cache), false)
#10 /Users/mike/Task/kibar-cms/public/index.php(45): CodeIgniter\CodeIgniter->run()
#11 /Users/mike/Task/kibar-cms/system/Commands/Server/rewrite.php(34): require_once('/Users/mike/Tas...')
#12 {main}
CRITICAL - 2021-03-28 10:41:44 --> count(): Parameter must be an array or an object that implements Countable
#0 [internal function]: CodeIgniter\Debug\Exceptions->errorHandler(2, 'count(): Parame...', '/Users/mike/Tas...', 35, Array)
#1 /Users/mike/Task/kibar-cms/app/Controllers/Admin/Report/Report.php(35): count('20')
#2 /Users/mike/Task/kibar-cms/system/CodeIgniter.php(914): App\Controllers\Admin\Report\Report->index()
#3 /Users/mike/Task/kibar-cms/system/CodeIgniter.php(400): CodeIgniter\CodeIgniter->runController(Object(App\Controllers\Admin\Report\Report))
#4 /Users/mike/Task/kibar-cms/system/CodeIgniter.php(308): CodeIgniter\CodeIgniter->handleRequest(NULL, Object(Config\Cache), false)
#5 /Users/mike/Task/kibar-cms/public/index.php(45): CodeIgniter\CodeIgniter->run()
#6 /Users/mike/Task/kibar-cms/system/Commands/Server/rewrite.php(34): require_once('/Users/mike/Tas...')
#7 {main}
CRITICAL - 2021-03-28 11:16:04 --> Undefined variable: result
#0 /Users/mike/Task/kibar-cms/app/Views/templates/admin/foot.php(33): CodeIgniter\Debug\Exceptions->errorHandler(8, 'Undefined varia...', '/Users/mike/Tas...', 33, Array)
#1 /Users/mike/Task/kibar-cms/system/View/View.php(246): include('/Users/mike/Tas...')
#2 /Users/mike/Task/kibar-cms/system/View/View.php(525): CodeIgniter\View\View->render('templates/admin...', NULL, true)
#3 /Users/mike/Task/kibar-cms/app/Views/dashboard/index.php(38): CodeIgniter\View\View->include('templates/admin...')
#4 /Users/mike/Task/kibar-cms/system/View/View.php(246): include('/Users/mike/Tas...')
#5 /Users/mike/Task/kibar-cms/system/Common.php(1087): CodeIgniter\View\View->render('dashboard/index', Array, true)
#6 /Users/mike/Task/kibar-cms/app/Controllers/Admin/Dashboard/Dashboard.php(18): view('dashboard/index')
#7 /Users/mike/Task/kibar-cms/system/CodeIgniter.php(914): App\Controllers\Admin\Dashboard\Dashboard->index()
#8 /Users/mike/Task/kibar-cms/system/CodeIgniter.php(400): CodeIgniter\CodeIgniter->runController(Object(App\Controllers\Admin\Dashboard\Dashboard))
#9 /Users/mike/Task/kibar-cms/system/CodeIgniter.php(308): CodeIgniter\CodeIgniter->handleRequest(NULL, Object(Config\Cache), false)
#10 /Users/mike/Task/kibar-cms/public/index.php(45): CodeIgniter\CodeIgniter->run()
#11 /Users/mike/Task/kibar-cms/system/Commands/Server/rewrite.php(34): require_once('/Users/mike/Tas...')
#12 {main}
CRITICAL - 2021-03-28 11:31:22 --> Client error: `GET http://longmsg.id:8117/project-service/project-detail/7` resulted in a `401 Unauthorized` response:
{"code":401,"error":"Missing auth token","message":"Bad Request"}


#0 /Users/mike/Task/kibar-cms/vendor/guzzlehttp/guzzle/src/Middleware.php(69): GuzzleHttp\Exception\RequestException::create(Object(GuzzleHttp\Psr7\Request), Object(GuzzleHttp\Psr7\Response), NULL, Array, NULL)
#1 /Users/mike/Task/kibar-cms/vendor/guzzlehttp/promises/src/Promise.php(204): GuzzleHttp\Middleware::GuzzleHttp\{closure}(Object(GuzzleHttp\Psr7\Response))
#2 /Users/mike/Task/kibar-cms/vendor/guzzlehttp/promises/src/Promise.php(153): GuzzleHttp\Promise\Promise::callHandler(1, Object(GuzzleHttp\Psr7\Response), NULL)
#3 /Users/mike/Task/kibar-cms/vendor/guzzlehttp/promises/src/TaskQueue.php(48): GuzzleHttp\Promise\Promise::GuzzleHttp\Promise\{closure}()
#4 /Users/mike/Task/kibar-cms/vendor/guzzlehttp/promises/src/Promise.php(248): GuzzleHttp\Promise\TaskQueue->run(true)
#5 /Users/mike/Task/kibar-cms/vendor/guzzlehttp/promises/src/Promise.php(224): GuzzleHttp\Promise\Promise->invokeWaitFn()
#6 /Users/mike/Task/kibar-cms/vendor/guzzlehttp/promises/src/Promise.php(269): GuzzleHttp\Promise\Promise->waitIfPending()
#7 /Users/mike/Task/kibar-cms/vendor/guzzlehttp/promises/src/Promise.php(226): GuzzleHttp\Promise\Promise->invokeWaitList()
#8 /Users/mike/Task/kibar-cms/vendor/guzzlehttp/promises/src/Promise.php(62): GuzzleHttp\Promise\Promise->waitIfPending()
#9 /Users/mike/Task/kibar-cms/vendor/guzzlehttp/guzzle/src/Client.php(187): GuzzleHttp\Promise\Promise->wait()
#10 /Users/mike/Task/kibar-cms/vendor/guzzlehttp/guzzle/src/ClientTrait.php(44): GuzzleHttp\Client->request('GET', 'longmsg.id:8117...', Array)
#11 /Users/mike/Task/kibar-cms/app/Controllers/Admin/Report/Report.php(28): GuzzleHttp\Client->get('longmsg.id:8117...', Array)
#12 /Users/mike/Task/kibar-cms/system/CodeIgniter.php(914): App\Controllers\Admin\Report\Report->index()
#13 /Users/mike/Task/kibar-cms/system/CodeIgniter.php(400): CodeIgniter\CodeIgniter->runController(Object(App\Controllers\Admin\Report\Report))
#14 /Users/mike/Task/kibar-cms/system/CodeIgniter.php(308): CodeIgniter\CodeIgniter->handleRequest(NULL, Object(Config\Cache), false)
#15 /Users/mike/Task/kibar-cms/public/index.php(45): CodeIgniter\CodeIgniter->run()
#16 /Users/mike/Task/kibar-cms/system/Commands/Server/rewrite.php(34): require_once('/Users/mike/Tas...')
#17 {main}
CRITICAL - 2021-03-28 11:31:26 --> Client error: `GET http://longmsg.id:8117/project-service/project-detail/7` resulted in a `401 Unauthorized` response:
{"code":401,"error":"Missing auth token","message":"Bad Request"}


#0 /Users/mike/Task/kibar-cms/vendor/guzzlehttp/guzzle/src/Middleware.php(69): GuzzleHttp\Exception\RequestException::create(Object(GuzzleHttp\Psr7\Request), Object(GuzzleHttp\Psr7\Response), NULL, Array, NULL)
#1 /Users/mike/Task/kibar-cms/vendor/guzzlehttp/promises/src/Promise.php(204): GuzzleHttp\Middleware::GuzzleHttp\{closure}(Object(GuzzleHttp\Psr7\Response))
#2 /Users/mike/Task/kibar-cms/vendor/guzzlehttp/promises/src/Promise.php(153): GuzzleHttp\Promise\Promise::callHandler(1, Object(GuzzleHttp\Psr7\Response), NULL)
#3 /Users/mike/Task/kibar-cms/vendor/guzzlehttp/promises/src/TaskQueue.php(48): GuzzleHttp\Promise\Promise::GuzzleHttp\Promise\{closure}()
#4 /Users/mike/Task/kibar-cms/vendor/guzzlehttp/promises/src/Promise.php(248): GuzzleHttp\Promise\TaskQueue->run(true)
#5 /Users/mike/Task/kibar-cms/vendor/guzzlehttp/promises/src/Promise.php(224): GuzzleHttp\Promise\Promise->invokeWaitFn()
#6 /Users/mike/Task/kibar-cms/vendor/guzzlehttp/promises/src/Promise.php(269): GuzzleHttp\Promise\Promise->waitIfPending()
#7 /Users/mike/Task/kibar-cms/vendor/guzzlehttp/promises/src/Promise.php(226): GuzzleHttp\Promise\Promise->invokeWaitList()
#8 /Users/mike/Task/kibar-cms/vendor/guzzlehttp/promises/src/Promise.php(62): GuzzleHttp\Promise\Promise->waitIfPending()
#9 /Users/mike/Task/kibar-cms/vendor/guzzlehttp/guzzle/src/Client.php(187): GuzzleHttp\Promise\Promise->wait()
#10 /Users/mike/Task/kibar-cms/vendor/guzzlehttp/guzzle/src/ClientTrait.php(44): GuzzleHttp\Client->request('GET', 'longmsg.id:8117...', Array)
#11 /Users/mike/Task/kibar-cms/app/Controllers/Admin/Report/Report.php(28): GuzzleHttp\Client->get('longmsg.id:8117...', Array)
#12 /Users/mike/Task/kibar-cms/system/CodeIgniter.php(914): App\Controllers\Admin\Report\Report->index()
#13 /Users/mike/Task/kibar-cms/system/CodeIgniter.php(400): CodeIgniter\CodeIgniter->runController(Object(App\Controllers\Admin\Report\Report))
#14 /Users/mike/Task/kibar-cms/system/CodeIgniter.php(308): CodeIgniter\CodeIgniter->handleRequest(NULL, Object(Config\Cache), false)
#15 /Users/mike/Task/kibar-cms/public/index.php(45): CodeIgniter\CodeIgniter->run()
#16 /Users/mike/Task/kibar-cms/system/Commands/Server/rewrite.php(34): require_once('/Users/mike/Tas...')
#17 {main}
