CRITICAL - 2021-03-29 07:41:57 --> Undefined variable: result
#0 /Users/mike/Task/kibar-cms/app/Views/templates/admin/foot.php(33): CodeIgniter\Debug\Exceptions->errorHandler(8, 'Undefined varia...', '/Users/mike/Tas...', 33, Array)
#1 /Users/mike/Task/kibar-cms/system/View/View.php(246): include('/Users/mike/Tas...')
#2 /Users/mike/Task/kibar-cms/system/View/View.php(525): CodeIgniter\View\View->render('templates/admin...', NULL, true)
#3 /Users/mike/Task/kibar-cms/app/Views/dashboard/index.php(38): CodeIgniter\View\View->include('templates/admin...')
#4 /Users/mike/Task/kibar-cms/system/View/View.php(246): include('/Users/mike/Tas...')
#5 /Users/mike/Task/kibar-cms/system/Common.php(1087): CodeIgniter\View\View->render('dashboard/index', Array, true)
#6 /Users/mike/Task/kibar-cms/app/Controllers/Admin/Dashboard/Dashboard.php(18): view('dashboard/index')
#7 /Users/mike/Task/kibar-cms/system/CodeIgniter.php(914): App\Controllers\Admin\Dashboard\Dashboard->index()
#8 /Users/mike/Task/kibar-cms/system/CodeIgniter.php(400): CodeIgniter\CodeIgniter->runController(Object(App\Controllers\Admin\Dashboard\Dashboard))
#9 /Users/mike/Task/kibar-cms/system/CodeIgniter.php(308): CodeIgniter\CodeIgniter->handleRequest(NULL, Object(Config\Cache), false)
#10 /Users/mike/Task/kibar-cms/public/index.php(45): CodeIgniter\CodeIgniter->run()
#11 /Users/mike/Task/kibar-cms/system/Commands/Server/rewrite.php(34): require_once('/Users/mike/Tas...')
#12 {main}
CRITICAL - 2021-03-29 07:42:25 --> Undefined variable: result
#0 /Users/mike/Task/kibar-cms/app/Views/templates/admin/foot.php(33): CodeIgniter\Debug\Exceptions->errorHandler(8, 'Undefined varia...', '/Users/mike/Tas...', 33, Array)
#1 /Users/mike/Task/kibar-cms/system/View/View.php(246): include('/Users/mike/Tas...')
#2 /Users/mike/Task/kibar-cms/system/View/View.php(525): CodeIgniter\View\View->render('templates/admin...', NULL, true)
#3 /Users/mike/Task/kibar-cms/app/Views/dashboard/index.php(38): CodeIgniter\View\View->include('templates/admin...')
#4 /Users/mike/Task/kibar-cms/system/View/View.php(246): include('/Users/mike/Tas...')
#5 /Users/mike/Task/kibar-cms/system/Common.php(1087): CodeIgniter\View\View->render('dashboard/index', Array, true)
#6 /Users/mike/Task/kibar-cms/app/Controllers/Admin/Dashboard/Dashboard.php(18): view('dashboard/index')
#7 /Users/mike/Task/kibar-cms/system/CodeIgniter.php(914): App\Controllers\Admin\Dashboard\Dashboard->index()
#8 /Users/mike/Task/kibar-cms/system/CodeIgniter.php(400): CodeIgniter\CodeIgniter->runController(Object(App\Controllers\Admin\Dashboard\Dashboard))
#9 /Users/mike/Task/kibar-cms/system/CodeIgniter.php(308): CodeIgniter\CodeIgniter->handleRequest(NULL, Object(Config\Cache), false)
#10 /Users/mike/Task/kibar-cms/public/index.php(45): CodeIgniter\CodeIgniter->run()
#11 /Users/mike/Task/kibar-cms/system/Commands/Server/rewrite.php(34): require_once('/Users/mike/Tas...')
#12 {main}
CRITICAL - 2021-03-29 07:48:34 --> Request URI segment is our of range: {0}
#0 /Users/mike/Task/kibar-cms/system/HTTP/URI.php(485): CodeIgniter\HTTP\Exceptions\HTTPException::forURISegmentOutOfRange(1)
#1 /Users/mike/Task/kibar-cms/app/Views/templates/admin/navbar.php(15): CodeIgniter\HTTP\URI->getSegment(1)
#2 /Users/mike/Task/kibar-cms/system/View/View.php(246): include('/Users/mike/Tas...')
#3 /Users/mike/Task/kibar-cms/system/View/View.php(525): CodeIgniter\View\View->render('templates/admin...', NULL, true)
#4 /Users/mike/Task/kibar-cms/app/Views/dashboard/index.php(7): CodeIgniter\View\View->include('templates/admin...')
#5 /Users/mike/Task/kibar-cms/system/View/View.php(246): include('/Users/mike/Tas...')
#6 /Users/mike/Task/kibar-cms/system/Common.php(1087): CodeIgniter\View\View->render('dashboard/index', Array, true)
#7 /Users/mike/Task/kibar-cms/app/Controllers/Admin/Dashboard/Dashboard.php(18): view('dashboard/index')
#8 /Users/mike/Task/kibar-cms/system/CodeIgniter.php(914): App\Controllers\Admin\Dashboard\Dashboard->index()
#9 /Users/mike/Task/kibar-cms/system/CodeIgniter.php(400): CodeIgniter\CodeIgniter->runController(Object(App\Controllers\Admin\Dashboard\Dashboard))
#10 /Users/mike/Task/kibar-cms/system/CodeIgniter.php(308): CodeIgniter\CodeIgniter->handleRequest(NULL, Object(Config\Cache), false)
#11 /Users/mike/Task/kibar-cms/public/index.php(45): CodeIgniter\CodeIgniter->run()
#12 /Users/mike/Task/kibar-cms/system/Commands/Server/rewrite.php(34): require_once('/Users/mike/Tas...')
#13 {main}
CRITICAL - 2021-03-29 07:49:14 --> Request URI segment is our of range: {0}
#0 /Users/mike/Task/kibar-cms/system/HTTP/URI.php(485): CodeIgniter\HTTP\Exceptions\HTTPException::forURISegmentOutOfRange(1)
#1 /Users/mike/Task/kibar-cms/app/Views/templates/admin/navbar.php(15): CodeIgniter\HTTP\URI->getSegment(1)
#2 /Users/mike/Task/kibar-cms/system/View/View.php(246): include('/Users/mike/Tas...')
#3 /Users/mike/Task/kibar-cms/system/View/View.php(525): CodeIgniter\View\View->render('templates/admin...', NULL, true)
#4 /Users/mike/Task/kibar-cms/app/Views/dashboard/index.php(7): CodeIgniter\View\View->include('templates/admin...')
#5 /Users/mike/Task/kibar-cms/system/View/View.php(246): include('/Users/mike/Tas...')
#6 /Users/mike/Task/kibar-cms/system/Common.php(1087): CodeIgniter\View\View->render('dashboard/index', Array, true)
#7 /Users/mike/Task/kibar-cms/app/Controllers/Admin/Dashboard/Dashboard.php(18): view('dashboard/index')
#8 /Users/mike/Task/kibar-cms/system/CodeIgniter.php(914): App\Controllers\Admin\Dashboard\Dashboard->index()
#9 /Users/mike/Task/kibar-cms/system/CodeIgniter.php(400): CodeIgniter\CodeIgniter->runController(Object(App\Controllers\Admin\Dashboard\Dashboard))
#10 /Users/mike/Task/kibar-cms/system/CodeIgniter.php(308): CodeIgniter\CodeIgniter->handleRequest(NULL, Object(Config\Cache), false)
#11 /Users/mike/Task/kibar-cms/public/index.php(45): CodeIgniter\CodeIgniter->run()
#12 /Users/mike/Task/kibar-cms/system/Commands/Server/rewrite.php(34): require_once('/Users/mike/Tas...')
#13 {main}
CRITICAL - 2021-03-29 07:49:17 --> Request URI segment is our of range: {0}
#0 /Users/mike/Task/kibar-cms/system/HTTP/URI.php(485): CodeIgniter\HTTP\Exceptions\HTTPException::forURISegmentOutOfRange(2)
#1 /Users/mike/Task/kibar-cms/app/Views/templates/admin/navbar.php(49): CodeIgniter\HTTP\URI->getSegment(2)
#2 /Users/mike/Task/kibar-cms/system/View/View.php(246): include('/Users/mike/Tas...')
#3 /Users/mike/Task/kibar-cms/system/View/View.php(525): CodeIgniter\View\View->render('templates/admin...', NULL, true)
#4 /Users/mike/Task/kibar-cms/app/Views/dashboard/index.php(7): CodeIgniter\View\View->include('templates/admin...')
#5 /Users/mike/Task/kibar-cms/system/View/View.php(246): include('/Users/mike/Tas...')
#6 /Users/mike/Task/kibar-cms/system/Common.php(1087): CodeIgniter\View\View->render('dashboard/index', Array, true)
#7 /Users/mike/Task/kibar-cms/app/Controllers/Admin/Dashboard/Dashboard.php(18): view('dashboard/index')
#8 /Users/mike/Task/kibar-cms/system/CodeIgniter.php(914): App\Controllers\Admin\Dashboard\Dashboard->index()
#9 /Users/mike/Task/kibar-cms/system/CodeIgniter.php(400): CodeIgniter\CodeIgniter->runController(Object(App\Controllers\Admin\Dashboard\Dashboard))
#10 /Users/mike/Task/kibar-cms/system/CodeIgniter.php(308): CodeIgniter\CodeIgniter->handleRequest(NULL, Object(Config\Cache), false)
#11 /Users/mike/Task/kibar-cms/public/index.php(45): CodeIgniter\CodeIgniter->run()
#12 /Users/mike/Task/kibar-cms/system/Commands/Server/rewrite.php(34): require_once('/Users/mike/Tas...')
#13 {main}
CRITICAL - 2021-03-29 07:50:29 --> Undefined variable: result
#0 /Users/mike/Task/kibar-cms/app/Views/templates/admin/foot.php(33): CodeIgniter\Debug\Exceptions->errorHandler(8, 'Undefined varia...', '/Users/mike/Tas...', 33, Array)
#1 /Users/mike/Task/kibar-cms/system/View/View.php(246): include('/Users/mike/Tas...')
#2 /Users/mike/Task/kibar-cms/system/View/View.php(525): CodeIgniter\View\View->render('templates/admin...', NULL, true)
#3 /Users/mike/Task/kibar-cms/app/Views/club/index.php(308): CodeIgniter\View\View->include('templates/admin...')
#4 /Users/mike/Task/kibar-cms/system/View/View.php(246): include('/Users/mike/Tas...')
#5 /Users/mike/Task/kibar-cms/system/Common.php(1087): CodeIgniter\View\View->render('club/index', Array, true)
#6 /Users/mike/Task/kibar-cms/app/Controllers/Admin/Club/Club.php(16): view('club/index', Array)
#7 /Users/mike/Task/kibar-cms/system/CodeIgniter.php(914): App\Controllers\Admin\Club\Club->index()
#8 /Users/mike/Task/kibar-cms/system/CodeIgniter.php(400): CodeIgniter\CodeIgniter->runController(Object(App\Controllers\Admin\Club\Club))
#9 /Users/mike/Task/kibar-cms/system/CodeIgniter.php(308): CodeIgniter\CodeIgniter->handleRequest(NULL, Object(Config\Cache), false)
#10 /Users/mike/Task/kibar-cms/public/index.php(45): CodeIgniter\CodeIgniter->run()
#11 /Users/mike/Task/kibar-cms/system/Commands/Server/rewrite.php(34): require_once('/Users/mike/Tas...')
#12 {main}
CRITICAL - 2021-03-29 08:07:38 --> Undefined variable: result
#0 /Users/mike/Task/kibar-cms/app/Views/templates/admin/foot.php(33): CodeIgniter\Debug\Exceptions->errorHandler(8, 'Undefined varia...', '/Users/mike/Tas...', 33, Array)
#1 /Users/mike/Task/kibar-cms/system/View/View.php(246): include('/Users/mike/Tas...')
#2 /Users/mike/Task/kibar-cms/system/View/View.php(525): CodeIgniter\View\View->render('templates/admin...', NULL, true)
#3 /Users/mike/Task/kibar-cms/app/Views/transaction/index.php(69): CodeIgniter\View\View->include('templates/admin...')
#4 /Users/mike/Task/kibar-cms/system/View/View.php(246): include('/Users/mike/Tas...')
#5 /Users/mike/Task/kibar-cms/system/Common.php(1087): CodeIgniter\View\View->render('transaction/ind...', Array, true)
#6 /Users/mike/Task/kibar-cms/app/Controllers/Admin/Transaction/Transaction.php(19): view('transaction/ind...', Array)
#7 /Users/mike/Task/kibar-cms/system/CodeIgniter.php(914): App\Controllers\Admin\Transaction\Transaction->index()
#8 /Users/mike/Task/kibar-cms/system/CodeIgniter.php(400): CodeIgniter\CodeIgniter->runController(Object(App\Controllers\Admin\Transaction\Transaction))
#9 /Users/mike/Task/kibar-cms/system/CodeIgniter.php(308): CodeIgniter\CodeIgniter->handleRequest(NULL, Object(Config\Cache), false)
#10 /Users/mike/Task/kibar-cms/public/index.php(45): CodeIgniter\CodeIgniter->run()
#11 /Users/mike/Task/kibar-cms/system/Commands/Server/rewrite.php(34): require_once('/Users/mike/Tas...')
#12 {main}
CRITICAL - 2021-03-29 08:09:25 --> Undefined variable: result
#0 /Users/mike/Task/kibar-cms/app/Views/templates/admin/footdashboard.php(34): CodeIgniter\Debug\Exceptions->errorHandler(8, 'Undefined varia...', '/Users/mike/Tas...', 34, Array)
#1 /Users/mike/Task/kibar-cms/system/View/View.php(246): include('/Users/mike/Tas...')
#2 /Users/mike/Task/kibar-cms/system/View/View.php(525): CodeIgniter\View\View->render('templates/admin...', NULL, true)
#3 /Users/mike/Task/kibar-cms/app/Views/dashboard/index.php(38): CodeIgniter\View\View->include('templates/admin...')
#4 /Users/mike/Task/kibar-cms/system/View/View.php(246): include('/Users/mike/Tas...')
#5 /Users/mike/Task/kibar-cms/system/Common.php(1087): CodeIgniter\View\View->render('dashboard/index', Array, true)
#6 /Users/mike/Task/kibar-cms/app/Controllers/Admin/Dashboard/Dashboard.php(18): view('dashboard/index')
#7 /Users/mike/Task/kibar-cms/system/CodeIgniter.php(914): App\Controllers\Admin\Dashboard\Dashboard->index()
#8 /Users/mike/Task/kibar-cms/system/CodeIgniter.php(400): CodeIgniter\CodeIgniter->runController(Object(App\Controllers\Admin\Dashboard\Dashboard))
#9 /Users/mike/Task/kibar-cms/system/CodeIgniter.php(308): CodeIgniter\CodeIgniter->handleRequest(NULL, Object(Config\Cache), false)
#10 /Users/mike/Task/kibar-cms/public/index.php(45): CodeIgniter\CodeIgniter->run()
#11 /Users/mike/Task/kibar-cms/system/Commands/Server/rewrite.php(34): require_once('/Users/mike/Tas...')
#12 {main}
CRITICAL - 2021-03-29 08:43:53 --> Undefined variable: new
#0 /Users/mike/Task/kibar-cms/app/Views/report/index.php(57): CodeIgniter\Debug\Exceptions->errorHandler(8, 'Undefined varia...', '/Users/mike/Tas...', 57, Array)
#1 /Users/mike/Task/kibar-cms/system/View/View.php(246): include('/Users/mike/Tas...')
#2 /Users/mike/Task/kibar-cms/system/Common.php(1087): CodeIgniter\View\View->render('report/index', Array, true)
#3 /Users/mike/Task/kibar-cms/app/Controllers/Admin/Report/Report.php(36): view('report/index', Array)
#4 /Users/mike/Task/kibar-cms/system/CodeIgniter.php(914): App\Controllers\Admin\Report\Report->index()
#5 /Users/mike/Task/kibar-cms/system/CodeIgniter.php(400): CodeIgniter\CodeIgniter->runController(Object(App\Controllers\Admin\Report\Report))
#6 /Users/mike/Task/kibar-cms/system/CodeIgniter.php(308): CodeIgniter\CodeIgniter->handleRequest(NULL, Object(Config\Cache), false)
#7 /Users/mike/Task/kibar-cms/public/index.php(45): CodeIgniter\CodeIgniter->run()
#8 /Users/mike/Task/kibar-cms/system/Commands/Server/rewrite.php(34): require_once('/Users/mike/Tas...')
#9 {main}
CRITICAL - 2021-03-29 09:52:31 --> Undefined property: stdClass::$article_id
#0 /Users/mike/Task/kibar-cms/app/Controllers/Admin/Report/Report.php(68): CodeIgniter\Debug\Exceptions->errorHandler(8, 'Undefined prope...', '/Users/mike/Tas...', 68, Array)
#1 /Users/mike/Task/kibar-cms/system/CodeIgniter.php(914): App\Controllers\Admin\Report\Report->detail()
#2 /Users/mike/Task/kibar-cms/system/CodeIgniter.php(400): CodeIgniter\CodeIgniter->runController(Object(App\Controllers\Admin\Report\Report))
#3 /Users/mike/Task/kibar-cms/system/CodeIgniter.php(308): CodeIgniter\CodeIgniter->handleRequest(NULL, Object(Config\Cache), false)
#4 /Users/mike/Task/kibar-cms/public/index.php(45): CodeIgniter\CodeIgniter->run()
#5 /Users/mike/Task/kibar-cms/system/Commands/Server/rewrite.php(34): require_once('/Users/mike/Tas...')
#6 {main}
CRITICAL - 2021-03-29 10:56:40 --> Trying to get property 'persentage' of non-object
#0 /Users/mike/Task/kibar-cms/app/Controllers/Admin/Report/Report.php(111): CodeIgniter\Debug\Exceptions->errorHandler(8, 'Trying to get p...', '/Users/mike/Tas...', 111, Array)
#1 /Users/mike/Task/kibar-cms/system/CodeIgniter.php(914): App\Controllers\Admin\Report\Report->lihat()
#2 /Users/mike/Task/kibar-cms/system/CodeIgniter.php(400): CodeIgniter\CodeIgniter->runController(Object(App\Controllers\Admin\Report\Report))
#3 /Users/mike/Task/kibar-cms/system/CodeIgniter.php(308): CodeIgniter\CodeIgniter->handleRequest(NULL, Object(Config\Cache), false)
#4 /Users/mike/Task/kibar-cms/public/index.php(45): CodeIgniter\CodeIgniter->run()
#5 /Users/mike/Task/kibar-cms/system/Commands/Server/rewrite.php(34): require_once('/Users/mike/Tas...')
#6 {main}
CRITICAL - 2021-03-29 10:57:09 --> Undefined variable: persen
#0 /Users/mike/Task/kibar-cms/app/Views/templates/admin/footdashboard.php(34): CodeIgniter\Debug\Exceptions->errorHandler(8, 'Undefined varia...', '/Users/mike/Tas...', 34, Array)
#1 /Users/mike/Task/kibar-cms/system/View/View.php(246): include('/Users/mike/Tas...')
#2 /Users/mike/Task/kibar-cms/system/View/View.php(525): CodeIgniter\View\View->render('templates/admin...', NULL, true)
#3 /Users/mike/Task/kibar-cms/app/Views/report/index.php(160): CodeIgniter\View\View->include('templates/admin...')
#4 /Users/mike/Task/kibar-cms/system/View/View.php(246): include('/Users/mike/Tas...')
#5 /Users/mike/Task/kibar-cms/system/Common.php(1087): CodeIgniter\View\View->render('report/index', Array, true)
#6 /Users/mike/Task/kibar-cms/app/Controllers/Admin/Report/Report.php(34): view('report/index', Array)
#7 /Users/mike/Task/kibar-cms/system/CodeIgniter.php(914): App\Controllers\Admin\Report\Report->index()
#8 /Users/mike/Task/kibar-cms/system/CodeIgniter.php(400): CodeIgniter\CodeIgniter->runController(Object(App\Controllers\Admin\Report\Report))
#9 /Users/mike/Task/kibar-cms/system/CodeIgniter.php(308): CodeIgniter\CodeIgniter->handleRequest(NULL, Object(Config\Cache), false)
#10 /Users/mike/Task/kibar-cms/public/index.php(45): CodeIgniter\CodeIgniter->run()
#11 /Users/mike/Task/kibar-cms/system/Commands/Server/rewrite.php(34): require_once('/Users/mike/Tas...')
#12 {main}
CRITICAL - 2021-03-29 10:58:36 --> Undefined property: stdClass::$persentage
#0 /Users/mike/Task/kibar-cms/app/Controllers/Admin/Report/Report.php(112): CodeIgniter\Debug\Exceptions->errorHandler(8, 'Undefined prope...', '/Users/mike/Tas...', 112, Array)
#1 /Users/mike/Task/kibar-cms/system/CodeIgniter.php(914): App\Controllers\Admin\Report\Report->lihat()
#2 /Users/mike/Task/kibar-cms/system/CodeIgniter.php(400): CodeIgniter\CodeIgniter->runController(Object(App\Controllers\Admin\Report\Report))
#3 /Users/mike/Task/kibar-cms/system/CodeIgniter.php(308): CodeIgniter\CodeIgniter->handleRequest(NULL, Object(Config\Cache), false)
#4 /Users/mike/Task/kibar-cms/public/index.php(45): CodeIgniter\CodeIgniter->run()
#5 /Users/mike/Task/kibar-cms/system/Commands/Server/rewrite.php(34): require_once('/Users/mike/Tas...')
#6 {main}
CRITICAL - 2021-03-29 11:00:28 --> Undefined variable: persen
#0 /Users/mike/Task/kibar-cms/app/Views/templates/admin/footdashboard.php(34): CodeIgniter\Debug\Exceptions->errorHandler(8, 'Undefined varia...', '/Users/mike/Tas...', 34, Array)
#1 /Users/mike/Task/kibar-cms/system/View/View.php(246): include('/Users/mike/Tas...')
#2 /Users/mike/Task/kibar-cms/system/View/View.php(525): CodeIgniter\View\View->render('templates/admin...', NULL, true)
#3 /Users/mike/Task/kibar-cms/app/Views/report/index.php(160): CodeIgniter\View\View->include('templates/admin...')
#4 /Users/mike/Task/kibar-cms/system/View/View.php(246): include('/Users/mike/Tas...')
#5 /Users/mike/Task/kibar-cms/system/Common.php(1087): CodeIgniter\View\View->render('report/index', Array, true)
#6 /Users/mike/Task/kibar-cms/app/Controllers/Admin/Report/Report.php(34): view('report/index', Array)
#7 /Users/mike/Task/kibar-cms/system/CodeIgniter.php(914): App\Controllers\Admin\Report\Report->index()
#8 /Users/mike/Task/kibar-cms/system/CodeIgniter.php(400): CodeIgniter\CodeIgniter->runController(Object(App\Controllers\Admin\Report\Report))
#9 /Users/mike/Task/kibar-cms/system/CodeIgniter.php(308): CodeIgniter\CodeIgniter->handleRequest(NULL, Object(Config\Cache), false)
#10 /Users/mike/Task/kibar-cms/public/index.php(45): CodeIgniter\CodeIgniter->run()
#11 /Users/mike/Task/kibar-cms/system/Commands/Server/rewrite.php(34): require_once('/Users/mike/Tas...')
#12 {main}
CRITICAL - 2021-03-29 11:00:53 --> Undefined variable: persen
#0 /Users/mike/Task/kibar-cms/app/Views/templates/admin/footdashboard.php(34): CodeIgniter\Debug\Exceptions->errorHandler(8, 'Undefined varia...', '/Users/mike/Tas...', 34, Array)
#1 /Users/mike/Task/kibar-cms/system/View/View.php(246): include('/Users/mike/Tas...')
#2 /Users/mike/Task/kibar-cms/system/View/View.php(525): CodeIgniter\View\View->render('templates/admin...', NULL, true)
#3 /Users/mike/Task/kibar-cms/app/Views/report/index.php(160): CodeIgniter\View\View->include('templates/admin...')
#4 /Users/mike/Task/kibar-cms/system/View/View.php(246): include('/Users/mike/Tas...')
#5 /Users/mike/Task/kibar-cms/system/Common.php(1087): CodeIgniter\View\View->render('report/index', Array, true)
#6 /Users/mike/Task/kibar-cms/app/Controllers/Admin/Report/Report.php(34): view('report/index', Array)
#7 /Users/mike/Task/kibar-cms/system/CodeIgniter.php(914): App\Controllers\Admin\Report\Report->index()
#8 /Users/mike/Task/kibar-cms/system/CodeIgniter.php(400): CodeIgniter\CodeIgniter->runController(Object(App\Controllers\Admin\Report\Report))
#9 /Users/mike/Task/kibar-cms/system/CodeIgniter.php(308): CodeIgniter\CodeIgniter->handleRequest(NULL, Object(Config\Cache), false)
#10 /Users/mike/Task/kibar-cms/public/index.php(45): CodeIgniter\CodeIgniter->run()
#11 /Users/mike/Task/kibar-cms/system/Commands/Server/rewrite.php(34): require_once('/Users/mike/Tas...')
#12 {main}
CRITICAL - 2021-03-29 11:02:18 --> Undefined variable: persen
#0 /Users/mike/Task/kibar-cms/app/Views/templates/admin/footdashboard.php(34): CodeIgniter\Debug\Exceptions->errorHandler(8, 'Undefined varia...', '/Users/mike/Tas...', 34, Array)
#1 /Users/mike/Task/kibar-cms/system/View/View.php(246): include('/Users/mike/Tas...')
#2 /Users/mike/Task/kibar-cms/system/View/View.php(525): CodeIgniter\View\View->render('templates/admin...', NULL, true)
#3 /Users/mike/Task/kibar-cms/app/Views/report/index.php(160): CodeIgniter\View\View->include('templates/admin...')
#4 /Users/mike/Task/kibar-cms/system/View/View.php(246): include('/Users/mike/Tas...')
#5 /Users/mike/Task/kibar-cms/system/Common.php(1087): CodeIgniter\View\View->render('report/index', Array, true)
#6 /Users/mike/Task/kibar-cms/app/Controllers/Admin/Report/Report.php(34): view('report/index', Array)
#7 /Users/mike/Task/kibar-cms/system/CodeIgniter.php(914): App\Controllers\Admin\Report\Report->index()
#8 /Users/mike/Task/kibar-cms/system/CodeIgniter.php(400): CodeIgniter\CodeIgniter->runController(Object(App\Controllers\Admin\Report\Report))
#9 /Users/mike/Task/kibar-cms/system/CodeIgniter.php(308): CodeIgniter\CodeIgniter->handleRequest(NULL, Object(Config\Cache), false)
#10 /Users/mike/Task/kibar-cms/public/index.php(45): CodeIgniter\CodeIgniter->run()
#11 /Users/mike/Task/kibar-cms/system/Commands/Server/rewrite.php(34): require_once('/Users/mike/Tas...')
#12 {main}
CRITICAL - 2021-03-29 11:03:54 --> Undefined offset: 0
#0 /Users/mike/Task/kibar-cms/app/Controllers/Admin/Report/Report.php(147): CodeIgniter\Debug\Exceptions->errorHandler(8, 'Undefined offse...', '/Users/mike/Tas...', 147, Array)
#1 /Users/mike/Task/kibar-cms/system/CodeIgniter.php(914): App\Controllers\Admin\Report\Report->persentage()
#2 /Users/mike/Task/kibar-cms/system/CodeIgniter.php(400): CodeIgniter\CodeIgniter->runController(Object(App\Controllers\Admin\Report\Report))
#3 /Users/mike/Task/kibar-cms/system/CodeIgniter.php(308): CodeIgniter\CodeIgniter->handleRequest(NULL, Object(Config\Cache), false)
#4 /Users/mike/Task/kibar-cms/public/index.php(45): CodeIgniter\CodeIgniter->run()
#5 /Users/mike/Task/kibar-cms/system/Commands/Server/rewrite.php(34): require_once('/Users/mike/Tas...')
#6 {main}
CRITICAL - 2021-03-29 11:03:57 --> Undefined offset: 0
#0 /Users/mike/Task/kibar-cms/app/Controllers/Admin/Report/Report.php(147): CodeIgniter\Debug\Exceptions->errorHandler(8, 'Undefined offse...', '/Users/mike/Tas...', 147, Array)
#1 /Users/mike/Task/kibar-cms/system/CodeIgniter.php(914): App\Controllers\Admin\Report\Report->persentage()
#2 /Users/mike/Task/kibar-cms/system/CodeIgniter.php(400): CodeIgniter\CodeIgniter->runController(Object(App\Controllers\Admin\Report\Report))
#3 /Users/mike/Task/kibar-cms/system/CodeIgniter.php(308): CodeIgniter\CodeIgniter->handleRequest(NULL, Object(Config\Cache), false)
#4 /Users/mike/Task/kibar-cms/public/index.php(45): CodeIgniter\CodeIgniter->run()
#5 /Users/mike/Task/kibar-cms/system/Commands/Server/rewrite.php(34): require_once('/Users/mike/Tas...')
#6 {main}
CRITICAL - 2021-03-29 11:04:06 --> Undefined offset: 0
#0 /Users/mike/Task/kibar-cms/app/Controllers/Admin/Report/Report.php(147): CodeIgniter\Debug\Exceptions->errorHandler(8, 'Undefined offse...', '/Users/mike/Tas...', 147, Array)
#1 /Users/mike/Task/kibar-cms/system/CodeIgniter.php(914): App\Controllers\Admin\Report\Report->persentage()
#2 /Users/mike/Task/kibar-cms/system/CodeIgniter.php(400): CodeIgniter\CodeIgniter->runController(Object(App\Controllers\Admin\Report\Report))
#3 /Users/mike/Task/kibar-cms/system/CodeIgniter.php(308): CodeIgniter\CodeIgniter->handleRequest(NULL, Object(Config\Cache), false)
#4 /Users/mike/Task/kibar-cms/public/index.php(45): CodeIgniter\CodeIgniter->run()
#5 /Users/mike/Task/kibar-cms/system/Commands/Server/rewrite.php(34): require_once('/Users/mike/Tas...')
#6 {main}
CRITICAL - 2021-03-29 11:04:06 --> Undefined offset: 0
#0 /Users/mike/Task/kibar-cms/app/Controllers/Admin/Report/Report.php(147): CodeIgniter\Debug\Exceptions->errorHandler(8, 'Undefined offse...', '/Users/mike/Tas...', 147, Array)
#1 /Users/mike/Task/kibar-cms/system/CodeIgniter.php(914): App\Controllers\Admin\Report\Report->persentage()
#2 /Users/mike/Task/kibar-cms/system/CodeIgniter.php(400): CodeIgniter\CodeIgniter->runController(Object(App\Controllers\Admin\Report\Report))
#3 /Users/mike/Task/kibar-cms/system/CodeIgniter.php(308): CodeIgniter\CodeIgniter->handleRequest(NULL, Object(Config\Cache), false)
#4 /Users/mike/Task/kibar-cms/public/index.php(45): CodeIgniter\CodeIgniter->run()
#5 /Users/mike/Task/kibar-cms/system/Commands/Server/rewrite.php(34): require_once('/Users/mike/Tas...')
#6 {main}
CRITICAL - 2021-03-29 11:04:11 --> Undefined offset: 0
#0 /Users/mike/Task/kibar-cms/app/Controllers/Admin/Report/Report.php(147): CodeIgniter\Debug\Exceptions->errorHandler(8, 'Undefined offse...', '/Users/mike/Tas...', 147, Array)
#1 /Users/mike/Task/kibar-cms/system/CodeIgniter.php(914): App\Controllers\Admin\Report\Report->persentage()
#2 /Users/mike/Task/kibar-cms/system/CodeIgniter.php(400): CodeIgniter\CodeIgniter->runController(Object(App\Controllers\Admin\Report\Report))
#3 /Users/mike/Task/kibar-cms/system/CodeIgniter.php(308): CodeIgniter\CodeIgniter->handleRequest(NULL, Object(Config\Cache), false)
#4 /Users/mike/Task/kibar-cms/public/index.php(45): CodeIgniter\CodeIgniter->run()
#5 /Users/mike/Task/kibar-cms/system/Commands/Server/rewrite.php(34): require_once('/Users/mike/Tas...')
#6 {main}
CRITICAL - 2021-03-29 11:04:11 --> Undefined offset: 0
#0 /Users/mike/Task/kibar-cms/app/Controllers/Admin/Report/Report.php(147): CodeIgniter\Debug\Exceptions->errorHandler(8, 'Undefined offse...', '/Users/mike/Tas...', 147, Array)
#1 /Users/mike/Task/kibar-cms/system/CodeIgniter.php(914): App\Controllers\Admin\Report\Report->persentage()
#2 /Users/mike/Task/kibar-cms/system/CodeIgniter.php(400): CodeIgniter\CodeIgniter->runController(Object(App\Controllers\Admin\Report\Report))
#3 /Users/mike/Task/kibar-cms/system/CodeIgniter.php(308): CodeIgniter\CodeIgniter->handleRequest(NULL, Object(Config\Cache), false)
#4 /Users/mike/Task/kibar-cms/public/index.php(45): CodeIgniter\CodeIgniter->run()
#5 /Users/mike/Task/kibar-cms/system/Commands/Server/rewrite.php(34): require_once('/Users/mike/Tas...')
#6 {main}
CRITICAL - 2021-03-29 11:04:11 --> Undefined offset: 0
#0 /Users/mike/Task/kibar-cms/app/Controllers/Admin/Report/Report.php(147): CodeIgniter\Debug\Exceptions->errorHandler(8, 'Undefined offse...', '/Users/mike/Tas...', 147, Array)
#1 /Users/mike/Task/kibar-cms/system/CodeIgniter.php(914): App\Controllers\Admin\Report\Report->persentage()
#2 /Users/mike/Task/kibar-cms/system/CodeIgniter.php(400): CodeIgniter\CodeIgniter->runController(Object(App\Controllers\Admin\Report\Report))
#3 /Users/mike/Task/kibar-cms/system/CodeIgniter.php(308): CodeIgniter\CodeIgniter->handleRequest(NULL, Object(Config\Cache), false)
#4 /Users/mike/Task/kibar-cms/public/index.php(45): CodeIgniter\CodeIgniter->run()
#5 /Users/mike/Task/kibar-cms/system/Commands/Server/rewrite.php(34): require_once('/Users/mike/Tas...')
#6 {main}
