CRITICAL - 2021-09-05 07:59:32 --> Undefined property: stdClass::$billing_uid
#0 /Users/mike/Task/kibar-cms/app/Views/transaction/index.php(45): CodeIgniter\Debug\Exceptions->errorHandler(8, 'Undefined prope...', '/Users/mike/Tas...', 45, Array)
#1 /Users/mike/Task/kibar-cms/system/View/View.php(246): include('/Users/mike/Tas...')
#2 /Users/mike/Task/kibar-cms/system/Common.php(1087): CodeIgniter\View\View->render('transaction/ind...', Array, true)
#3 /Users/mike/Task/kibar-cms/app/Controllers/Admin/Transaction/Transaction.php(19): view('transaction/ind...', Array)
#4 /Users/mike/Task/kibar-cms/system/CodeIgniter.php(914): App\Controllers\Admin\Transaction\Transaction->index()
#5 /Users/mike/Task/kibar-cms/system/CodeIgniter.php(400): CodeIgniter\CodeIgniter->runController(Object(App\Controllers\Admin\Transaction\Transaction))
#6 /Users/mike/Task/kibar-cms/system/CodeIgniter.php(308): CodeIgniter\CodeIgniter->handleRequest(NULL, Object(Config\Cache), false)
#7 /Users/mike/Task/kibar-cms/public/index.php(45): CodeIgniter\CodeIgniter->run()
#8 /Users/mike/Task/kibar-cms/system/Commands/Server/rewrite.php(34): require_once('/Users/mike/Tas...')
#9 {main}
CRITICAL - 2021-09-05 08:01:19 --> Undefined property: stdClass::$billing_uid
#0 /Users/mike/Task/kibar-cms/app/Views/transaction/index.php(45): CodeIgniter\Debug\Exceptions->errorHandler(8, 'Undefined prope...', '/Users/mike/Tas...', 45, Array)
#1 /Users/mike/Task/kibar-cms/system/View/View.php(246): include('/Users/mike/Tas...')
#2 /Users/mike/Task/kibar-cms/system/Common.php(1087): CodeIgniter\View\View->render('transaction/ind...', Array, true)
#3 /Users/mike/Task/kibar-cms/app/Controllers/Admin/Transaction/Transaction.php(19): view('transaction/ind...', Array)
#4 /Users/mike/Task/kibar-cms/system/CodeIgniter.php(914): App\Controllers\Admin\Transaction\Transaction->index()
#5 /Users/mike/Task/kibar-cms/system/CodeIgniter.php(400): CodeIgniter\CodeIgniter->runController(Object(App\Controllers\Admin\Transaction\Transaction))
#6 /Users/mike/Task/kibar-cms/system/CodeIgniter.php(308): CodeIgniter\CodeIgniter->handleRequest(NULL, Object(Config\Cache), false)
#7 /Users/mike/Task/kibar-cms/public/index.php(45): CodeIgniter\CodeIgniter->run()
#8 /Users/mike/Task/kibar-cms/system/Commands/Server/rewrite.php(34): require_once('/Users/mike/Tas...')
#9 {main}
CRITICAL - 2021-09-05 08:02:51 --> Trying to get property 'report' of non-object
#0 /Users/mike/Task/kibar-cms/app/Views/transaction/index.php(43): CodeIgniter\Debug\Exceptions->errorHandler(8, 'Trying to get p...', '/Users/mike/Tas...', 43, Array)
#1 /Users/mike/Task/kibar-cms/system/View/View.php(246): include('/Users/mike/Tas...')
#2 /Users/mike/Task/kibar-cms/system/Common.php(1087): CodeIgniter\View\View->render('transaction/ind...', Array, true)
#3 /Users/mike/Task/kibar-cms/app/Controllers/Admin/Transaction/Transaction.php(19): view('transaction/ind...', Array)
#4 /Users/mike/Task/kibar-cms/system/CodeIgniter.php(914): App\Controllers\Admin\Transaction\Transaction->index()
#5 /Users/mike/Task/kibar-cms/system/CodeIgniter.php(400): CodeIgniter\CodeIgniter->runController(Object(App\Controllers\Admin\Transaction\Transaction))
#6 /Users/mike/Task/kibar-cms/system/CodeIgniter.php(308): CodeIgniter\CodeIgniter->handleRequest(NULL, Object(Config\Cache), false)
#7 /Users/mike/Task/kibar-cms/public/index.php(45): CodeIgniter\CodeIgniter->run()
#8 /Users/mike/Task/kibar-cms/system/Commands/Server/rewrite.php(34): require_once('/Users/mike/Tas...')
#9 {main}
CRITICAL - 2021-09-05 08:03:13 --> Trying to get property 'report' of non-object
#0 /Users/mike/Task/kibar-cms/app/Views/transaction/index.php(43): CodeIgniter\Debug\Exceptions->errorHandler(8, 'Trying to get p...', '/Users/mike/Tas...', 43, Array)
#1 /Users/mike/Task/kibar-cms/system/View/View.php(246): include('/Users/mike/Tas...')
#2 /Users/mike/Task/kibar-cms/system/Common.php(1087): CodeIgniter\View\View->render('transaction/ind...', Array, true)
#3 /Users/mike/Task/kibar-cms/app/Controllers/Admin/Transaction/Transaction.php(19): view('transaction/ind...', Array)
#4 /Users/mike/Task/kibar-cms/system/CodeIgniter.php(914): App\Controllers\Admin\Transaction\Transaction->index()
#5 /Users/mike/Task/kibar-cms/system/CodeIgniter.php(400): CodeIgniter\CodeIgniter->runController(Object(App\Controllers\Admin\Transaction\Transaction))
#6 /Users/mike/Task/kibar-cms/system/CodeIgniter.php(308): CodeIgniter\CodeIgniter->handleRequest(NULL, Object(Config\Cache), false)
#7 /Users/mike/Task/kibar-cms/public/index.php(45): CodeIgniter\CodeIgniter->run()
#8 /Users/mike/Task/kibar-cms/system/Commands/Server/rewrite.php(34): require_once('/Users/mike/Tas...')
#9 {main}
CRITICAL - 2021-09-05 08:03:14 --> Trying to get property 'report' of non-object
#0 /Users/mike/Task/kibar-cms/app/Views/transaction/index.php(43): CodeIgniter\Debug\Exceptions->errorHandler(8, 'Trying to get p...', '/Users/mike/Tas...', 43, Array)
#1 /Users/mike/Task/kibar-cms/system/View/View.php(246): include('/Users/mike/Tas...')
#2 /Users/mike/Task/kibar-cms/system/Common.php(1087): CodeIgniter\View\View->render('transaction/ind...', Array, true)
#3 /Users/mike/Task/kibar-cms/app/Controllers/Admin/Transaction/Transaction.php(19): view('transaction/ind...', Array)
#4 /Users/mike/Task/kibar-cms/system/CodeIgniter.php(914): App\Controllers\Admin\Transaction\Transaction->index()
#5 /Users/mike/Task/kibar-cms/system/CodeIgniter.php(400): CodeIgniter\CodeIgniter->runController(Object(App\Controllers\Admin\Transaction\Transaction))
#6 /Users/mike/Task/kibar-cms/system/CodeIgniter.php(308): CodeIgniter\CodeIgniter->handleRequest(NULL, Object(Config\Cache), false)
#7 /Users/mike/Task/kibar-cms/public/index.php(45): CodeIgniter\CodeIgniter->run()
#8 /Users/mike/Task/kibar-cms/system/Commands/Server/rewrite.php(34): require_once('/Users/mike/Tas...')
#9 {main}
CRITICAL - 2021-09-05 08:03:14 --> Trying to get property 'report' of non-object
#0 /Users/mike/Task/kibar-cms/app/Views/transaction/index.php(43): CodeIgniter\Debug\Exceptions->errorHandler(8, 'Trying to get p...', '/Users/mike/Tas...', 43, Array)
#1 /Users/mike/Task/kibar-cms/system/View/View.php(246): include('/Users/mike/Tas...')
#2 /Users/mike/Task/kibar-cms/system/Common.php(1087): CodeIgniter\View\View->render('transaction/ind...', Array, true)
#3 /Users/mike/Task/kibar-cms/app/Controllers/Admin/Transaction/Transaction.php(19): view('transaction/ind...', Array)
#4 /Users/mike/Task/kibar-cms/system/CodeIgniter.php(914): App\Controllers\Admin\Transaction\Transaction->index()
#5 /Users/mike/Task/kibar-cms/system/CodeIgniter.php(400): CodeIgniter\CodeIgniter->runController(Object(App\Controllers\Admin\Transaction\Transaction))
#6 /Users/mike/Task/kibar-cms/system/CodeIgniter.php(308): CodeIgniter\CodeIgniter->handleRequest(NULL, Object(Config\Cache), false)
#7 /Users/mike/Task/kibar-cms/public/index.php(45): CodeIgniter\CodeIgniter->run()
#8 /Users/mike/Task/kibar-cms/system/Commands/Server/rewrite.php(34): require_once('/Users/mike/Tas...')
#9 {main}
CRITICAL - 2021-09-05 08:03:14 --> Trying to get property 'report' of non-object
#0 /Users/mike/Task/kibar-cms/app/Views/transaction/index.php(43): CodeIgniter\Debug\Exceptions->errorHandler(8, 'Trying to get p...', '/Users/mike/Tas...', 43, Array)
#1 /Users/mike/Task/kibar-cms/system/View/View.php(246): include('/Users/mike/Tas...')
#2 /Users/mike/Task/kibar-cms/system/Common.php(1087): CodeIgniter\View\View->render('transaction/ind...', Array, true)
#3 /Users/mike/Task/kibar-cms/app/Controllers/Admin/Transaction/Transaction.php(19): view('transaction/ind...', Array)
#4 /Users/mike/Task/kibar-cms/system/CodeIgniter.php(914): App\Controllers\Admin\Transaction\Transaction->index()
#5 /Users/mike/Task/kibar-cms/system/CodeIgniter.php(400): CodeIgniter\CodeIgniter->runController(Object(App\Controllers\Admin\Transaction\Transaction))
#6 /Users/mike/Task/kibar-cms/system/CodeIgniter.php(308): CodeIgniter\CodeIgniter->handleRequest(NULL, Object(Config\Cache), false)
#7 /Users/mike/Task/kibar-cms/public/index.php(45): CodeIgniter\CodeIgniter->run()
#8 /Users/mike/Task/kibar-cms/system/Commands/Server/rewrite.php(34): require_once('/Users/mike/Tas...')
#9 {main}
CRITICAL - 2021-09-05 08:03:15 --> Trying to get property 'report' of non-object
#0 /Users/mike/Task/kibar-cms/app/Views/transaction/index.php(43): CodeIgniter\Debug\Exceptions->errorHandler(8, 'Trying to get p...', '/Users/mike/Tas...', 43, Array)
#1 /Users/mike/Task/kibar-cms/system/View/View.php(246): include('/Users/mike/Tas...')
#2 /Users/mike/Task/kibar-cms/system/Common.php(1087): CodeIgniter\View\View->render('transaction/ind...', Array, true)
#3 /Users/mike/Task/kibar-cms/app/Controllers/Admin/Transaction/Transaction.php(19): view('transaction/ind...', Array)
#4 /Users/mike/Task/kibar-cms/system/CodeIgniter.php(914): App\Controllers\Admin\Transaction\Transaction->index()
#5 /Users/mike/Task/kibar-cms/system/CodeIgniter.php(400): CodeIgniter\CodeIgniter->runController(Object(App\Controllers\Admin\Transaction\Transaction))
#6 /Users/mike/Task/kibar-cms/system/CodeIgniter.php(308): CodeIgniter\CodeIgniter->handleRequest(NULL, Object(Config\Cache), false)
#7 /Users/mike/Task/kibar-cms/public/index.php(45): CodeIgniter\CodeIgniter->run()
#8 /Users/mike/Task/kibar-cms/system/Commands/Server/rewrite.php(34): require_once('/Users/mike/Tas...')
#9 {main}
CRITICAL - 2021-09-05 08:03:15 --> Trying to get property 'report' of non-object
#0 /Users/mike/Task/kibar-cms/app/Views/transaction/index.php(43): CodeIgniter\Debug\Exceptions->errorHandler(8, 'Trying to get p...', '/Users/mike/Tas...', 43, Array)
#1 /Users/mike/Task/kibar-cms/system/View/View.php(246): include('/Users/mike/Tas...')
#2 /Users/mike/Task/kibar-cms/system/Common.php(1087): CodeIgniter\View\View->render('transaction/ind...', Array, true)
#3 /Users/mike/Task/kibar-cms/app/Controllers/Admin/Transaction/Transaction.php(19): view('transaction/ind...', Array)
#4 /Users/mike/Task/kibar-cms/system/CodeIgniter.php(914): App\Controllers\Admin\Transaction\Transaction->index()
#5 /Users/mike/Task/kibar-cms/system/CodeIgniter.php(400): CodeIgniter\CodeIgniter->runController(Object(App\Controllers\Admin\Transaction\Transaction))
#6 /Users/mike/Task/kibar-cms/system/CodeIgniter.php(308): CodeIgniter\CodeIgniter->handleRequest(NULL, Object(Config\Cache), false)
#7 /Users/mike/Task/kibar-cms/public/index.php(45): CodeIgniter\CodeIgniter->run()
#8 /Users/mike/Task/kibar-cms/system/Commands/Server/rewrite.php(34): require_once('/Users/mike/Tas...')
#9 {main}
CRITICAL - 2021-09-05 08:30:14 --> Undefined property: stdClass::$results
#0 /Users/mike/Task/kibar-cms/app/Helpers/product_helper.php(56): CodeIgniter\Debug\Exceptions->errorHandler(8, 'Undefined prope...', '/Users/mike/Tas...', 56, Array)
#1 /Users/mike/Task/kibar-cms/app/Controllers/Admin/Transaction/Transaction.php(28): totalTransaksiPaid()
#2 /Users/mike/Task/kibar-cms/system/CodeIgniter.php(914): App\Controllers\Admin\Transaction\Transaction->paid()
#3 /Users/mike/Task/kibar-cms/system/CodeIgniter.php(400): CodeIgniter\CodeIgniter->runController(Object(App\Controllers\Admin\Transaction\Transaction))
#4 /Users/mike/Task/kibar-cms/system/CodeIgniter.php(308): CodeIgniter\CodeIgniter->handleRequest(NULL, Object(Config\Cache), false)
#5 /Users/mike/Task/kibar-cms/public/index.php(45): CodeIgniter\CodeIgniter->run()
#6 /Users/mike/Task/kibar-cms/system/Commands/Server/rewrite.php(34): require_once('/Users/mike/Tas...')
#7 {main}
CRITICAL - 2021-09-05 08:31:53 --> Trying to get property 'report' of non-object
#0 /Users/mike/Task/kibar-cms/app/Views/transaction/paid.php(47): CodeIgniter\Debug\Exceptions->errorHandler(8, 'Trying to get p...', '/Users/mike/Tas...', 47, Array)
#1 /Users/mike/Task/kibar-cms/system/View/View.php(246): include('/Users/mike/Tas...')
#2 /Users/mike/Task/kibar-cms/system/Common.php(1087): CodeIgniter\View\View->render('transaction/pai...', Array, true)
#3 /Users/mike/Task/kibar-cms/app/Controllers/Admin/Transaction/Transaction.php(31): view('transaction/pai...', Array)
#4 /Users/mike/Task/kibar-cms/system/CodeIgniter.php(914): App\Controllers\Admin\Transaction\Transaction->paid()
#5 /Users/mike/Task/kibar-cms/system/CodeIgniter.php(400): CodeIgniter\CodeIgniter->runController(Object(App\Controllers\Admin\Transaction\Transaction))
#6 /Users/mike/Task/kibar-cms/system/CodeIgniter.php(308): CodeIgniter\CodeIgniter->handleRequest(NULL, Object(Config\Cache), false)
#7 /Users/mike/Task/kibar-cms/public/index.php(45): CodeIgniter\CodeIgniter->run()
#8 /Users/mike/Task/kibar-cms/system/Commands/Server/rewrite.php(34): require_once('/Users/mike/Tas...')
#9 {main}
CRITICAL - 2021-09-05 08:35:57 --> Trying to get property 'report' of non-object
#0 /Users/mike/Task/kibar-cms/app/Views/transaction/paid.php(47): CodeIgniter\Debug\Exceptions->errorHandler(8, 'Trying to get p...', '/Users/mike/Tas...', 47, Array)
#1 /Users/mike/Task/kibar-cms/system/View/View.php(246): include('/Users/mike/Tas...')
#2 /Users/mike/Task/kibar-cms/system/Common.php(1087): CodeIgniter\View\View->render('transaction/pai...', Array, true)
#3 /Users/mike/Task/kibar-cms/app/Controllers/Admin/Transaction/Transaction.php(30): view('transaction/pai...', Array)
#4 /Users/mike/Task/kibar-cms/system/CodeIgniter.php(914): App\Controllers\Admin\Transaction\Transaction->paid()
#5 /Users/mike/Task/kibar-cms/system/CodeIgniter.php(400): CodeIgniter\CodeIgniter->runController(Object(App\Controllers\Admin\Transaction\Transaction))
#6 /Users/mike/Task/kibar-cms/system/CodeIgniter.php(308): CodeIgniter\CodeIgniter->handleRequest(NULL, Object(Config\Cache), false)
#7 /Users/mike/Task/kibar-cms/public/index.php(45): CodeIgniter\CodeIgniter->run()
#8 /Users/mike/Task/kibar-cms/system/Commands/Server/rewrite.php(34): require_once('/Users/mike/Tas...')
#9 {main}
CRITICAL - 2021-09-05 08:38:11 --> Trying to get property 'report' of non-object
#0 /Users/mike/Task/kibar-cms/app/Views/transaction/paid.php(47): CodeIgniter\Debug\Exceptions->errorHandler(8, 'Trying to get p...', '/Users/mike/Tas...', 47, Array)
#1 /Users/mike/Task/kibar-cms/system/View/View.php(246): include('/Users/mike/Tas...')
#2 /Users/mike/Task/kibar-cms/system/Common.php(1087): CodeIgniter\View\View->render('transaction/pai...', Array, true)
#3 /Users/mike/Task/kibar-cms/app/Controllers/Admin/Transaction/Transaction.php(29): view('transaction/pai...', Array)
#4 /Users/mike/Task/kibar-cms/system/CodeIgniter.php(914): App\Controllers\Admin\Transaction\Transaction->paid()
#5 /Users/mike/Task/kibar-cms/system/CodeIgniter.php(400): CodeIgniter\CodeIgniter->runController(Object(App\Controllers\Admin\Transaction\Transaction))
#6 /Users/mike/Task/kibar-cms/system/CodeIgniter.php(308): CodeIgniter\CodeIgniter->handleRequest(NULL, Object(Config\Cache), false)
#7 /Users/mike/Task/kibar-cms/public/index.php(45): CodeIgniter\CodeIgniter->run()
#8 /Users/mike/Task/kibar-cms/system/Commands/Server/rewrite.php(34): require_once('/Users/mike/Tas...')
#9 {main}
CRITICAL - 2021-09-05 08:45:46 --> Undefined variable: totalMarket
#0 /Users/mike/Task/kibar-cms/app/Views/dashboard/index.php(98): CodeIgniter\Debug\Exceptions->errorHandler(8, 'Undefined varia...', '/Users/mike/Tas...', 98, Array)
#1 /Users/mike/Task/kibar-cms/system/View/View.php(246): include('/Users/mike/Tas...')
#2 /Users/mike/Task/kibar-cms/system/Common.php(1087): CodeIgniter\View\View->render('dashboard/index', Array, true)
#3 /Users/mike/Task/kibar-cms/app/Controllers/Admin/Dashboard/Dashboard.php(23): view('dashboard/index', Array)
#4 /Users/mike/Task/kibar-cms/system/CodeIgniter.php(914): App\Controllers\Admin\Dashboard\Dashboard->index()
#5 /Users/mike/Task/kibar-cms/system/CodeIgniter.php(400): CodeIgniter\CodeIgniter->runController(Object(App\Controllers\Admin\Dashboard\Dashboard))
#6 /Users/mike/Task/kibar-cms/system/CodeIgniter.php(308): CodeIgniter\CodeIgniter->handleRequest(NULL, Object(Config\Cache), false)
#7 /Users/mike/Task/kibar-cms/public/index.php(45): CodeIgniter\CodeIgniter->run()
#8 /Users/mike/Task/kibar-cms/system/Commands/Server/rewrite.php(34): require_once('/Users/mike/Tas...')
#9 {main}
CRITICAL - 2021-09-05 08:46:08 --> Undefined variable: totalMarket
#0 /Users/mike/Task/kibar-cms/app/Views/dashboard/index.php(98): CodeIgniter\Debug\Exceptions->errorHandler(8, 'Undefined varia...', '/Users/mike/Tas...', 98, Array)
#1 /Users/mike/Task/kibar-cms/system/View/View.php(246): include('/Users/mike/Tas...')
#2 /Users/mike/Task/kibar-cms/system/Common.php(1087): CodeIgniter\View\View->render('dashboard/index', Array, true)
#3 /Users/mike/Task/kibar-cms/app/Controllers/Admin/Dashboard/Dashboard.php(23): view('dashboard/index', Array)
#4 /Users/mike/Task/kibar-cms/system/CodeIgniter.php(914): App\Controllers\Admin\Dashboard\Dashboard->index()
#5 /Users/mike/Task/kibar-cms/system/CodeIgniter.php(400): CodeIgniter\CodeIgniter->runController(Object(App\Controllers\Admin\Dashboard\Dashboard))
#6 /Users/mike/Task/kibar-cms/system/CodeIgniter.php(308): CodeIgniter\CodeIgniter->handleRequest(NULL, Object(Config\Cache), false)
#7 /Users/mike/Task/kibar-cms/public/index.php(45): CodeIgniter\CodeIgniter->run()
#8 /Users/mike/Task/kibar-cms/system/Commands/Server/rewrite.php(34): require_once('/Users/mike/Tas...')
#9 {main}
CRITICAL - 2021-09-05 08:46:12 --> Undefined variable: totalMarket
#0 /Users/mike/Task/kibar-cms/app/Views/dashboard/index.php(98): CodeIgniter\Debug\Exceptions->errorHandler(8, 'Undefined varia...', '/Users/mike/Tas...', 98, Array)
#1 /Users/mike/Task/kibar-cms/system/View/View.php(246): include('/Users/mike/Tas...')
#2 /Users/mike/Task/kibar-cms/system/Common.php(1087): CodeIgniter\View\View->render('dashboard/index', Array, true)
#3 /Users/mike/Task/kibar-cms/app/Controllers/Admin/Dashboard/Dashboard.php(23): view('dashboard/index', Array)
#4 /Users/mike/Task/kibar-cms/system/CodeIgniter.php(914): App\Controllers\Admin\Dashboard\Dashboard->index()
#5 /Users/mike/Task/kibar-cms/system/CodeIgniter.php(400): CodeIgniter\CodeIgniter->runController(Object(App\Controllers\Admin\Dashboard\Dashboard))
#6 /Users/mike/Task/kibar-cms/system/CodeIgniter.php(308): CodeIgniter\CodeIgniter->handleRequest(NULL, Object(Config\Cache), false)
#7 /Users/mike/Task/kibar-cms/public/index.php(45): CodeIgniter\CodeIgniter->run()
#8 /Users/mike/Task/kibar-cms/system/Commands/Server/rewrite.php(34): require_once('/Users/mike/Tas...')
#9 {main}
CRITICAL - 2021-09-05 09:41:31 --> {0} : {1}
#0 /Users/mike/Task/kibar-cms/system/HTTP/CURLRequest.php(821): CodeIgniter\HTTP\Exceptions\HTTPException::forCurlError('22', 'The requested U...')
#1 /Users/mike/Task/kibar-cms/system/HTTP/CURLRequest.php(449): CodeIgniter\HTTP\CURLRequest->sendRequest(Array)
#2 /Users/mike/Task/kibar-cms/system/HTTP/CURLRequest.php(158): CodeIgniter\HTTP\CURLRequest->send('get', 'https://jalinde...')
#3 /Users/mike/Task/kibar-cms/app/Controllers/Admin/Transaction/Transaction.php(45): CodeIgniter\HTTP\CURLRequest->request('get', 'https://jalinde...', Array)
#4 /Users/mike/Task/kibar-cms/system/CodeIgniter.php(914): App\Controllers\Admin\Transaction\Transaction->periode()
#5 /Users/mike/Task/kibar-cms/system/CodeIgniter.php(400): CodeIgniter\CodeIgniter->runController(Object(App\Controllers\Admin\Transaction\Transaction))
#6 /Users/mike/Task/kibar-cms/system/CodeIgniter.php(308): CodeIgniter\CodeIgniter->handleRequest(NULL, Object(Config\Cache), false)
#7 /Users/mike/Task/kibar-cms/public/index.php(45): CodeIgniter\CodeIgniter->run()
#8 /Users/mike/Task/kibar-cms/system/Commands/Server/rewrite.php(34): require_once('/Users/mike/Tas...')
#9 {main}
CRITICAL - 2021-09-05 09:45:17 --> {0} : {1}
#0 /Users/mike/Task/kibar-cms/system/HTTP/CURLRequest.php(821): CodeIgniter\HTTP\Exceptions\HTTPException::forCurlError('22', 'The requested U...')
#1 /Users/mike/Task/kibar-cms/system/HTTP/CURLRequest.php(449): CodeIgniter\HTTP\CURLRequest->sendRequest(Array)
#2 /Users/mike/Task/kibar-cms/system/HTTP/CURLRequest.php(158): CodeIgniter\HTTP\CURLRequest->send('get', 'https://jalinde...')
#3 /Users/mike/Task/kibar-cms/app/Controllers/Admin/Transaction/Transaction.php(45): CodeIgniter\HTTP\CURLRequest->request('get', 'https://jalinde...', Array)
#4 /Users/mike/Task/kibar-cms/system/CodeIgniter.php(914): App\Controllers\Admin\Transaction\Transaction->periode()
#5 /Users/mike/Task/kibar-cms/system/CodeIgniter.php(400): CodeIgniter\CodeIgniter->runController(Object(App\Controllers\Admin\Transaction\Transaction))
#6 /Users/mike/Task/kibar-cms/system/CodeIgniter.php(308): CodeIgniter\CodeIgniter->handleRequest(NULL, Object(Config\Cache), false)
#7 /Users/mike/Task/kibar-cms/public/index.php(45): CodeIgniter\CodeIgniter->run()
#8 /Users/mike/Task/kibar-cms/system/Commands/Server/rewrite.php(34): require_once('/Users/mike/Tas...')
#9 {main}
CRITICAL - 2021-09-05 09:49:43 --> Call to undefined method stdClass::getBody()
#0 /Users/mike/Task/kibar-cms/system/CodeIgniter.php(914): App\Controllers\Admin\Transaction\Transaction->periode()
#1 /Users/mike/Task/kibar-cms/system/CodeIgniter.php(400): CodeIgniter\CodeIgniter->runController(Object(App\Controllers\Admin\Transaction\Transaction))
#2 /Users/mike/Task/kibar-cms/system/CodeIgniter.php(308): CodeIgniter\CodeIgniter->handleRequest(NULL, Object(Config\Cache), false)
#3 /Users/mike/Task/kibar-cms/public/index.php(45): CodeIgniter\CodeIgniter->run()
#4 /Users/mike/Task/kibar-cms/system/Commands/Server/rewrite.php(34): require_once('/Users/mike/Tas...')
#5 {main}
CRITICAL - 2021-09-05 09:52:24 --> {0} : {1}
#0 /Users/mike/Task/kibar-cms/system/HTTP/CURLRequest.php(821): CodeIgniter\HTTP\Exceptions\HTTPException::forCurlError('22', 'The requested U...')
#1 /Users/mike/Task/kibar-cms/system/HTTP/CURLRequest.php(449): CodeIgniter\HTTP\CURLRequest->sendRequest(Array)
#2 /Users/mike/Task/kibar-cms/system/HTTP/CURLRequest.php(158): CodeIgniter\HTTP\CURLRequest->send('get', 'https://jalinde...')
#3 /Users/mike/Task/kibar-cms/app/Controllers/Admin/Transaction/Transaction.php(45): CodeIgniter\HTTP\CURLRequest->request('get', 'https://jalinde...', Array)
#4 /Users/mike/Task/kibar-cms/system/CodeIgniter.php(914): App\Controllers\Admin\Transaction\Transaction->periode()
#5 /Users/mike/Task/kibar-cms/system/CodeIgniter.php(400): CodeIgniter\CodeIgniter->runController(Object(App\Controllers\Admin\Transaction\Transaction))
#6 /Users/mike/Task/kibar-cms/system/CodeIgniter.php(308): CodeIgniter\CodeIgniter->handleRequest(NULL, Object(Config\Cache), false)
#7 /Users/mike/Task/kibar-cms/public/index.php(45): CodeIgniter\CodeIgniter->run()
#8 /Users/mike/Task/kibar-cms/system/Commands/Server/rewrite.php(34): require_once('/Users/mike/Tas...')
#9 {main}
CRITICAL - 2021-09-05 09:52:29 --> {0} : {1}
#0 /Users/mike/Task/kibar-cms/system/HTTP/CURLRequest.php(821): CodeIgniter\HTTP\Exceptions\HTTPException::forCurlError('22', 'The requested U...')
#1 /Users/mike/Task/kibar-cms/system/HTTP/CURLRequest.php(449): CodeIgniter\HTTP\CURLRequest->sendRequest(Array)
#2 /Users/mike/Task/kibar-cms/system/HTTP/CURLRequest.php(158): CodeIgniter\HTTP\CURLRequest->send('get', 'https://jalinde...')
#3 /Users/mike/Task/kibar-cms/app/Controllers/Admin/Transaction/Transaction.php(45): CodeIgniter\HTTP\CURLRequest->request('get', 'https://jalinde...', Array)
#4 /Users/mike/Task/kibar-cms/system/CodeIgniter.php(914): App\Controllers\Admin\Transaction\Transaction->periode()
#5 /Users/mike/Task/kibar-cms/system/CodeIgniter.php(400): CodeIgniter\CodeIgniter->runController(Object(App\Controllers\Admin\Transaction\Transaction))
#6 /Users/mike/Task/kibar-cms/system/CodeIgniter.php(308): CodeIgniter\CodeIgniter->handleRequest(NULL, Object(Config\Cache), false)
#7 /Users/mike/Task/kibar-cms/public/index.php(45): CodeIgniter\CodeIgniter->run()
#8 /Users/mike/Task/kibar-cms/system/Commands/Server/rewrite.php(34): require_once('/Users/mike/Tas...')
#9 {main}
CRITICAL - 2021-09-05 09:52:30 --> {0} : {1}
#0 /Users/mike/Task/kibar-cms/system/HTTP/CURLRequest.php(821): CodeIgniter\HTTP\Exceptions\HTTPException::forCurlError('22', 'The requested U...')
#1 /Users/mike/Task/kibar-cms/system/HTTP/CURLRequest.php(449): CodeIgniter\HTTP\CURLRequest->sendRequest(Array)
#2 /Users/mike/Task/kibar-cms/system/HTTP/CURLRequest.php(158): CodeIgniter\HTTP\CURLRequest->send('get', 'https://jalinde...')
#3 /Users/mike/Task/kibar-cms/app/Controllers/Admin/Transaction/Transaction.php(45): CodeIgniter\HTTP\CURLRequest->request('get', 'https://jalinde...', Array)
#4 /Users/mike/Task/kibar-cms/system/CodeIgniter.php(914): App\Controllers\Admin\Transaction\Transaction->periode()
#5 /Users/mike/Task/kibar-cms/system/CodeIgniter.php(400): CodeIgniter\CodeIgniter->runController(Object(App\Controllers\Admin\Transaction\Transaction))
#6 /Users/mike/Task/kibar-cms/system/CodeIgniter.php(308): CodeIgniter\CodeIgniter->handleRequest(NULL, Object(Config\Cache), false)
#7 /Users/mike/Task/kibar-cms/public/index.php(45): CodeIgniter\CodeIgniter->run()
#8 /Users/mike/Task/kibar-cms/system/Commands/Server/rewrite.php(34): require_once('/Users/mike/Tas...')
#9 {main}
CRITICAL - 2021-09-05 09:52:32 --> {0} : {1}
#0 /Users/mike/Task/kibar-cms/system/HTTP/CURLRequest.php(821): CodeIgniter\HTTP\Exceptions\HTTPException::forCurlError('22', 'The requested U...')
#1 /Users/mike/Task/kibar-cms/system/HTTP/CURLRequest.php(449): CodeIgniter\HTTP\CURLRequest->sendRequest(Array)
#2 /Users/mike/Task/kibar-cms/system/HTTP/CURLRequest.php(158): CodeIgniter\HTTP\CURLRequest->send('get', 'https://jalinde...')
#3 /Users/mike/Task/kibar-cms/app/Controllers/Admin/Transaction/Transaction.php(45): CodeIgniter\HTTP\CURLRequest->request('get', 'https://jalinde...', Array)
#4 /Users/mike/Task/kibar-cms/system/CodeIgniter.php(914): App\Controllers\Admin\Transaction\Transaction->periode()
#5 /Users/mike/Task/kibar-cms/system/CodeIgniter.php(400): CodeIgniter\CodeIgniter->runController(Object(App\Controllers\Admin\Transaction\Transaction))
#6 /Users/mike/Task/kibar-cms/system/CodeIgniter.php(308): CodeIgniter\CodeIgniter->handleRequest(NULL, Object(Config\Cache), false)
#7 /Users/mike/Task/kibar-cms/public/index.php(45): CodeIgniter\CodeIgniter->run()
#8 /Users/mike/Task/kibar-cms/system/Commands/Server/rewrite.php(34): require_once('/Users/mike/Tas...')
#9 {main}
CRITICAL - 2021-09-05 09:54:02 --> {0} : {1}
#0 /Users/mike/Task/kibar-cms/system/HTTP/CURLRequest.php(821): CodeIgniter\HTTP\Exceptions\HTTPException::forCurlError('22', 'The requested U...')
#1 /Users/mike/Task/kibar-cms/system/HTTP/CURLRequest.php(449): CodeIgniter\HTTP\CURLRequest->sendRequest(Array)
#2 /Users/mike/Task/kibar-cms/system/HTTP/CURLRequest.php(158): CodeIgniter\HTTP\CURLRequest->send('get', 'https://jalinde...')
#3 /Users/mike/Task/kibar-cms/app/Controllers/Admin/Transaction/Transaction.php(45): CodeIgniter\HTTP\CURLRequest->request('get', 'https://jalinde...', Array)
#4 /Users/mike/Task/kibar-cms/system/CodeIgniter.php(914): App\Controllers\Admin\Transaction\Transaction->periode()
#5 /Users/mike/Task/kibar-cms/system/CodeIgniter.php(400): CodeIgniter\CodeIgniter->runController(Object(App\Controllers\Admin\Transaction\Transaction))
#6 /Users/mike/Task/kibar-cms/system/CodeIgniter.php(308): CodeIgniter\CodeIgniter->handleRequest(NULL, Object(Config\Cache), false)
#7 /Users/mike/Task/kibar-cms/public/index.php(45): CodeIgniter\CodeIgniter->run()
#8 /Users/mike/Task/kibar-cms/system/Commands/Server/rewrite.php(34): require_once('/Users/mike/Tas...')
#9 {main}
CRITICAL - 2021-09-05 09:54:04 --> {0} : {1}
#0 /Users/mike/Task/kibar-cms/system/HTTP/CURLRequest.php(821): CodeIgniter\HTTP\Exceptions\HTTPException::forCurlError('22', 'The requested U...')
#1 /Users/mike/Task/kibar-cms/system/HTTP/CURLRequest.php(449): CodeIgniter\HTTP\CURLRequest->sendRequest(Array)
#2 /Users/mike/Task/kibar-cms/system/HTTP/CURLRequest.php(158): CodeIgniter\HTTP\CURLRequest->send('get', 'https://jalinde...')
#3 /Users/mike/Task/kibar-cms/app/Controllers/Admin/Transaction/Transaction.php(45): CodeIgniter\HTTP\CURLRequest->request('get', 'https://jalinde...', Array)
#4 /Users/mike/Task/kibar-cms/system/CodeIgniter.php(914): App\Controllers\Admin\Transaction\Transaction->periode()
#5 /Users/mike/Task/kibar-cms/system/CodeIgniter.php(400): CodeIgniter\CodeIgniter->runController(Object(App\Controllers\Admin\Transaction\Transaction))
#6 /Users/mike/Task/kibar-cms/system/CodeIgniter.php(308): CodeIgniter\CodeIgniter->handleRequest(NULL, Object(Config\Cache), false)
#7 /Users/mike/Task/kibar-cms/public/index.php(45): CodeIgniter\CodeIgniter->run()
#8 /Users/mike/Task/kibar-cms/system/Commands/Server/rewrite.php(34): require_once('/Users/mike/Tas...')
#9 {main}
CRITICAL - 2021-09-05 09:57:19 --> {0} : {1}
#0 /Users/mike/Task/kibar-cms/system/HTTP/CURLRequest.php(821): CodeIgniter\HTTP\Exceptions\HTTPException::forCurlError('22', 'The requested U...')
#1 /Users/mike/Task/kibar-cms/system/HTTP/CURLRequest.php(449): CodeIgniter\HTTP\CURLRequest->sendRequest(Array)
#2 /Users/mike/Task/kibar-cms/system/HTTP/CURLRequest.php(158): CodeIgniter\HTTP\CURLRequest->send('get', 'https://jalinde...')
#3 /Users/mike/Task/kibar-cms/app/Controllers/Admin/Transaction/Transaction.php(45): CodeIgniter\HTTP\CURLRequest->request('get', 'https://jalinde...', Array)
#4 /Users/mike/Task/kibar-cms/system/CodeIgniter.php(914): App\Controllers\Admin\Transaction\Transaction->periode()
#5 /Users/mike/Task/kibar-cms/system/CodeIgniter.php(400): CodeIgniter\CodeIgniter->runController(Object(App\Controllers\Admin\Transaction\Transaction))
#6 /Users/mike/Task/kibar-cms/system/CodeIgniter.php(308): CodeIgniter\CodeIgniter->handleRequest(NULL, Object(Config\Cache), false)
#7 /Users/mike/Task/kibar-cms/public/index.php(45): CodeIgniter\CodeIgniter->run()
#8 /Users/mike/Task/kibar-cms/system/Commands/Server/rewrite.php(34): require_once('/Users/mike/Tas...')
#9 {main}
CRITICAL - 2021-09-05 09:57:23 --> {0} : {1}
#0 /Users/mike/Task/kibar-cms/system/HTTP/CURLRequest.php(821): CodeIgniter\HTTP\Exceptions\HTTPException::forCurlError('22', 'The requested U...')
#1 /Users/mike/Task/kibar-cms/system/HTTP/CURLRequest.php(449): CodeIgniter\HTTP\CURLRequest->sendRequest(Array)
#2 /Users/mike/Task/kibar-cms/system/HTTP/CURLRequest.php(158): CodeIgniter\HTTP\CURLRequest->send('get', 'https://jalinde...')
#3 /Users/mike/Task/kibar-cms/app/Controllers/Admin/Transaction/Transaction.php(45): CodeIgniter\HTTP\CURLRequest->request('get', 'https://jalinde...', Array)
#4 /Users/mike/Task/kibar-cms/system/CodeIgniter.php(914): App\Controllers\Admin\Transaction\Transaction->periode()
#5 /Users/mike/Task/kibar-cms/system/CodeIgniter.php(400): CodeIgniter\CodeIgniter->runController(Object(App\Controllers\Admin\Transaction\Transaction))
#6 /Users/mike/Task/kibar-cms/system/CodeIgniter.php(308): CodeIgniter\CodeIgniter->handleRequest(NULL, Object(Config\Cache), false)
#7 /Users/mike/Task/kibar-cms/public/index.php(45): CodeIgniter\CodeIgniter->run()
#8 /Users/mike/Task/kibar-cms/system/Commands/Server/rewrite.php(34): require_once('/Users/mike/Tas...')
#9 {main}
CRITICAL - 2021-09-05 09:57:24 --> {0} : {1}
#0 /Users/mike/Task/kibar-cms/system/HTTP/CURLRequest.php(821): CodeIgniter\HTTP\Exceptions\HTTPException::forCurlError('22', 'The requested U...')
#1 /Users/mike/Task/kibar-cms/system/HTTP/CURLRequest.php(449): CodeIgniter\HTTP\CURLRequest->sendRequest(Array)
#2 /Users/mike/Task/kibar-cms/system/HTTP/CURLRequest.php(158): CodeIgniter\HTTP\CURLRequest->send('get', 'https://jalinde...')
#3 /Users/mike/Task/kibar-cms/app/Controllers/Admin/Transaction/Transaction.php(45): CodeIgniter\HTTP\CURLRequest->request('get', 'https://jalinde...', Array)
#4 /Users/mike/Task/kibar-cms/system/CodeIgniter.php(914): App\Controllers\Admin\Transaction\Transaction->periode()
#5 /Users/mike/Task/kibar-cms/system/CodeIgniter.php(400): CodeIgniter\CodeIgniter->runController(Object(App\Controllers\Admin\Transaction\Transaction))
#6 /Users/mike/Task/kibar-cms/system/CodeIgniter.php(308): CodeIgniter\CodeIgniter->handleRequest(NULL, Object(Config\Cache), false)
#7 /Users/mike/Task/kibar-cms/public/index.php(45): CodeIgniter\CodeIgniter->run()
#8 /Users/mike/Task/kibar-cms/system/Commands/Server/rewrite.php(34): require_once('/Users/mike/Tas...')
#9 {main}
CRITICAL - 2021-09-05 09:57:47 --> {0} : {1}
#0 /Users/mike/Task/kibar-cms/system/HTTP/CURLRequest.php(821): CodeIgniter\HTTP\Exceptions\HTTPException::forCurlError('22', 'The requested U...')
#1 /Users/mike/Task/kibar-cms/system/HTTP/CURLRequest.php(449): CodeIgniter\HTTP\CURLRequest->sendRequest(Array)
#2 /Users/mike/Task/kibar-cms/system/HTTP/CURLRequest.php(158): CodeIgniter\HTTP\CURLRequest->send('get', 'https://jalinde...')
#3 /Users/mike/Task/kibar-cms/app/Controllers/Admin/Transaction/Transaction.php(45): CodeIgniter\HTTP\CURLRequest->request('get', 'https://jalinde...', Array)
#4 /Users/mike/Task/kibar-cms/system/CodeIgniter.php(914): App\Controllers\Admin\Transaction\Transaction->periode()
#5 /Users/mike/Task/kibar-cms/system/CodeIgniter.php(400): CodeIgniter\CodeIgniter->runController(Object(App\Controllers\Admin\Transaction\Transaction))
#6 /Users/mike/Task/kibar-cms/system/CodeIgniter.php(308): CodeIgniter\CodeIgniter->handleRequest(NULL, Object(Config\Cache), false)
#7 /Users/mike/Task/kibar-cms/public/index.php(45): CodeIgniter\CodeIgniter->run()
#8 /Users/mike/Task/kibar-cms/system/Commands/Server/rewrite.php(34): require_once('/Users/mike/Tas...')
#9 {main}
CRITICAL - 2021-09-05 10:02:50 --> Trying to get property 'report' of non-object
#0 /Users/mike/Task/kibar-cms/app/Views/transaction/index.php(43): CodeIgniter\Debug\Exceptions->errorHandler(8, 'Trying to get p...', '/Users/mike/Tas...', 43, Array)
#1 /Users/mike/Task/kibar-cms/system/View/View.php(246): include('/Users/mike/Tas...')
#2 /Users/mike/Task/kibar-cms/system/Common.php(1087): CodeIgniter\View\View->render('transaction/ind...', Array, true)
#3 /Users/mike/Task/kibar-cms/app/Controllers/Admin/Transaction/Transaction.php(19): view('transaction/ind...', Array)
#4 /Users/mike/Task/kibar-cms/system/CodeIgniter.php(914): App\Controllers\Admin\Transaction\Transaction->index()
#5 /Users/mike/Task/kibar-cms/system/CodeIgniter.php(400): CodeIgniter\CodeIgniter->runController(Object(App\Controllers\Admin\Transaction\Transaction))
#6 /Users/mike/Task/kibar-cms/system/CodeIgniter.php(308): CodeIgniter\CodeIgniter->handleRequest(NULL, Object(Config\Cache), false)
#7 /Users/mike/Task/kibar-cms/public/index.php(45): CodeIgniter\CodeIgniter->run()
#8 /Users/mike/Task/kibar-cms/system/Commands/Server/rewrite.php(34): require_once('/Users/mike/Tas...')
#9 {main}
CRITICAL - 2021-09-05 10:06:00 --> {0} : {1}
#0 /Users/mike/Task/kibar-cms/system/HTTP/CURLRequest.php(821): CodeIgniter\HTTP\Exceptions\HTTPException::forCurlError('22', 'The requested U...')
#1 /Users/mike/Task/kibar-cms/system/HTTP/CURLRequest.php(449): CodeIgniter\HTTP\CURLRequest->sendRequest(Array)
#2 /Users/mike/Task/kibar-cms/system/HTTP/CURLRequest.php(158): CodeIgniter\HTTP\CURLRequest->send('get', 'https://jalinde...')
#3 /Users/mike/Task/kibar-cms/app/Controllers/Admin/Transaction/Transaction.php(45): CodeIgniter\HTTP\CURLRequest->request('get', 'https://jalinde...', Array)
#4 /Users/mike/Task/kibar-cms/system/CodeIgniter.php(914): App\Controllers\Admin\Transaction\Transaction->periode()
#5 /Users/mike/Task/kibar-cms/system/CodeIgniter.php(400): CodeIgniter\CodeIgniter->runController(Object(App\Controllers\Admin\Transaction\Transaction))
#6 /Users/mike/Task/kibar-cms/system/CodeIgniter.php(308): CodeIgniter\CodeIgniter->handleRequest(NULL, Object(Config\Cache), false)
#7 /Users/mike/Task/kibar-cms/public/index.php(45): CodeIgniter\CodeIgniter->run()
#8 /Users/mike/Task/kibar-cms/system/Commands/Server/rewrite.php(34): require_once('/Users/mike/Tas...')
#9 {main}
CRITICAL - 2021-09-05 10:07:17 --> {0} : {1}
#0 /Users/mike/Task/kibar-cms/system/HTTP/CURLRequest.php(821): CodeIgniter\HTTP\Exceptions\HTTPException::forCurlError('22', 'The requested U...')
#1 /Users/mike/Task/kibar-cms/system/HTTP/CURLRequest.php(449): CodeIgniter\HTTP\CURLRequest->sendRequest(Array)
#2 /Users/mike/Task/kibar-cms/system/HTTP/CURLRequest.php(158): CodeIgniter\HTTP\CURLRequest->send('get', 'https://jalinde...')
#3 /Users/mike/Task/kibar-cms/app/Controllers/Admin/Transaction/Transaction.php(45): CodeIgniter\HTTP\CURLRequest->request('get', 'https://jalinde...', Array)
#4 /Users/mike/Task/kibar-cms/system/CodeIgniter.php(914): App\Controllers\Admin\Transaction\Transaction->periode()
#5 /Users/mike/Task/kibar-cms/system/CodeIgniter.php(400): CodeIgniter\CodeIgniter->runController(Object(App\Controllers\Admin\Transaction\Transaction))
#6 /Users/mike/Task/kibar-cms/system/CodeIgniter.php(308): CodeIgniter\CodeIgniter->handleRequest(NULL, Object(Config\Cache), false)
#7 /Users/mike/Task/kibar-cms/public/index.php(45): CodeIgniter\CodeIgniter->run()
#8 /Users/mike/Task/kibar-cms/system/Commands/Server/rewrite.php(34): require_once('/Users/mike/Tas...')
#9 {main}
CRITICAL - 2021-09-05 10:07:56 --> Call to undefined method stdClass::getBody()
#0 /Users/mike/Task/kibar-cms/system/CodeIgniter.php(914): App\Controllers\Admin\Transaction\Transaction->periode()
#1 /Users/mike/Task/kibar-cms/system/CodeIgniter.php(400): CodeIgniter\CodeIgniter->runController(Object(App\Controllers\Admin\Transaction\Transaction))
#2 /Users/mike/Task/kibar-cms/system/CodeIgniter.php(308): CodeIgniter\CodeIgniter->handleRequest(NULL, Object(Config\Cache), false)
#3 /Users/mike/Task/kibar-cms/public/index.php(45): CodeIgniter\CodeIgniter->run()
#4 /Users/mike/Task/kibar-cms/system/Commands/Server/rewrite.php(34): require_once('/Users/mike/Tas...')
#5 {main}
CRITICAL - 2021-09-05 10:08:55 --> Call to undefined method stdClass::getBody()
#0 /Users/mike/Task/kibar-cms/system/CodeIgniter.php(914): App\Controllers\Admin\Transaction\Transaction->periode()
#1 /Users/mike/Task/kibar-cms/system/CodeIgniter.php(400): CodeIgniter\CodeIgniter->runController(Object(App\Controllers\Admin\Transaction\Transaction))
#2 /Users/mike/Task/kibar-cms/system/CodeIgniter.php(308): CodeIgniter\CodeIgniter->handleRequest(NULL, Object(Config\Cache), false)
#3 /Users/mike/Task/kibar-cms/public/index.php(45): CodeIgniter\CodeIgniter->run()
#4 /Users/mike/Task/kibar-cms/system/Commands/Server/rewrite.php(34): require_once('/Users/mike/Tas...')
#5 {main}
CRITICAL - 2021-09-05 10:09:03 --> json_decode() expects parameter 1 to be string, object given
#0 [internal function]: CodeIgniter\Debug\Exceptions->errorHandler(2, 'json_decode() e...', '/Users/mike/Tas...', 52, Array)
#1 /Users/mike/Task/kibar-cms/app/Controllers/Admin/Transaction/Transaction.php(52): json_decode(Object(stdClass))
#2 /Users/mike/Task/kibar-cms/system/CodeIgniter.php(914): App\Controllers\Admin\Transaction\Transaction->periode()
#3 /Users/mike/Task/kibar-cms/system/CodeIgniter.php(400): CodeIgniter\CodeIgniter->runController(Object(App\Controllers\Admin\Transaction\Transaction))
#4 /Users/mike/Task/kibar-cms/system/CodeIgniter.php(308): CodeIgniter\CodeIgniter->handleRequest(NULL, Object(Config\Cache), false)
#5 /Users/mike/Task/kibar-cms/public/index.php(45): CodeIgniter\CodeIgniter->run()
#6 /Users/mike/Task/kibar-cms/system/Commands/Server/rewrite.php(34): require_once('/Users/mike/Tas...')
#7 {main}
CRITICAL - 2021-09-05 10:09:54 --> count(): Parameter must be an array or an object that implements Countable
#0 [internal function]: CodeIgniter\Debug\Exceptions->errorHandler(2, 'count(): Parame...', '/Users/mike/Tas...', 50, Array)
#1 /Users/mike/Task/kibar-cms/app/Controllers/Admin/Transaction/Transaction.php(50): count(Object(stdClass))
#2 /Users/mike/Task/kibar-cms/system/CodeIgniter.php(914): App\Controllers\Admin\Transaction\Transaction->periode()
#3 /Users/mike/Task/kibar-cms/system/CodeIgniter.php(400): CodeIgniter\CodeIgniter->runController(Object(App\Controllers\Admin\Transaction\Transaction))
#4 /Users/mike/Task/kibar-cms/system/CodeIgniter.php(308): CodeIgniter\CodeIgniter->handleRequest(NULL, Object(Config\Cache), false)
#5 /Users/mike/Task/kibar-cms/public/index.php(45): CodeIgniter\CodeIgniter->run()
#6 /Users/mike/Task/kibar-cms/system/Commands/Server/rewrite.php(34): require_once('/Users/mike/Tas...')
#7 {main}
CRITICAL - 2021-09-05 10:10:09 --> {0} : {1}
#0 /Users/mike/Task/kibar-cms/system/HTTP/CURLRequest.php(821): CodeIgniter\HTTP\Exceptions\HTTPException::forCurlError('22', 'The requested U...')
#1 /Users/mike/Task/kibar-cms/system/HTTP/CURLRequest.php(449): CodeIgniter\HTTP\CURLRequest->sendRequest(Array)
#2 /Users/mike/Task/kibar-cms/system/HTTP/CURLRequest.php(158): CodeIgniter\HTTP\CURLRequest->send('get', 'https://jalinde...')
#3 /Users/mike/Task/kibar-cms/app/Controllers/Admin/Transaction/Transaction.php(45): CodeIgniter\HTTP\CURLRequest->request('get', 'https://jalinde...', Array)
#4 /Users/mike/Task/kibar-cms/system/CodeIgniter.php(914): App\Controllers\Admin\Transaction\Transaction->periode()
#5 /Users/mike/Task/kibar-cms/system/CodeIgniter.php(400): CodeIgniter\CodeIgniter->runController(Object(App\Controllers\Admin\Transaction\Transaction))
#6 /Users/mike/Task/kibar-cms/system/CodeIgniter.php(308): CodeIgniter\CodeIgniter->handleRequest(NULL, Object(Config\Cache), false)
#7 /Users/mike/Task/kibar-cms/public/index.php(45): CodeIgniter\CodeIgniter->run()
#8 /Users/mike/Task/kibar-cms/system/Commands/Server/rewrite.php(34): require_once('/Users/mike/Tas...')
#9 {main}
CRITICAL - 2021-09-05 10:10:17 --> count(): Parameter must be an array or an object that implements Countable
#0 [internal function]: CodeIgniter\Debug\Exceptions->errorHandler(2, 'count(): Parame...', '/Users/mike/Tas...', 50, Array)
#1 /Users/mike/Task/kibar-cms/app/Controllers/Admin/Transaction/Transaction.php(50): count(Object(stdClass))
#2 /Users/mike/Task/kibar-cms/system/CodeIgniter.php(914): App\Controllers\Admin\Transaction\Transaction->periode()
#3 /Users/mike/Task/kibar-cms/system/CodeIgniter.php(400): CodeIgniter\CodeIgniter->runController(Object(App\Controllers\Admin\Transaction\Transaction))
#4 /Users/mike/Task/kibar-cms/system/CodeIgniter.php(308): CodeIgniter\CodeIgniter->handleRequest(NULL, Object(Config\Cache), false)
#5 /Users/mike/Task/kibar-cms/public/index.php(45): CodeIgniter\CodeIgniter->run()
#6 /Users/mike/Task/kibar-cms/system/Commands/Server/rewrite.php(34): require_once('/Users/mike/Tas...')
#7 {main}
CRITICAL - 2021-09-05 10:10:33 --> {0} : {1}
#0 /Users/mike/Task/kibar-cms/system/HTTP/CURLRequest.php(821): CodeIgniter\HTTP\Exceptions\HTTPException::forCurlError('22', 'The requested U...')
#1 /Users/mike/Task/kibar-cms/system/HTTP/CURLRequest.php(449): CodeIgniter\HTTP\CURLRequest->sendRequest(Array)
#2 /Users/mike/Task/kibar-cms/system/HTTP/CURLRequest.php(158): CodeIgniter\HTTP\CURLRequest->send('get', 'https://jalinde...')
#3 /Users/mike/Task/kibar-cms/app/Controllers/Admin/Transaction/Transaction.php(45): CodeIgniter\HTTP\CURLRequest->request('get', 'https://jalinde...', Array)
#4 /Users/mike/Task/kibar-cms/system/CodeIgniter.php(914): App\Controllers\Admin\Transaction\Transaction->periode()
#5 /Users/mike/Task/kibar-cms/system/CodeIgniter.php(400): CodeIgniter\CodeIgniter->runController(Object(App\Controllers\Admin\Transaction\Transaction))
#6 /Users/mike/Task/kibar-cms/system/CodeIgniter.php(308): CodeIgniter\CodeIgniter->handleRequest(NULL, Object(Config\Cache), false)
#7 /Users/mike/Task/kibar-cms/public/index.php(45): CodeIgniter\CodeIgniter->run()
#8 /Users/mike/Task/kibar-cms/system/Commands/Server/rewrite.php(34): require_once('/Users/mike/Tas...')
#9 {main}
CRITICAL - 2021-09-05 10:11:38 --> Call to undefined method stdClass::getBody()
#0 /Users/mike/Task/kibar-cms/system/CodeIgniter.php(914): App\Controllers\Admin\Transaction\Transaction->periode()
#1 /Users/mike/Task/kibar-cms/system/CodeIgniter.php(400): CodeIgniter\CodeIgniter->runController(Object(App\Controllers\Admin\Transaction\Transaction))
#2 /Users/mike/Task/kibar-cms/system/CodeIgniter.php(308): CodeIgniter\CodeIgniter->handleRequest(NULL, Object(Config\Cache), false)
#3 /Users/mike/Task/kibar-cms/public/index.php(45): CodeIgniter\CodeIgniter->run()
#4 /Users/mike/Task/kibar-cms/system/Commands/Server/rewrite.php(34): require_once('/Users/mike/Tas...')
#5 {main}
CRITICAL - 2021-09-05 10:12:16 --> Call to undefined method stdClass::getBody()
#0 /Users/mike/Task/kibar-cms/system/CodeIgniter.php(914): App\Controllers\Admin\Transaction\Transaction->periode()
#1 /Users/mike/Task/kibar-cms/system/CodeIgniter.php(400): CodeIgniter\CodeIgniter->runController(Object(App\Controllers\Admin\Transaction\Transaction))
#2 /Users/mike/Task/kibar-cms/system/CodeIgniter.php(308): CodeIgniter\CodeIgniter->handleRequest(NULL, Object(Config\Cache), false)
#3 /Users/mike/Task/kibar-cms/public/index.php(45): CodeIgniter\CodeIgniter->run()
#4 /Users/mike/Task/kibar-cms/system/Commands/Server/rewrite.php(34): require_once('/Users/mike/Tas...')
#5 {main}
CRITICAL - 2021-09-05 10:12:51 --> Call to undefined method stdClass::getBody()
#0 /Users/mike/Task/kibar-cms/system/CodeIgniter.php(914): App\Controllers\Admin\Transaction\Transaction->periode()
#1 /Users/mike/Task/kibar-cms/system/CodeIgniter.php(400): CodeIgniter\CodeIgniter->runController(Object(App\Controllers\Admin\Transaction\Transaction))
#2 /Users/mike/Task/kibar-cms/system/CodeIgniter.php(308): CodeIgniter\CodeIgniter->handleRequest(NULL, Object(Config\Cache), false)
#3 /Users/mike/Task/kibar-cms/public/index.php(45): CodeIgniter\CodeIgniter->run()
#4 /Users/mike/Task/kibar-cms/system/Commands/Server/rewrite.php(34): require_once('/Users/mike/Tas...')
#5 {main}
CRITICAL - 2021-09-05 10:12:59 --> Call to undefined method stdClass::getBody()
#0 /Users/mike/Task/kibar-cms/system/CodeIgniter.php(914): App\Controllers\Admin\Transaction\Transaction->periode()
#1 /Users/mike/Task/kibar-cms/system/CodeIgniter.php(400): CodeIgniter\CodeIgniter->runController(Object(App\Controllers\Admin\Transaction\Transaction))
#2 /Users/mike/Task/kibar-cms/system/CodeIgniter.php(308): CodeIgniter\CodeIgniter->handleRequest(NULL, Object(Config\Cache), false)
#3 /Users/mike/Task/kibar-cms/public/index.php(45): CodeIgniter\CodeIgniter->run()
#4 /Users/mike/Task/kibar-cms/system/Commands/Server/rewrite.php(34): require_once('/Users/mike/Tas...')
#5 {main}
CRITICAL - 2021-09-05 10:13:14 --> Call to undefined method stdClass::getBody()
#0 /Users/mike/Task/kibar-cms/system/CodeIgniter.php(914): App\Controllers\Admin\Transaction\Transaction->periode()
#1 /Users/mike/Task/kibar-cms/system/CodeIgniter.php(400): CodeIgniter\CodeIgniter->runController(Object(App\Controllers\Admin\Transaction\Transaction))
#2 /Users/mike/Task/kibar-cms/system/CodeIgniter.php(308): CodeIgniter\CodeIgniter->handleRequest(NULL, Object(Config\Cache), false)
#3 /Users/mike/Task/kibar-cms/public/index.php(45): CodeIgniter\CodeIgniter->run()
#4 /Users/mike/Task/kibar-cms/system/Commands/Server/rewrite.php(34): require_once('/Users/mike/Tas...')
#5 {main}
CRITICAL - 2021-09-05 10:13:48 --> Call to undefined method stdClass::getContents()
#0 /Users/mike/Task/kibar-cms/system/CodeIgniter.php(914): App\Controllers\Admin\Transaction\Transaction->periode()
#1 /Users/mike/Task/kibar-cms/system/CodeIgniter.php(400): CodeIgniter\CodeIgniter->runController(Object(App\Controllers\Admin\Transaction\Transaction))
#2 /Users/mike/Task/kibar-cms/system/CodeIgniter.php(308): CodeIgniter\CodeIgniter->handleRequest(NULL, Object(Config\Cache), false)
#3 /Users/mike/Task/kibar-cms/public/index.php(45): CodeIgniter\CodeIgniter->run()
#4 /Users/mike/Task/kibar-cms/system/Commands/Server/rewrite.php(34): require_once('/Users/mike/Tas...')
#5 {main}
CRITICAL - 2021-09-05 10:15:29 --> Call to undefined method stdClass::getBody()
#0 /Users/mike/Task/kibar-cms/system/CodeIgniter.php(914): App\Controllers\Admin\Transaction\Transaction->periode()
#1 /Users/mike/Task/kibar-cms/system/CodeIgniter.php(400): CodeIgniter\CodeIgniter->runController(Object(App\Controllers\Admin\Transaction\Transaction))
#2 /Users/mike/Task/kibar-cms/system/CodeIgniter.php(308): CodeIgniter\CodeIgniter->handleRequest(NULL, Object(Config\Cache), false)
#3 /Users/mike/Task/kibar-cms/public/index.php(45): CodeIgniter\CodeIgniter->run()
#4 /Users/mike/Task/kibar-cms/system/Commands/Server/rewrite.php(34): require_once('/Users/mike/Tas...')
#5 {main}
CRITICAL - 2021-09-05 10:15:44 --> Call to undefined method stdClass::getBody()
#0 /Users/mike/Task/kibar-cms/system/CodeIgniter.php(914): App\Controllers\Admin\Transaction\Transaction->periode()
#1 /Users/mike/Task/kibar-cms/system/CodeIgniter.php(400): CodeIgniter\CodeIgniter->runController(Object(App\Controllers\Admin\Transaction\Transaction))
#2 /Users/mike/Task/kibar-cms/system/CodeIgniter.php(308): CodeIgniter\CodeIgniter->handleRequest(NULL, Object(Config\Cache), false)
#3 /Users/mike/Task/kibar-cms/public/index.php(45): CodeIgniter\CodeIgniter->run()
#4 /Users/mike/Task/kibar-cms/system/Commands/Server/rewrite.php(34): require_once('/Users/mike/Tas...')
#5 {main}
CRITICAL - 2021-09-05 10:16:38 --> json_decode() expects parameter 1 to be string, object given
#0 [internal function]: CodeIgniter\Debug\Exceptions->errorHandler(2, 'json_decode() e...', '/Users/mike/Tas...', 50, Array)
#1 /Users/mike/Task/kibar-cms/app/Controllers/Admin/Transaction/Transaction.php(50): json_decode(Object(stdClass))
#2 /Users/mike/Task/kibar-cms/system/CodeIgniter.php(914): App\Controllers\Admin\Transaction\Transaction->periode()
#3 /Users/mike/Task/kibar-cms/system/CodeIgniter.php(400): CodeIgniter\CodeIgniter->runController(Object(App\Controllers\Admin\Transaction\Transaction))
#4 /Users/mike/Task/kibar-cms/system/CodeIgniter.php(308): CodeIgniter\CodeIgniter->handleRequest(NULL, Object(Config\Cache), false)
#5 /Users/mike/Task/kibar-cms/public/index.php(45): CodeIgniter\CodeIgniter->run()
#6 /Users/mike/Task/kibar-cms/system/Commands/Server/rewrite.php(34): require_once('/Users/mike/Tas...')
#7 {main}
CRITICAL - 2021-09-05 10:16:45 --> Call to undefined method stdClass::getBody()
#0 /Users/mike/Task/kibar-cms/system/CodeIgniter.php(914): App\Controllers\Admin\Transaction\Transaction->periode()
#1 /Users/mike/Task/kibar-cms/system/CodeIgniter.php(400): CodeIgniter\CodeIgniter->runController(Object(App\Controllers\Admin\Transaction\Transaction))
#2 /Users/mike/Task/kibar-cms/system/CodeIgniter.php(308): CodeIgniter\CodeIgniter->handleRequest(NULL, Object(Config\Cache), false)
#3 /Users/mike/Task/kibar-cms/public/index.php(45): CodeIgniter\CodeIgniter->run()
#4 /Users/mike/Task/kibar-cms/system/Commands/Server/rewrite.php(34): require_once('/Users/mike/Tas...')
#5 {main}
CRITICAL - 2021-09-05 10:21:53 --> Call to undefined method stdClass::getBody()
#0 /Users/mike/Task/kibar-cms/system/CodeIgniter.php(914): App\Controllers\Admin\Transaction\Transaction->periode()
#1 /Users/mike/Task/kibar-cms/system/CodeIgniter.php(400): CodeIgniter\CodeIgniter->runController(Object(App\Controllers\Admin\Transaction\Transaction))
#2 /Users/mike/Task/kibar-cms/system/CodeIgniter.php(308): CodeIgniter\CodeIgniter->handleRequest(NULL, Object(Config\Cache), false)
#3 /Users/mike/Task/kibar-cms/public/index.php(45): CodeIgniter\CodeIgniter->run()
#4 /Users/mike/Task/kibar-cms/system/Commands/Server/rewrite.php(34): require_once('/Users/mike/Tas...')
#5 {main}
CRITICAL - 2021-09-05 10:21:56 --> json_decode() expects parameter 1 to be string, object given
#0 [internal function]: CodeIgniter\Debug\Exceptions->errorHandler(2, 'json_decode() e...', '/Users/mike/Tas...', 79, Array)
#1 /Users/mike/Task/kibar-cms/app/Helpers/curl_helper.php(79): json_decode(Object(CodeIgniter\HTTP\Response))
#2 /Users/mike/Task/kibar-cms/app/Helpers/product_helper.php(55): curlPortHelper('https://jalinde...', 'GET', Array, '')
#3 /Users/mike/Task/kibar-cms/app/Controllers/Admin/Dashboard/Dashboard.php(17): totalTransaksiPaid()
#4 /Users/mike/Task/kibar-cms/system/CodeIgniter.php(914): App\Controllers\Admin\Dashboard\Dashboard->index()
#5 /Users/mike/Task/kibar-cms/system/CodeIgniter.php(400): CodeIgniter\CodeIgniter->runController(Object(App\Controllers\Admin\Dashboard\Dashboard))
#6 /Users/mike/Task/kibar-cms/system/CodeIgniter.php(308): CodeIgniter\CodeIgniter->handleRequest(NULL, Object(Config\Cache), false)
#7 /Users/mike/Task/kibar-cms/public/index.php(45): CodeIgniter\CodeIgniter->run()
#8 /Users/mike/Task/kibar-cms/system/Commands/Server/rewrite.php(34): require_once('/Users/mike/Tas...')
#9 {main}
CRITICAL - 2021-09-05 10:22:31 --> Call to a member function getContents() on string
#0 /Users/mike/Task/kibar-cms/app/Helpers/product_helper.php(55): curlPortHelper('https://jalinde...', 'GET', Array, '')
#1 /Users/mike/Task/kibar-cms/app/Controllers/Admin/Dashboard/Dashboard.php(17): totalTransaksiPaid()
#2 /Users/mike/Task/kibar-cms/system/CodeIgniter.php(914): App\Controllers\Admin\Dashboard\Dashboard->index()
#3 /Users/mike/Task/kibar-cms/system/CodeIgniter.php(400): CodeIgniter\CodeIgniter->runController(Object(App\Controllers\Admin\Dashboard\Dashboard))
#4 /Users/mike/Task/kibar-cms/system/CodeIgniter.php(308): CodeIgniter\CodeIgniter->handleRequest(NULL, Object(Config\Cache), false)
#5 /Users/mike/Task/kibar-cms/public/index.php(45): CodeIgniter\CodeIgniter->run()
#6 /Users/mike/Task/kibar-cms/system/Commands/Server/rewrite.php(34): require_once('/Users/mike/Tas...')
#7 {main}
CRITICAL - 2021-09-05 10:23:15 --> {0} : {1}
#0 /Users/mike/Task/kibar-cms/system/HTTP/CURLRequest.php(821): CodeIgniter\HTTP\Exceptions\HTTPException::forCurlError('22', 'The requested U...')
#1 /Users/mike/Task/kibar-cms/system/HTTP/CURLRequest.php(449): CodeIgniter\HTTP\CURLRequest->sendRequest(Array)
#2 /Users/mike/Task/kibar-cms/system/HTTP/CURLRequest.php(158): CodeIgniter\HTTP\CURLRequest->send('get', 'https://jalinde...')
#3 /Users/mike/Task/kibar-cms/app/Controllers/Admin/Transaction/Transaction.php(45): CodeIgniter\HTTP\CURLRequest->request('get', 'https://jalinde...', Array)
#4 /Users/mike/Task/kibar-cms/system/CodeIgniter.php(914): App\Controllers\Admin\Transaction\Transaction->periode()
#5 /Users/mike/Task/kibar-cms/system/CodeIgniter.php(400): CodeIgniter\CodeIgniter->runController(Object(App\Controllers\Admin\Transaction\Transaction))
#6 /Users/mike/Task/kibar-cms/system/CodeIgniter.php(308): CodeIgniter\CodeIgniter->handleRequest(NULL, Object(Config\Cache), false)
#7 /Users/mike/Task/kibar-cms/public/index.php(45): CodeIgniter\CodeIgniter->run()
#8 /Users/mike/Task/kibar-cms/system/Commands/Server/rewrite.php(34): require_once('/Users/mike/Tas...')
#9 {main}
CRITICAL - 2021-09-05 10:23:18 --> {0} : {1}
#0 /Users/mike/Task/kibar-cms/system/HTTP/CURLRequest.php(821): CodeIgniter\HTTP\Exceptions\HTTPException::forCurlError('22', 'The requested U...')
#1 /Users/mike/Task/kibar-cms/system/HTTP/CURLRequest.php(449): CodeIgniter\HTTP\CURLRequest->sendRequest(Array)
#2 /Users/mike/Task/kibar-cms/system/HTTP/CURLRequest.php(158): CodeIgniter\HTTP\CURLRequest->send('get', 'https://jalinde...')
#3 /Users/mike/Task/kibar-cms/app/Controllers/Admin/Transaction/Transaction.php(45): CodeIgniter\HTTP\CURLRequest->request('get', 'https://jalinde...', Array)
#4 /Users/mike/Task/kibar-cms/system/CodeIgniter.php(914): App\Controllers\Admin\Transaction\Transaction->periode()
#5 /Users/mike/Task/kibar-cms/system/CodeIgniter.php(400): CodeIgniter\CodeIgniter->runController(Object(App\Controllers\Admin\Transaction\Transaction))
#6 /Users/mike/Task/kibar-cms/system/CodeIgniter.php(308): CodeIgniter\CodeIgniter->handleRequest(NULL, Object(Config\Cache), false)
#7 /Users/mike/Task/kibar-cms/public/index.php(45): CodeIgniter\CodeIgniter->run()
#8 /Users/mike/Task/kibar-cms/system/Commands/Server/rewrite.php(34): require_once('/Users/mike/Tas...')
#9 {main}
CRITICAL - 2021-09-05 10:30:36 --> Undefined property: stdClass::$results
#0 /Users/mike/Task/kibar-cms/app/Controllers/Admin/Transaction/Transaction.php(64): CodeIgniter\Debug\Exceptions->errorHandler(8, 'Undefined prope...', '/Users/mike/Tas...', 64, Array)
#1 /Users/mike/Task/kibar-cms/system/CodeIgniter.php(914): App\Controllers\Admin\Transaction\Transaction->periode()
#2 /Users/mike/Task/kibar-cms/system/CodeIgniter.php(400): CodeIgniter\CodeIgniter->runController(Object(App\Controllers\Admin\Transaction\Transaction))
#3 /Users/mike/Task/kibar-cms/system/CodeIgniter.php(308): CodeIgniter\CodeIgniter->handleRequest(NULL, Object(Config\Cache), false)
#4 /Users/mike/Task/kibar-cms/public/index.php(45): CodeIgniter\CodeIgniter->run()
#5 /Users/mike/Task/kibar-cms/system/Commands/Server/rewrite.php(34): require_once('/Users/mike/Tas...')
#6 {main}
CRITICAL - 2021-09-05 10:59:39 --> Undefined variable: total_transaction
#0 /Users/mike/Task/kibar-cms/app/Controllers/Admin/Transaction/Transaction.php(51): CodeIgniter\Debug\Exceptions->errorHandler(8, 'Undefined varia...', '/Users/mike/Tas...', 51, Array)
#1 /Users/mike/Task/kibar-cms/system/CodeIgniter.php(914): App\Controllers\Admin\Transaction\Transaction->periode()
#2 /Users/mike/Task/kibar-cms/system/CodeIgniter.php(400): CodeIgniter\CodeIgniter->runController(Object(App\Controllers\Admin\Transaction\Transaction))
#3 /Users/mike/Task/kibar-cms/system/CodeIgniter.php(308): CodeIgniter\CodeIgniter->handleRequest(NULL, Object(Config\Cache), false)
#4 /Users/mike/Task/kibar-cms/public/index.php(45): CodeIgniter\CodeIgniter->run()
#5 /Users/mike/Task/kibar-cms/system/Commands/Server/rewrite.php(34): require_once('/Users/mike/Tas...')
#6 {main}
CRITICAL - 2021-09-05 11:00:52 --> Server error: `GET https://jalindesaapi.connexist.com/ppob-servicse/report-detail?status=PAID&stDate=2019/06/01%2018:59:58&enDate=2019/11/19%2018:59:58` resulted in a `502 Bad Gateway` response:
{
    "status": "error",
    "message": "There is nothing here!"
}

#0 /Users/mike/Task/kibar-cms/vendor/guzzlehttp/guzzle/src/Middleware.php(69): GuzzleHttp\Exception\RequestException::create(Object(GuzzleHttp\Psr7\Request), Object(GuzzleHttp\Psr7\Response), NULL, Array, NULL)
#1 /Users/mike/Task/kibar-cms/vendor/guzzlehttp/promises/src/Promise.php(204): GuzzleHttp\Middleware::GuzzleHttp\{closure}(Object(GuzzleHttp\Psr7\Response))
#2 /Users/mike/Task/kibar-cms/vendor/guzzlehttp/promises/src/Promise.php(153): GuzzleHttp\Promise\Promise::callHandler(1, Object(GuzzleHttp\Psr7\Response), NULL)
#3 /Users/mike/Task/kibar-cms/vendor/guzzlehttp/promises/src/TaskQueue.php(48): GuzzleHttp\Promise\Promise::GuzzleHttp\Promise\{closure}()
#4 /Users/mike/Task/kibar-cms/vendor/guzzlehttp/promises/src/Promise.php(248): GuzzleHttp\Promise\TaskQueue->run(true)
#5 /Users/mike/Task/kibar-cms/vendor/guzzlehttp/promises/src/Promise.php(224): GuzzleHttp\Promise\Promise->invokeWaitFn()
#6 /Users/mike/Task/kibar-cms/vendor/guzzlehttp/promises/src/Promise.php(269): GuzzleHttp\Promise\Promise->waitIfPending()
#7 /Users/mike/Task/kibar-cms/vendor/guzzlehttp/promises/src/Promise.php(226): GuzzleHttp\Promise\Promise->invokeWaitList()
#8 /Users/mike/Task/kibar-cms/vendor/guzzlehttp/promises/src/Promise.php(62): GuzzleHttp\Promise\Promise->waitIfPending()
#9 /Users/mike/Task/kibar-cms/vendor/guzzlehttp/guzzle/src/Client.php(187): GuzzleHttp\Promise\Promise->wait()
#10 /Users/mike/Task/kibar-cms/vendor/guzzlehttp/guzzle/src/ClientTrait.php(44): GuzzleHttp\Client->request('GET', 'https://jalinde...', Array)
#11 /Users/mike/Task/kibar-cms/app/Controllers/Admin/Transaction/Transaction.php(48): GuzzleHttp\Client->get('https://jalinde...', Array)
#12 /Users/mike/Task/kibar-cms/system/CodeIgniter.php(914): App\Controllers\Admin\Transaction\Transaction->periode()
#13 /Users/mike/Task/kibar-cms/system/CodeIgniter.php(400): CodeIgniter\CodeIgniter->runController(Object(App\Controllers\Admin\Transaction\Transaction))
#14 /Users/mike/Task/kibar-cms/system/CodeIgniter.php(308): CodeIgniter\CodeIgniter->handleRequest(NULL, Object(Config\Cache), false)
#15 /Users/mike/Task/kibar-cms/public/index.php(45): CodeIgniter\CodeIgniter->run()
#16 /Users/mike/Task/kibar-cms/system/Commands/Server/rewrite.php(34): require_once('/Users/mike/Tas...')
#17 {main}
CRITICAL - 2021-09-05 11:09:15 --> Undefined property: GuzzleHttp\Psr7\Stream::$report
#0 /Users/mike/Task/kibar-cms/app/Controllers/Admin/Transaction/Transaction.php(50): CodeIgniter\Debug\Exceptions->errorHandler(8, 'Undefined prope...', '/Users/mike/Tas...', 50, Array)
#1 /Users/mike/Task/kibar-cms/system/CodeIgniter.php(914): App\Controllers\Admin\Transaction\Transaction->periode()
#2 /Users/mike/Task/kibar-cms/system/CodeIgniter.php(400): CodeIgniter\CodeIgniter->runController(Object(App\Controllers\Admin\Transaction\Transaction))
#3 /Users/mike/Task/kibar-cms/system/CodeIgniter.php(308): CodeIgniter\CodeIgniter->handleRequest(NULL, Object(Config\Cache), false)
#4 /Users/mike/Task/kibar-cms/public/index.php(45): CodeIgniter\CodeIgniter->run()
#5 /Users/mike/Task/kibar-cms/system/Commands/Server/rewrite.php(34): require_once('/Users/mike/Tas...')
#6 {main}
